--------------- Build Started: 11/04/2024 20:28:41 Project: Design01, Configuration: ARM GCC 5.4-2016-q2-update Debug ---------------
cydsfit.exe -.appdatapath "C:\Users\danie\AppData\Local\Cypress Semiconductor\PSoC Creator\4.4" -.fdsnotice -.fdswarpdepfile=warp_dependencies.txt -.fdselabdepfile=elab_dependencies.txt -.fdsbldfile=generated_files.txt -.fdsreffile=referenced_files.txt -p C:\Users\danie\Documents\ECE302_NavCode\ECE302_NavProject\Design01.cydsn\Design01.cyprj -d CY8C5868AXI-LP035 -s C:\Users\danie\Documents\ECE302_NavCode\ECE302_NavProject\Design01.cydsn\Generated_Source\PSoC5 -- -yv2 -q10 -ygs -o2 -v3 -.fftcfgtype=LE
Elaborating Design...
HDL Generation...
Synthesis...
Tech Mapping...
Analog Placement...
Log: apr.M0058: The analog placement iterative improvement is 36% done. (App=cydsfit)
Log: apr.M0058: The analog placement iterative improvement is 90% done. (App=cydsfit)
Analog Routing...
Analog Code Generation...
Digital Placement...
Digital Routing...
Bitstream Generation...
Bitstream Verification...
Static timing analysis...
API Generation...
Dependency Generation...
Cleanup...
The compile step is up to date, no work needs to be done.
The link step is up to date, no work needs to be done.
--------------- Build Succeeded: 11/04/2024 20:28:50 ---------------
