ARM GAS  C:\Users\danie\AppData\Local\Temp\ccR7nmH7.s 			page 1


   1              		.syntax unified
   2              		.cpu cortex-m3
   3              		.fpu softvfp
   4              		.eabi_attribute 20, 1
   5              		.eabi_attribute 21, 1
   6              		.eabi_attribute 23, 3
   7              		.eabi_attribute 24, 1
   8              		.eabi_attribute 25, 1
   9              		.eabi_attribute 26, 1
  10              		.eabi_attribute 30, 1
  11              		.eabi_attribute 34, 1
  12              		.eabi_attribute 18, 4
  13              		.thumb
  14              		.syntax unified
  15              		.file	"cymetadata.c"
  16              		.text
  17              	.Ltext0:
  18              		.cfi_sections	.debug_frame
  19              		.global	cy_metadata
  20              		.global	cy_meta_flashprotect
  21              		.global	cy_meta_wonvl
  22              		.global	cy_meta_custnvl
  23              		.global	cy_meta_configecc
  24              		.section	.cyconfigecc,"a",%progbits
  25              		.align	2
  26              		.type	cy_meta_configecc, %object
  27              		.size	cy_meta_configecc, 2552
  28              	cy_meta_configecc:
  29 0000 03       		.byte	3
  30 0001 52       		.byte	82
  31 0002 00       		.byte	0
  32 0003 40       		.byte	64
  33 0004 07       		.byte	7
  34 0005 64       		.byte	100
  35 0006 00       		.byte	0
  36 0007 40       		.byte	64
  37 0008 02       		.byte	2
  38 0009 65       		.byte	101
  39 000a 00       		.byte	0
  40 000b 40       		.byte	64
  41 000c 6F       		.byte	111
  42 000d 00       		.byte	0
  43 000e 01       		.byte	1
  44 000f 40       		.byte	64
  45 0010 38       		.byte	56
  46 0011 01       		.byte	1
  47 0012 01       		.byte	1
  48 0013 40       		.byte	64
  49 0014 52       		.byte	82
  50 0015 02       		.byte	2
  51 0016 01       		.byte	1
  52 0017 40       		.byte	64
  53 0018 49       		.byte	73
  54 0019 03       		.byte	3
  55 001a 01       		.byte	1
  56 001b 40       		.byte	64
  57 001c 5F       		.byte	95
ARM GAS  C:\Users\danie\AppData\Local\Temp\ccR7nmH7.s 			page 2


  58 001d 04       		.byte	4
  59 001e 01       		.byte	1
  60 001f 40       		.byte	64
  61 0020 49       		.byte	73
  62 0021 05       		.byte	5
  63 0022 01       		.byte	1
  64 0023 40       		.byte	64
  65 0024 59       		.byte	89
  66 0025 06       		.byte	6
  67 0026 01       		.byte	1
  68 0027 40       		.byte	64
  69 0028 48       		.byte	72
  70 0029 07       		.byte	7
  71 002a 01       		.byte	1
  72 002b 40       		.byte	64
  73 002c 01       		.byte	1
  74 002d 0B       		.byte	11
  75 002e 01       		.byte	1
  76 002f 40       		.byte	64
  77 0030 18       		.byte	24
  78 0031 0C       		.byte	12
  79 0032 01       		.byte	1
  80 0033 40       		.byte	64
  81 0034 53       		.byte	83
  82 0035 0D       		.byte	13
  83 0036 01       		.byte	1
  84 0037 40       		.byte	64
  85 0038 51       		.byte	81
  86 0039 0E       		.byte	14
  87 003a 01       		.byte	1
  88 003b 40       		.byte	64
  89 003c 40       		.byte	64
  90 003d 0F       		.byte	15
  91 003e 01       		.byte	1
  92 003f 40       		.byte	64
  93 0040 59       		.byte	89
  94 0041 14       		.byte	20
  95 0042 01       		.byte	1
  96 0043 40       		.byte	64
  97 0044 41       		.byte	65
  98 0045 15       		.byte	21
  99 0046 01       		.byte	1
 100 0047 40       		.byte	64
 101 0048 0D       		.byte	13
 102 0049 17       		.byte	23
 103 004a 01       		.byte	1
 104 004b 40       		.byte	64
 105 004c 07       		.byte	7
 106 004d 40       		.byte	64
 107 004e 01       		.byte	1
 108 004f 40       		.byte	64
 109 0050 08       		.byte	8
 110 0051 41       		.byte	65
 111 0052 01       		.byte	1
 112 0053 40       		.byte	64
 113 0054 04       		.byte	4
 114 0055 42       		.byte	66
ARM GAS  C:\Users\danie\AppData\Local\Temp\ccR7nmH7.s 			page 3


 115 0056 01       		.byte	1
 116 0057 40       		.byte	64
 117 0058 03       		.byte	3
 118 0059 43       		.byte	67
 119 005a 01       		.byte	1
 120 005b 40       		.byte	64
 121 005c 08       		.byte	8
 122 005d 44       		.byte	68
 123 005e 01       		.byte	1
 124 005f 40       		.byte	64
 125 0060 03       		.byte	3
 126 0061 45       		.byte	69
 127 0062 01       		.byte	1
 128 0063 40       		.byte	64
 129 0064 04       		.byte	4
 130 0065 48       		.byte	72
 131 0066 01       		.byte	1
 132 0067 40       		.byte	64
 133 0068 05       		.byte	5
 134 0069 49       		.byte	73
 135 006a 01       		.byte	1
 136 006b 40       		.byte	64
 137 006c 06       		.byte	6
 138 006d 50       		.byte	80
 139 006e 01       		.byte	1
 140 006f 40       		.byte	64
 141 0070 01       		.byte	1
 142 0071 51       		.byte	81
 143 0072 01       		.byte	1
 144 0073 40       		.byte	64
 145 0074 00       		.byte	0
 146 0075 02       		.byte	2
 147 0076 01       		.byte	1
 148 0077 02       		.byte	2
 149 0078 64       		.byte	100
 150 0079 10       		.byte	16
 151 007a 23       		.byte	35
 152 007b 23       		.byte	35
 153 007c 80       		.byte	-128
 154 007d 0F       		.byte	15
 155 007e 82       		.byte	-126
 156 007f 0F       		.byte	15
 157 0080 86       		.byte	-122
 158 0081 01       		.byte	1
 159 0082 87       		.byte	-121
 160 0083 0D       		.byte	13
 161 0084 8D       		.byte	-115
 162 0085 72       		.byte	114
 163 0086 8E       		.byte	-114
 164 0087 38       		.byte	56
 165 0088 84       		.byte	-124
 166 0089 0F       		.byte	15
 167 008a 85       		.byte	-123
 168 008b 0D       		.byte	13
 169 008c 04       		.byte	4
 170 008d 20       		.byte	32
 171 008e 06       		.byte	6
ARM GAS  C:\Users\danie\AppData\Local\Temp\ccR7nmH7.s 			page 4


 172 008f 18       		.byte	24
 173 0090 0C       		.byte	12
 174 0091 40       		.byte	64
 175 0092 0D       		.byte	13
 176 0093 02       		.byte	2
 177 0094 0E       		.byte	14
 178 0095 06       		.byte	6
 179 0096 0F       		.byte	15
 180 0097 11       		.byte	17
 181 0098 10       		.byte	16
 182 0099 20       		.byte	32
 183 009a 13       		.byte	19
 184 009b 08       		.byte	8
 185 009c 14       		.byte	20
 186 009d 28       		.byte	40
 187 009e 18       		.byte	24
 188 009f 18       		.byte	24
 189 00a0 1A       		.byte	26
 190 00a1 22       		.byte	34
 191 00a2 1D       		.byte	29
 192 00a3 01       		.byte	1
 193 00a4 1F       		.byte	31
 194 00a5 12       		.byte	18
 195 00a6 20       		.byte	32
 196 00a7 38       		.byte	56
 197 00a8 21       		.byte	33
 198 00a9 04       		.byte	4
 199 00aa 22       		.byte	34
 200 00ab 04       		.byte	4
 201 00ac 24       		.byte	36
 202 00ad 12       		.byte	18
 203 00ae 25       		.byte	37
 204 00af 08       		.byte	8
 205 00b0 26       		.byte	38
 206 00b1 20       		.byte	32
 207 00b2 27       		.byte	39
 208 00b3 13       		.byte	19
 209 00b4 2C       		.byte	44
 210 00b5 01       		.byte	1
 211 00b6 30       		.byte	48
 212 00b7 3E       		.byte	62
 213 00b8 31       		.byte	49
 214 00b9 18       		.byte	24
 215 00ba 33       		.byte	51
 216 00bb 04       		.byte	4
 217 00bc 34       		.byte	52
 218 00bd 01       		.byte	1
 219 00be 36       		.byte	54
 220 00bf 40       		.byte	64
 221 00c0 37       		.byte	55
 222 00c1 03       		.byte	3
 223 00c2 3B       		.byte	59
 224 00c3 02       		.byte	2
 225 00c4 3E       		.byte	62
 226 00c5 50       		.byte	80
 227 00c6 3F       		.byte	63
 228 00c7 04       		.byte	4
ARM GAS  C:\Users\danie\AppData\Local\Temp\ccR7nmH7.s 			page 5


 229 00c8 40       		.byte	64
 230 00c9 60       		.byte	96
 231 00ca 41       		.byte	65
 232 00cb 02       		.byte	2
 233 00cc 49       		.byte	73
 234 00cd FF       		.byte	-1
 235 00ce 4A       		.byte	74
 236 00cf FF       		.byte	-1
 237 00d0 4B       		.byte	75
 238 00d1 FF       		.byte	-1
 239 00d2 4D       		.byte	77
 240 00d3 A0       		.byte	-96
 241 00d4 4F       		.byte	79
 242 00d5 04       		.byte	4
 243 00d6 50       		.byte	80
 244 00d7 18       		.byte	24
 245 00d8 54       		.byte	84
 246 00d9 01       		.byte	1
 247 00da 58       		.byte	88
 248 00db 04       		.byte	4
 249 00dc 59       		.byte	89
 250 00dd 1B       		.byte	27
 251 00de 5A       		.byte	90
 252 00df 04       		.byte	4
 253 00e0 5B       		.byte	91
 254 00e1 04       		.byte	4
 255 00e2 5C       		.byte	92
 256 00e3 21       		.byte	33
 257 00e4 5D       		.byte	93
 258 00e5 10       		.byte	16
 259 00e6 5F       		.byte	95
 260 00e7 01       		.byte	1
 261 00e8 60       		.byte	96
 262 00e9 40       		.byte	64
 263 00ea 62       		.byte	98
 264 00eb C0       		.byte	-64
 265 00ec 64       		.byte	100
 266 00ed 40       		.byte	64
 267 00ee 65       		.byte	101
 268 00ef 40       		.byte	64
 269 00f0 66       		.byte	102
 270 00f1 C0       		.byte	-64
 271 00f2 68       		.byte	104
 272 00f3 C0       		.byte	-64
 273 00f4 6A       		.byte	106
 274 00f5 C0       		.byte	-64
 275 00f6 6C       		.byte	108
 276 00f7 C0       		.byte	-64
 277 00f8 6E       		.byte	110
 278 00f9 C0       		.byte	-64
 279 00fa 8A       		.byte	-118
 280 00fb 06       		.byte	6
 281 00fc 8B       		.byte	-117
 282 00fd 05       		.byte	5
 283 00fe 8C       		.byte	-116
 284 00ff 16       		.byte	22
 285 0100 8E       		.byte	-114
ARM GAS  C:\Users\danie\AppData\Local\Temp\ccR7nmH7.s 			page 6


 286 0101 21       		.byte	33
 287 0102 91       		.byte	-111
 288 0103 03       		.byte	3
 289 0104 92       		.byte	-110
 290 0105 02       		.byte	2
 291 0106 93       		.byte	-109
 292 0107 04       		.byte	4
 293 0108 94       		.byte	-108
 294 0109 38       		.byte	56
 295 010a 96       		.byte	-106
 296 010b 03       		.byte	3
 297 010c 97       		.byte	-105
 298 010d 08       		.byte	8
 299 010e 99       		.byte	-103
 300 010f 03       		.byte	3
 301 0110 9B       		.byte	-101
 302 0111 0C       		.byte	12
 303 0112 9E       		.byte	-98
 304 0113 20       		.byte	32
 305 0114 A2       		.byte	-94
 306 0115 29       		.byte	41
 307 0116 A5       		.byte	-91
 308 0117 0A       		.byte	10
 309 0118 A7       		.byte	-89
 310 0119 04       		.byte	4
 311 011a A8       		.byte	-88
 312 011b 38       		.byte	56
 313 011c A9       		.byte	-87
 314 011d 03       		.byte	3
 315 011e AA       		.byte	-86
 316 011f 05       		.byte	5
 317 0120 AB       		.byte	-85
 318 0121 04       		.byte	4
 319 0122 B2       		.byte	-78
 320 0123 07       		.byte	7
 321 0124 B3       		.byte	-77
 322 0125 0F       		.byte	15
 323 0126 B4       		.byte	-76
 324 0127 18       		.byte	24
 325 0128 B6       		.byte	-74
 326 0129 20       		.byte	32
 327 012a B8       		.byte	-72
 328 012b 20       		.byte	32
 329 012c BA       		.byte	-70
 330 012d 08       		.byte	8
 331 012e BB       		.byte	-69
 332 012f 08       		.byte	8
 333 0130 BE       		.byte	-66
 334 0131 50       		.byte	80
 335 0132 C0       		.byte	-64
 336 0133 60       		.byte	96
 337 0134 C1       		.byte	-63
 338 0135 02       		.byte	2
 339 0136 C5       		.byte	-59
 340 0137 D2       		.byte	-46
 341 0138 C7       		.byte	-57
 342 0139 10       		.byte	16
ARM GAS  C:\Users\danie\AppData\Local\Temp\ccR7nmH7.s 			page 7


 343 013a C8       		.byte	-56
 344 013b 23       		.byte	35
 345 013c C9       		.byte	-55
 346 013d FF       		.byte	-1
 347 013e CA       		.byte	-54
 348 013f FF       		.byte	-1
 349 0140 CB       		.byte	-53
 350 0141 FF       		.byte	-1
 351 0142 CD       		.byte	-51
 352 0143 AF       		.byte	-81
 353 0144 CE       		.byte	-50
 354 0145 0F       		.byte	15
 355 0146 CF       		.byte	-49
 356 0147 04       		.byte	4
 357 0148 D0       		.byte	-48
 358 0149 18       		.byte	24
 359 014a D2       		.byte	-46
 360 014b 80       		.byte	-128
 361 014c D8       		.byte	-40
 362 014d 04       		.byte	4
 363 014e D9       		.byte	-39
 364 014f 04       		.byte	4
 365 0150 DA       		.byte	-38
 366 0151 04       		.byte	4
 367 0152 DB       		.byte	-37
 368 0153 04       		.byte	4
 369 0154 DC       		.byte	-36
 370 0155 11       		.byte	17
 371 0156 DF       		.byte	-33
 372 0157 01       		.byte	1
 373 0158 E0       		.byte	-32
 374 0159 40       		.byte	64
 375 015a E2       		.byte	-30
 376 015b C0       		.byte	-64
 377 015c E4       		.byte	-28
 378 015d 40       		.byte	64
 379 015e E5       		.byte	-27
 380 015f 40       		.byte	64
 381 0160 E6       		.byte	-26
 382 0161 C0       		.byte	-64
 383 0162 E8       		.byte	-24
 384 0163 C0       		.byte	-64
 385 0164 EA       		.byte	-22
 386 0165 C0       		.byte	-64
 387 0166 EC       		.byte	-20
 388 0167 C0       		.byte	-64
 389 0168 EE       		.byte	-18
 390 0169 C0       		.byte	-64
 391 016a 00       		.byte	0
 392 016b 40       		.byte	64
 393 016c 03       		.byte	3
 394 016d 10       		.byte	16
 395 016e 07       		.byte	7
 396 016f 0A       		.byte	10
 397 0170 08       		.byte	8
 398 0171 08       		.byte	8
 399 0172 0A       		.byte	10
ARM GAS  C:\Users\danie\AppData\Local\Temp\ccR7nmH7.s 			page 8


 400 0173 40       		.byte	64
 401 0174 0B       		.byte	11
 402 0175 08       		.byte	8
 403 0176 0D       		.byte	13
 404 0177 01       		.byte	1
 405 0178 0E       		.byte	14
 406 0179 52       		.byte	82
 407 017a 10       		.byte	16
 408 017b 01       		.byte	1
 409 017c 13       		.byte	19
 410 017d 0A       		.byte	10
 411 017e 14       		.byte	20
 412 017f 80       		.byte	-128
 413 0180 17       		.byte	23
 414 0181 10       		.byte	16
 415 0182 18       		.byte	24
 416 0183 42       		.byte	66
 417 0184 19       		.byte	25
 418 0185 20       		.byte	32
 419 0186 1D       		.byte	29
 420 0187 50       		.byte	80
 421 0188 1E       		.byte	30
 422 0189 10       		.byte	16
 423 018a 1F       		.byte	31
 424 018b 04       		.byte	4
 425 018c 22       		.byte	34
 426 018d 85       		.byte	-123
 427 018e 27       		.byte	39
 428 018f 10       		.byte	16
 429 0190 28       		.byte	40
 430 0191 20       		.byte	32
 431 0192 29       		.byte	41
 432 0193 02       		.byte	2
 433 0194 2F       		.byte	47
 434 0195 14       		.byte	20
 435 0196 32       		.byte	50
 436 0197 81       		.byte	-127
 437 0198 36       		.byte	54
 438 0199 01       		.byte	1
 439 019a 37       		.byte	55
 440 019b 18       		.byte	24
 441 019c 3B       		.byte	59
 442 019d 40       		.byte	64
 443 019e 3E       		.byte	62
 444 019f 0C       		.byte	12
 445 01a0 3F       		.byte	63
 446 01a1 28       		.byte	40
 447 01a2 42       		.byte	66
 448 01a3 04       		.byte	4
 449 01a4 46       		.byte	70
 450 01a5 08       		.byte	8
 451 01a6 4A       		.byte	74
 452 01a7 04       		.byte	4
 453 01a8 4B       		.byte	75
 454 01a9 10       		.byte	16
 455 01aa 4D       		.byte	77
 456 01ab 01       		.byte	1
ARM GAS  C:\Users\danie\AppData\Local\Temp\ccR7nmH7.s 			page 9


 457 01ac 4F       		.byte	79
 458 01ad 18       		.byte	24
 459 01ae 57       		.byte	87
 460 01af 01       		.byte	1
 461 01b0 58       		.byte	88
 462 01b1 10       		.byte	16
 463 01b2 59       		.byte	89
 464 01b3 42       		.byte	66
 465 01b4 5A       		.byte	90
 466 01b5 08       		.byte	8
 467 01b6 76       		.byte	118
 468 01b7 80       		.byte	-128
 469 01b8 78       		.byte	120
 470 01b9 01       		.byte	1
 471 01ba 80       		.byte	-128
 472 01bb 0A       		.byte	10
 473 01bc 82       		.byte	-126
 474 01bd 11       		.byte	17
 475 01be 85       		.byte	-123
 476 01bf 02       		.byte	2
 477 01c0 8C       		.byte	-116
 478 01c1 01       		.byte	1
 479 01c2 C0       		.byte	-64
 480 01c3 C5       		.byte	-59
 481 01c4 C2       		.byte	-62
 482 01c5 BE       		.byte	-66
 483 01c6 C4       		.byte	-60
 484 01c7 5D       		.byte	93
 485 01c8 CA       		.byte	-54
 486 01c9 63       		.byte	99
 487 01ca CC       		.byte	-52
 488 01cb E9       		.byte	-23
 489 01cc CE       		.byte	-50
 490 01cd 28       		.byte	40
 491 01ce D0       		.byte	-48
 492 01cf 24       		.byte	36
 493 01d0 D2       		.byte	-46
 494 01d1 24       		.byte	36
 495 01d2 D6       		.byte	-42
 496 01d3 0F       		.byte	15
 497 01d4 DE       		.byte	-34
 498 01d5 01       		.byte	1
 499 01d6 E0       		.byte	-32
 500 01d7 01       		.byte	1
 501 01d8 E6       		.byte	-26
 502 01d9 0D       		.byte	13
 503 01da 00       		.byte	0
 504 01db 04       		.byte	4
 505 01dc 02       		.byte	2
 506 01dd 08       		.byte	8
 507 01de 03       		.byte	3
 508 01df 04       		.byte	4
 509 01e0 04       		.byte	4
 510 01e1 01       		.byte	1
 511 01e2 06       		.byte	6
 512 01e3 02       		.byte	2
 513 01e4 07       		.byte	7
ARM GAS  C:\Users\danie\AppData\Local\Temp\ccR7nmH7.s 			page 10


 514 01e5 02       		.byte	2
 515 01e6 08       		.byte	8
 516 01e7 06       		.byte	6
 517 01e8 0A       		.byte	10
 518 01e9 19       		.byte	25
 519 01ea 14       		.byte	20
 520 01eb 09       		.byte	9
 521 01ec 16       		.byte	22
 522 01ed 06       		.byte	6
 523 01ee 17       		.byte	23
 524 01ef 06       		.byte	6
 525 01f0 28       		.byte	40
 526 01f1 10       		.byte	16
 527 01f2 2A       		.byte	42
 528 01f3 06       		.byte	6
 529 01f4 2E       		.byte	46
 530 01f5 1F       		.byte	31
 531 01f6 2F       		.byte	47
 532 01f7 01       		.byte	1
 533 01f8 33       		.byte	51
 534 01f9 01       		.byte	1
 535 01fa 34       		.byte	52
 536 01fb 1F       		.byte	31
 537 01fc 35       		.byte	53
 538 01fd 02       		.byte	2
 539 01fe 37       		.byte	55
 540 01ff 04       		.byte	4
 541 0200 3F       		.byte	63
 542 0201 10       		.byte	16
 543 0202 54       		.byte	84
 544 0203 03       		.byte	3
 545 0204 56       		.byte	86
 546 0205 04       		.byte	4
 547 0206 58       		.byte	88
 548 0207 04       		.byte	4
 549 0208 59       		.byte	89
 550 0209 04       		.byte	4
 551 020a 5B       		.byte	91
 552 020b 04       		.byte	4
 553 020c 5C       		.byte	92
 554 020d 02       		.byte	2
 555 020e 5D       		.byte	93
 556 020f 20       		.byte	32
 557 0210 5E       		.byte	94
 558 0211 80       		.byte	-128
 559 0212 5F       		.byte	95
 560 0213 05       		.byte	5
 561 0214 82       		.byte	-126
 562 0215 01       		.byte	1
 563 0216 86       		.byte	-122
 564 0217 01       		.byte	1
 565 0218 88       		.byte	-120
 566 0219 02       		.byte	2
 567 021a 8B       		.byte	-117
 568 021b 0C       		.byte	12
 569 021c 8C       		.byte	-116
 570 021d 01       		.byte	1
ARM GAS  C:\Users\danie\AppData\Local\Temp\ccR7nmH7.s 			page 11


 571 021e 8F       		.byte	-113
 572 021f 14       		.byte	20
 573 0220 90       		.byte	-112
 574 0221 01       		.byte	1
 575 0222 93       		.byte	-109
 576 0223 14       		.byte	20
 577 0224 94       		.byte	-108
 578 0225 04       		.byte	4
 579 0226 95       		.byte	-107
 580 0227 01       		.byte	1
 581 0228 9A       		.byte	-102
 582 0229 09       		.byte	9
 583 022a 9B       		.byte	-101
 584 022b 02       		.byte	2
 585 022c 9E       		.byte	-98
 586 022d 01       		.byte	1
 587 022e 9F       		.byte	-97
 588 022f 14       		.byte	20
 589 0230 A0       		.byte	-96
 590 0231 01       		.byte	1
 591 0232 A4       		.byte	-92
 592 0233 01       		.byte	1
 593 0234 A5       		.byte	-91
 594 0235 0A       		.byte	10
 595 0236 A7       		.byte	-89
 596 0237 14       		.byte	20
 597 0238 A8       		.byte	-88
 598 0239 01       		.byte	1
 599 023a AC       		.byte	-84
 600 023b 08       		.byte	8
 601 023c AE       		.byte	-82
 602 023d 04       		.byte	4
 603 023e B0       		.byte	-80
 604 023f 03       		.byte	3
 605 0240 B1       		.byte	-79
 606 0241 01       		.byte	1
 607 0242 B2       		.byte	-78
 608 0243 01       		.byte	1
 609 0244 B3       		.byte	-77
 610 0245 18       		.byte	24
 611 0246 B4       		.byte	-76
 612 0247 0C       		.byte	12
 613 0248 B5       		.byte	-75
 614 0249 06       		.byte	6
 615 024a B8       		.byte	-72
 616 024b 02       		.byte	2
 617 024c BB       		.byte	-69
 618 024d 28       		.byte	40
 619 024e BE       		.byte	-66
 620 024f 01       		.byte	1
 621 0250 BF       		.byte	-65
 622 0251 01       		.byte	1
 623 0252 C0       		.byte	-64
 624 0253 52       		.byte	82
 625 0254 C7       		.byte	-57
 626 0255 20       		.byte	32
 627 0256 C8       		.byte	-56
ARM GAS  C:\Users\danie\AppData\Local\Temp\ccR7nmH7.s 			page 12


 628 0257 20       		.byte	32
 629 0258 C9       		.byte	-55
 630 0259 FF       		.byte	-1
 631 025a CA       		.byte	-54
 632 025b FF       		.byte	-1
 633 025c CB       		.byte	-53
 634 025d FF       		.byte	-1
 635 025e D8       		.byte	-40
 636 025f 04       		.byte	4
 637 0260 D9       		.byte	-39
 638 0261 1B       		.byte	27
 639 0262 DA       		.byte	-38
 640 0263 04       		.byte	4
 641 0264 DC       		.byte	-36
 642 0265 22       		.byte	34
 643 0266 DD       		.byte	-35
 644 0267 02       		.byte	2
 645 0268 DF       		.byte	-33
 646 0269 01       		.byte	1
 647 026a E0       		.byte	-32
 648 026b 80       		.byte	-128
 649 026c E2       		.byte	-30
 650 026d 40       		.byte	64
 651 026e E3       		.byte	-29
 652 026f 40       		.byte	64
 653 0270 E4       		.byte	-28
 654 0271 40       		.byte	64
 655 0272 E5       		.byte	-27
 656 0273 40       		.byte	64
 657 0274 E6       		.byte	-26
 658 0275 80       		.byte	-128
 659 0276 E8       		.byte	-24
 660 0277 80       		.byte	-128
 661 0278 EA       		.byte	-22
 662 0279 80       		.byte	-128
 663 027a EC       		.byte	-20
 664 027b 80       		.byte	-128
 665 027c EE       		.byte	-18
 666 027d 80       		.byte	-128
 667 027e 00       		.byte	0
 668 027f 86       		.byte	-122
 669 0280 03       		.byte	3
 670 0281 08       		.byte	8
 671 0282 04       		.byte	4
 672 0283 0A       		.byte	10
 673 0284 05       		.byte	5
 674 0285 10       		.byte	16
 675 0286 08       		.byte	8
 676 0287 04       		.byte	4
 677 0288 09       		.byte	9
 678 0289 40       		.byte	64
 679 028a 0A       		.byte	10
 680 028b 46       		.byte	70
 681 028c 0B       		.byte	11
 682 028d 40       		.byte	64
 683 028e 0E       		.byte	14
 684 028f 10       		.byte	16
ARM GAS  C:\Users\danie\AppData\Local\Temp\ccR7nmH7.s 			page 13


 685 0290 10       		.byte	16
 686 0291 02       		.byte	2
 687 0292 12       		.byte	18
 688 0293 A8       		.byte	-88
 689 0294 14       		.byte	20
 690 0295 01       		.byte	1
 691 0296 17       		.byte	23
 692 0297 10       		.byte	16
 693 0298 19       		.byte	25
 694 0299 02       		.byte	2
 695 029a 1A       		.byte	26
 696 029b 04       		.byte	4
 697 029c 1B       		.byte	27
 698 029d 08       		.byte	8
 699 029e 1D       		.byte	29
 700 029f 10       		.byte	16
 701 02a0 22       		.byte	34
 702 02a1 2A       		.byte	42
 703 02a2 23       		.byte	35
 704 02a3 30       		.byte	48
 705 02a4 26       		.byte	38
 706 02a5 04       		.byte	4
 707 02a6 27       		.byte	39
 708 02a7 0A       		.byte	10
 709 02a8 28       		.byte	40
 710 02a9 20       		.byte	32
 711 02aa 2E       		.byte	46
 712 02ab 80       		.byte	-128
 713 02ac 30       		.byte	48
 714 02ad 0C       		.byte	12
 715 02ae 32       		.byte	50
 716 02af A1       		.byte	-95
 717 02b0 36       		.byte	54
 718 02b1 04       		.byte	4
 719 02b2 3B       		.byte	59
 720 02b3 50       		.byte	80
 721 02b4 3F       		.byte	63
 722 02b5 0A       		.byte	10
 723 02b6 42       		.byte	66
 724 02b7 04       		.byte	4
 725 02b8 4A       		.byte	74
 726 02b9 02       		.byte	2
 727 02ba 50       		.byte	80
 728 02bb 02       		.byte	2
 729 02bc 5C       		.byte	92
 730 02bd 80       		.byte	-128
 731 02be 5E       		.byte	94
 732 02bf 20       		.byte	32
 733 02c0 5F       		.byte	95
 734 02c1 05       		.byte	5
 735 02c2 65       		.byte	101
 736 02c3 01       		.byte	1
 737 02c4 78       		.byte	120
 738 02c5 01       		.byte	1
 739 02c6 7B       		.byte	123
 740 02c7 80       		.byte	-128
 741 02c8 7F       		.byte	127
ARM GAS  C:\Users\danie\AppData\Local\Temp\ccR7nmH7.s 			page 14


 742 02c9 80       		.byte	-128
 743 02ca 83       		.byte	-125
 744 02cb 02       		.byte	2
 745 02cc 85       		.byte	-123
 746 02cd 01       		.byte	1
 747 02ce 8D       		.byte	-115
 748 02cf 01       		.byte	1
 749 02d0 91       		.byte	-111
 750 02d1 01       		.byte	1
 751 02d2 92       		.byte	-110
 752 02d3 02       		.byte	2
 753 02d4 95       		.byte	-107
 754 02d5 02       		.byte	2
 755 02d6 97       		.byte	-105
 756 02d7 40       		.byte	64
 757 02d8 99       		.byte	-103
 758 02d9 20       		.byte	32
 759 02da 9A       		.byte	-102
 760 02db 80       		.byte	-128
 761 02dc 9C       		.byte	-100
 762 02dd 21       		.byte	33
 763 02de A0       		.byte	-96
 764 02df 08       		.byte	8
 765 02e0 A2       		.byte	-94
 766 02e1 80       		.byte	-128
 767 02e2 A3       		.byte	-93
 768 02e3 05       		.byte	5
 769 02e4 A6       		.byte	-90
 770 02e5 04       		.byte	4
 771 02e6 A8       		.byte	-88
 772 02e7 80       		.byte	-128
 773 02e8 AB       		.byte	-85
 774 02e9 10       		.byte	16
 775 02ea AC       		.byte	-84
 776 02eb 08       		.byte	8
 777 02ec AF       		.byte	-81
 778 02ed 1A       		.byte	26
 779 02ee B0       		.byte	-80
 780 02ef 12       		.byte	18
 781 02f0 B5       		.byte	-75
 782 02f1 10       		.byte	16
 783 02f2 B7       		.byte	-73
 784 02f3 10       		.byte	16
 785 02f4 C0       		.byte	-64
 786 02f5 7F       		.byte	127
 787 02f6 C2       		.byte	-62
 788 02f7 2F       		.byte	47
 789 02f8 C4       		.byte	-60
 790 02f9 CF       		.byte	-49
 791 02fa CA       		.byte	-54
 792 02fb 12       		.byte	18
 793 02fc CC       		.byte	-52
 794 02fd 4F       		.byte	79
 795 02fe CE       		.byte	-50
 796 02ff CC       		.byte	-52
 797 0300 D0       		.byte	-48
 798 0301 04       		.byte	4
ARM GAS  C:\Users\danie\AppData\Local\Temp\ccR7nmH7.s 			page 15


 799 0302 D2       		.byte	-46
 800 0303 08       		.byte	8
 801 0304 D6       		.byte	-42
 802 0305 F0       		.byte	-16
 803 0306 D8       		.byte	-40
 804 0307 80       		.byte	-128
 805 0308 DE       		.byte	-34
 806 0309 81       		.byte	-127
 807 030a E6       		.byte	-26
 808 030b 42       		.byte	66
 809 030c EA       		.byte	-22
 810 030d 0A       		.byte	10
 811 030e EE       		.byte	-18
 812 030f 03       		.byte	3
 813 0310 02       		.byte	2
 814 0311 04       		.byte	4
 815 0312 03       		.byte	3
 816 0313 14       		.byte	20
 817 0314 06       		.byte	6
 818 0315 02       		.byte	2
 819 0316 07       		.byte	7
 820 0317 04       		.byte	4
 821 0318 0B       		.byte	11
 822 0319 14       		.byte	20
 823 031a 0F       		.byte	15
 824 031b 01       		.byte	1
 825 031c 10       		.byte	16
 826 031d 01       		.byte	1
 827 031e 12       		.byte	18
 828 031f 04       		.byte	4
 829 0320 13       		.byte	19
 830 0321 02       		.byte	2
 831 0322 17       		.byte	23
 832 0323 0C       		.byte	12
 833 0324 18       		.byte	24
 834 0325 02       		.byte	2
 835 0326 1A       		.byte	26
 836 0327 05       		.byte	5
 837 0328 1B       		.byte	27
 838 0329 14       		.byte	20
 839 032a 1F       		.byte	31
 840 032b 14       		.byte	20
 841 032c 22       		.byte	34
 842 032d 04       		.byte	4
 843 032e 23       		.byte	35
 844 032f 14       		.byte	20
 845 0330 25       		.byte	37
 846 0331 0A       		.byte	10
 847 0332 26       		.byte	38
 848 0333 04       		.byte	4
 849 0334 27       		.byte	39
 850 0335 14       		.byte	20
 851 0336 2A       		.byte	42
 852 0337 04       		.byte	4
 853 0338 2B       		.byte	43
 854 0339 01       		.byte	1
 855 033a 2D       		.byte	45
ARM GAS  C:\Users\danie\AppData\Local\Temp\ccR7nmH7.s 			page 16


 856 033b 01       		.byte	1
 857 033c 2E       		.byte	46
 858 033d 04       		.byte	4
 859 033e 30       		.byte	48
 860 033f 01       		.byte	1
 861 0340 31       		.byte	49
 862 0341 06       		.byte	6
 863 0342 34       		.byte	52
 864 0343 06       		.byte	6
 865 0344 35       		.byte	53
 866 0345 01       		.byte	1
 867 0346 37       		.byte	55
 868 0347 18       		.byte	24
 869 0348 3A       		.byte	58
 870 0349 20       		.byte	32
 871 034a 3B       		.byte	59
 872 034b 82       		.byte	-126
 873 034c 3F       		.byte	63
 874 034d 10       		.byte	16
 875 034e 40       		.byte	64
 876 034f 53       		.byte	83
 877 0350 41       		.byte	65
 878 0351 06       		.byte	6
 879 0352 42       		.byte	66
 880 0353 02       		.byte	2
 881 0354 49       		.byte	73
 882 0355 FF       		.byte	-1
 883 0356 4A       		.byte	74
 884 0357 FF       		.byte	-1
 885 0358 4B       		.byte	75
 886 0359 FF       		.byte	-1
 887 035a 4F       		.byte	79
 888 035b 01       		.byte	1
 889 035c 50       		.byte	80
 890 035d 18       		.byte	24
 891 035e 58       		.byte	88
 892 035f 1B       		.byte	27
 893 0360 59       		.byte	89
 894 0361 1B       		.byte	27
 895 0362 5A       		.byte	90
 896 0363 04       		.byte	4
 897 0364 5C       		.byte	92
 898 0365 22       		.byte	34
 899 0366 5D       		.byte	93
 900 0367 02       		.byte	2
 901 0368 5F       		.byte	95
 902 0369 01       		.byte	1
 903 036a 60       		.byte	96
 904 036b 40       		.byte	64
 905 036c 62       		.byte	98
 906 036d 40       		.byte	64
 907 036e 64       		.byte	100
 908 036f 40       		.byte	64
 909 0370 65       		.byte	101
 910 0371 40       		.byte	64
 911 0372 66       		.byte	102
 912 0373 80       		.byte	-128
ARM GAS  C:\Users\danie\AppData\Local\Temp\ccR7nmH7.s 			page 17


 913 0374 68       		.byte	104
 914 0375 80       		.byte	-128
 915 0376 6A       		.byte	106
 916 0377 80       		.byte	-128
 917 0378 6C       		.byte	108
 918 0379 80       		.byte	-128
 919 037a 6E       		.byte	110
 920 037b 80       		.byte	-128
 921 037c 82       		.byte	-126
 922 037d 04       		.byte	4
 923 037e 84       		.byte	-124
 924 037f 08       		.byte	8
 925 0380 86       		.byte	-122
 926 0381 07       		.byte	7
 927 0382 88       		.byte	-120
 928 0383 02       		.byte	2
 929 0384 8A       		.byte	-118
 930 0385 01       		.byte	1
 931 0386 94       		.byte	-108
 932 0387 07       		.byte	7
 933 0388 96       		.byte	-106
 934 0389 08       		.byte	8
 935 038a A8       		.byte	-88
 936 038b 01       		.byte	1
 937 038c AA       		.byte	-86
 938 038d 02       		.byte	2
 939 038e AE       		.byte	-82
 940 038f 0F       		.byte	15
 941 0390 B2       		.byte	-78
 942 0391 0F       		.byte	15
 943 0392 C0       		.byte	-64
 944 0393 53       		.byte	83
 945 0394 C1       		.byte	-63
 946 0395 06       		.byte	6
 947 0396 C2       		.byte	-62
 948 0397 02       		.byte	2
 949 0398 C5       		.byte	-59
 950 0399 EC       		.byte	-20
 951 039a C7       		.byte	-57
 952 039b 02       		.byte	2
 953 039c C8       		.byte	-56
 954 039d 13       		.byte	19
 955 039e C9       		.byte	-55
 956 039f FF       		.byte	-1
 957 03a0 CA       		.byte	-54
 958 03a1 FF       		.byte	-1
 959 03a2 CB       		.byte	-53
 960 03a3 FF       		.byte	-1
 961 03a4 CD       		.byte	-51
 962 03a5 83       		.byte	-125
 963 03a6 CE       		.byte	-50
 964 03a7 03       		.byte	3
 965 03a8 CF       		.byte	-49
 966 03a9 01       		.byte	1
 967 03aa D0       		.byte	-48
 968 03ab 18       		.byte	24
 969 03ac D2       		.byte	-46
ARM GAS  C:\Users\danie\AppData\Local\Temp\ccR7nmH7.s 			page 18


 970 03ad 83       		.byte	-125
 971 03ae D6       		.byte	-42
 972 03af 08       		.byte	8
 973 03b0 D8       		.byte	-40
 974 03b1 04       		.byte	4
 975 03b2 DA       		.byte	-38
 976 03b3 04       		.byte	4
 977 03b4 DB       		.byte	-37
 978 03b5 04       		.byte	4
 979 03b6 DC       		.byte	-36
 980 03b7 02       		.byte	2
 981 03b8 DD       		.byte	-35
 982 03b9 22       		.byte	34
 983 03ba DF       		.byte	-33
 984 03bb 01       		.byte	1
 985 03bc E0       		.byte	-32
 986 03bd 40       		.byte	64
 987 03be E2       		.byte	-30
 988 03bf 40       		.byte	64
 989 03c0 E4       		.byte	-28
 990 03c1 40       		.byte	64
 991 03c2 E5       		.byte	-27
 992 03c3 40       		.byte	64
 993 03c4 E6       		.byte	-26
 994 03c5 80       		.byte	-128
 995 03c6 E8       		.byte	-24
 996 03c7 80       		.byte	-128
 997 03c8 EA       		.byte	-22
 998 03c9 80       		.byte	-128
 999 03ca EC       		.byte	-20
 1000 03cb 80       		.byte	-128
 1001 03cc EE       		.byte	-18
 1002 03cd 80       		.byte	-128
 1003 03ce 00       		.byte	0
 1004 03cf 06       		.byte	6
 1005 03d0 04       		.byte	4
 1006 03d1 02       		.byte	2
 1007 03d2 05       		.byte	5
 1008 03d3 10       		.byte	16
 1009 03d4 07       		.byte	7
 1010 03d5 10       		.byte	16
 1011 03d6 08       		.byte	8
 1012 03d7 20       		.byte	32
 1013 03d8 0A       		.byte	10
 1014 03d9 40       		.byte	64
 1015 03da 0E       		.byte	14
 1016 03db 10       		.byte	16
 1017 03dc 11       		.byte	17
 1018 03dd 80       		.byte	-128
 1019 03de 12       		.byte	18
 1020 03df A1       		.byte	-95
 1021 03e0 13       		.byte	19
 1022 03e1 30       		.byte	48
 1023 03e2 14       		.byte	20
 1024 03e3 01       		.byte	1
 1025 03e4 15       		.byte	21
 1026 03e5 10       		.byte	16
ARM GAS  C:\Users\danie\AppData\Local\Temp\ccR7nmH7.s 			page 19


 1027 03e6 18       		.byte	24
 1028 03e7 04       		.byte	4
 1029 03e8 1A       		.byte	26
 1030 03e9 40       		.byte	64
 1031 03ea 1D       		.byte	29
 1032 03eb 04       		.byte	4
 1033 03ec 1E       		.byte	30
 1034 03ed 10       		.byte	16
 1035 03ee 20       		.byte	32
 1036 03ef 82       		.byte	-126
 1037 03f0 21       		.byte	33
 1038 03f1 60       		.byte	96
 1039 03f2 22       		.byte	34
 1040 03f3 01       		.byte	1
 1041 03f4 28       		.byte	40
 1042 03f5 22       		.byte	34
 1043 03f6 2A       		.byte	42
 1044 03f7 01       		.byte	1
 1045 03f8 2B       		.byte	43
 1046 03f9 04       		.byte	4
 1047 03fa 2E       		.byte	46
 1048 03fb 40       		.byte	64
 1049 03fc 2F       		.byte	47
 1050 03fd 01       		.byte	1
 1051 03fe 31       		.byte	49
 1052 03ff 08       		.byte	8
 1053 0400 32       		.byte	50
 1054 0401 A1       		.byte	-95
 1055 0402 38       		.byte	56
 1056 0403 04       		.byte	4
 1057 0404 3B       		.byte	59
 1058 0405 52       		.byte	82
 1059 0406 43       		.byte	67
 1060 0407 18       		.byte	24
 1061 0408 45       		.byte	69
 1062 0409 04       		.byte	4
 1063 040a 47       		.byte	71
 1064 040b 10       		.byte	16
 1065 040c 48       		.byte	72
 1066 040d 02       		.byte	2
 1067 040e 49       		.byte	73
 1068 040f 20       		.byte	32
 1069 0410 4B       		.byte	75
 1070 0411 80       		.byte	-128
 1071 0412 4C       		.byte	76
 1072 0413 02       		.byte	2
 1073 0414 4D       		.byte	77
 1074 0415 20       		.byte	32
 1075 0416 4F       		.byte	79
 1076 0417 05       		.byte	5
 1077 0418 55       		.byte	85
 1078 0419 04       		.byte	4
 1079 041a 57       		.byte	87
 1080 041b 08       		.byte	8
 1081 041c 5C       		.byte	92
 1082 041d 40       		.byte	64
 1083 041e 64       		.byte	100
ARM GAS  C:\Users\danie\AppData\Local\Temp\ccR7nmH7.s 			page 20


 1084 041f 01       		.byte	1
 1085 0420 6C       		.byte	108
 1086 0421 05       		.byte	5
 1087 0422 6D       		.byte	109
 1088 0423 10       		.byte	16
 1089 0424 6F       		.byte	111
 1090 0425 04       		.byte	4
 1091 0426 74       		.byte	116
 1092 0427 02       		.byte	2
 1093 0428 78       		.byte	120
 1094 0429 01       		.byte	1
 1095 042a 81       		.byte	-127
 1096 042b 48       		.byte	72
 1097 042c 8C       		.byte	-116
 1098 042d 20       		.byte	32
 1099 042e 91       		.byte	-111
 1100 042f 01       		.byte	1
 1101 0430 94       		.byte	-108
 1102 0431 0E       		.byte	14
 1103 0432 96       		.byte	-106
 1104 0433 50       		.byte	80
 1105 0434 97       		.byte	-105
 1106 0435 05       		.byte	5
 1107 0436 99       		.byte	-103
 1108 0437 32       		.byte	50
 1109 0438 9B       		.byte	-101
 1110 0439 28       		.byte	40
 1111 043a 9C       		.byte	-100
 1112 043b A1       		.byte	-95
 1113 043c 9F       		.byte	-97
 1114 043d 10       		.byte	16
 1115 043e A1       		.byte	-95
 1116 043f 40       		.byte	64
 1117 0440 A2       		.byte	-94
 1118 0441 A0       		.byte	-96
 1119 0442 A3       		.byte	-93
 1120 0443 01       		.byte	1
 1121 0444 A4       		.byte	-92
 1122 0445 41       		.byte	65
 1123 0446 A6       		.byte	-90
 1124 0447 10       		.byte	16
 1125 0448 C0       		.byte	-64
 1126 0449 7C       		.byte	124
 1127 044a C2       		.byte	-62
 1128 044b 2A       		.byte	42
 1129 044c C4       		.byte	-60
 1130 044d CF       		.byte	-49
 1131 044e CA       		.byte	-54
 1132 044f 0F       		.byte	15
 1133 0450 CC       		.byte	-52
 1134 0451 0F       		.byte	15
 1135 0452 CE       		.byte	-50
 1136 0453 0F       		.byte	15
 1137 0454 D0       		.byte	-48
 1138 0455 66       		.byte	102
 1139 0456 D2       		.byte	-46
 1140 0457 3C       		.byte	60
ARM GAS  C:\Users\danie\AppData\Local\Temp\ccR7nmH7.s 			page 21


 1141 0458 D6       		.byte	-42
 1142 0459 10       		.byte	16
 1143 045a D8       		.byte	-40
 1144 045b 10       		.byte	16
 1145 045c DE       		.byte	-34
 1146 045d 01       		.byte	1
 1147 045e E0       		.byte	-32
 1148 045f 40       		.byte	64
 1149 0460 00       		.byte	0
 1150 0461 05       		.byte	5
 1151 0462 02       		.byte	2
 1152 0463 0A       		.byte	10
 1153 0464 04       		.byte	4
 1154 0465 05       		.byte	5
 1155 0466 05       		.byte	5
 1156 0467 03       		.byte	3
 1157 0468 06       		.byte	6
 1158 0469 0A       		.byte	10
 1159 046a 08       		.byte	8
 1160 046b 03       		.byte	3
 1161 046c 09       		.byte	9
 1162 046d 03       		.byte	3
 1163 046e 0A       		.byte	10
 1164 046f 0C       		.byte	12
 1165 0470 0D       		.byte	13
 1166 0471 03       		.byte	3
 1167 0472 13       		.byte	19
 1168 0473 03       		.byte	3
 1169 0474 15       		.byte	21
 1170 0475 01       		.byte	1
 1171 0476 19       		.byte	25
 1172 0477 03       		.byte	3
 1173 0478 1D       		.byte	29
 1174 0479 03       		.byte	3
 1175 047a 23       		.byte	35
 1176 047b 04       		.byte	4
 1177 047c 24       		.byte	36
 1178 047d 03       		.byte	3
 1179 047e 25       		.byte	37
 1180 047f 03       		.byte	3
 1181 0480 26       		.byte	38
 1182 0481 0C       		.byte	12
 1183 0482 2A       		.byte	42
 1184 0483 0F       		.byte	15
 1185 0484 2B       		.byte	43
 1186 0485 04       		.byte	4
 1187 0486 2E       		.byte	46
 1188 0487 0F       		.byte	15
 1189 0488 2F       		.byte	47
 1190 0489 03       		.byte	3
 1191 048a 32       		.byte	50
 1192 048b 0F       		.byte	15
 1193 048c 33       		.byte	51
 1194 048d 01       		.byte	1
 1195 048e 35       		.byte	53
 1196 048f 02       		.byte	2
 1197 0490 37       		.byte	55
ARM GAS  C:\Users\danie\AppData\Local\Temp\ccR7nmH7.s 			page 22


 1198 0491 04       		.byte	4
 1199 0492 3F       		.byte	63
 1200 0493 40       		.byte	64
 1201 0494 40       		.byte	64
 1202 0495 20       		.byte	32
 1203 0496 41       		.byte	65
 1204 0497 06       		.byte	6
 1205 0498 49       		.byte	73
 1206 0499 FF       		.byte	-1
 1207 049a 4A       		.byte	74
 1208 049b FF       		.byte	-1
 1209 049c 4B       		.byte	75
 1210 049d FF       		.byte	-1
 1211 049e 4D       		.byte	77
 1212 049f A0       		.byte	-96
 1213 04a0 4F       		.byte	79
 1214 04a1 04       		.byte	4
 1215 04a2 50       		.byte	80
 1216 04a3 18       		.byte	24
 1217 04a4 56       		.byte	86
 1218 04a5 02       		.byte	2
 1219 04a6 57       		.byte	87
 1220 04a7 3E       		.byte	62
 1221 04a8 58       		.byte	88
 1222 04a9 04       		.byte	4
 1223 04aa 59       		.byte	89
 1224 04ab 04       		.byte	4
 1225 04ac 5A       		.byte	90
 1226 04ad 04       		.byte	4
 1227 04ae 5B       		.byte	91
 1228 04af 04       		.byte	4
 1229 04b0 5C       		.byte	92
 1230 04b1 22       		.byte	34
 1231 04b2 5D       		.byte	93
 1232 04b3 20       		.byte	32
 1233 04b4 5E       		.byte	94
 1234 04b5 88       		.byte	-120
 1235 04b6 5F       		.byte	95
 1236 04b7 01       		.byte	1
 1237 04b8 60       		.byte	96
 1238 04b9 40       		.byte	64
 1239 04ba 62       		.byte	98
 1240 04bb C0       		.byte	-64
 1241 04bc 64       		.byte	100
 1242 04bd 40       		.byte	64
 1243 04be 65       		.byte	101
 1244 04bf 40       		.byte	64
 1245 04c0 66       		.byte	102
 1246 04c1 C0       		.byte	-64
 1247 04c2 68       		.byte	104
 1248 04c3 C0       		.byte	-64
 1249 04c4 6A       		.byte	106
 1250 04c5 C0       		.byte	-64
 1251 04c6 6C       		.byte	108
 1252 04c7 C0       		.byte	-64
 1253 04c8 6E       		.byte	110
 1254 04c9 C0       		.byte	-64
ARM GAS  C:\Users\danie\AppData\Local\Temp\ccR7nmH7.s 			page 23


 1255 04ca 84       		.byte	-124
 1256 04cb 02       		.byte	2
 1257 04cc 87       		.byte	-121
 1258 04cd 01       		.byte	1
 1259 04ce 92       		.byte	-110
 1260 04cf 01       		.byte	1
 1261 04d0 97       		.byte	-105
 1262 04d1 01       		.byte	1
 1263 04d2 A6       		.byte	-90
 1264 04d3 02       		.byte	2
 1265 04d4 B2       		.byte	-78
 1266 04d5 01       		.byte	1
 1267 04d6 B3       		.byte	-77
 1268 04d7 01       		.byte	1
 1269 04d8 B6       		.byte	-74
 1270 04d9 02       		.byte	2
 1271 04da BF       		.byte	-65
 1272 04db 04       		.byte	4
 1273 04dc C0       		.byte	-64
 1274 04dd 30       		.byte	48
 1275 04de C1       		.byte	-63
 1276 04df 06       		.byte	6
 1277 04e0 C5       		.byte	-59
 1278 04e1 D1       		.byte	-47
 1279 04e2 C7       		.byte	-57
 1280 04e3 02       		.byte	2
 1281 04e4 C8       		.byte	-56
 1282 04e5 13       		.byte	19
 1283 04e6 C9       		.byte	-55
 1284 04e7 FF       		.byte	-1
 1285 04e8 CA       		.byte	-54
 1286 04e9 FF       		.byte	-1
 1287 04ea CB       		.byte	-53
 1288 04eb FF       		.byte	-1
 1289 04ec CD       		.byte	-51
 1290 04ed AF       		.byte	-81
 1291 04ee CE       		.byte	-50
 1292 04ef 0F       		.byte	15
 1293 04f0 CF       		.byte	-49
 1294 04f1 04       		.byte	4
 1295 04f2 D0       		.byte	-48
 1296 04f3 18       		.byte	24
 1297 04f4 D4       		.byte	-44
 1298 04f5 05       		.byte	5
 1299 04f6 D8       		.byte	-40
 1300 04f7 04       		.byte	4
 1301 04f8 D9       		.byte	-39
 1302 04f9 04       		.byte	4
 1303 04fa DA       		.byte	-38
 1304 04fb 04       		.byte	4
 1305 04fc DB       		.byte	-37
 1306 04fd 04       		.byte	4
 1307 04fe DF       		.byte	-33
 1308 04ff 01       		.byte	1
 1309 0500 E0       		.byte	-32
 1310 0501 40       		.byte	64
 1311 0502 E2       		.byte	-30
ARM GAS  C:\Users\danie\AppData\Local\Temp\ccR7nmH7.s 			page 24


 1312 0503 C0       		.byte	-64
 1313 0504 E4       		.byte	-28
 1314 0505 40       		.byte	64
 1315 0506 E5       		.byte	-27
 1316 0507 40       		.byte	64
 1317 0508 E6       		.byte	-26
 1318 0509 C0       		.byte	-64
 1319 050a E8       		.byte	-24
 1320 050b C0       		.byte	-64
 1321 050c EA       		.byte	-22
 1322 050d C0       		.byte	-64
 1323 050e EC       		.byte	-20
 1324 050f C0       		.byte	-64
 1325 0510 EE       		.byte	-18
 1326 0511 C0       		.byte	-64
 1327 0512 03       		.byte	3
 1328 0513 20       		.byte	32
 1329 0514 04       		.byte	4
 1330 0515 02       		.byte	2
 1331 0516 05       		.byte	5
 1332 0517 14       		.byte	20
 1333 0518 08       		.byte	8
 1334 0519 82       		.byte	-126
 1335 051a 09       		.byte	9
 1336 051b 40       		.byte	64
 1337 051c 10       		.byte	16
 1338 051d 20       		.byte	32
 1339 051e 14       		.byte	20
 1340 051f 01       		.byte	1
 1341 0520 15       		.byte	21
 1342 0521 40       		.byte	64
 1343 0522 17       		.byte	23
 1344 0523 14       		.byte	20
 1345 0524 19       		.byte	25
 1346 0525 40       		.byte	64
 1347 0526 1B       		.byte	27
 1348 0527 04       		.byte	4
 1349 0528 1E       		.byte	30
 1350 0529 20       		.byte	32
 1351 052a 22       		.byte	34
 1352 052b 04       		.byte	4
 1353 052c 24       		.byte	36
 1354 052d 04       		.byte	4
 1355 052e 25       		.byte	37
 1356 052f 40       		.byte	64
 1357 0530 27       		.byte	39
 1358 0531 10       		.byte	16
 1359 0532 2C       		.byte	44
 1360 0533 01       		.byte	1
 1361 0534 2E       		.byte	46
 1362 0535 08       		.byte	8
 1363 0536 2F       		.byte	47
 1364 0537 48       		.byte	72
 1365 0538 32       		.byte	50
 1366 0539 08       		.byte	8
 1367 053a 34       		.byte	52
 1368 053b 08       		.byte	8
ARM GAS  C:\Users\danie\AppData\Local\Temp\ccR7nmH7.s 			page 25


 1369 053c 37       		.byte	55
 1370 053d 61       		.byte	97
 1371 053e 39       		.byte	57
 1372 053f 08       		.byte	8
 1373 0540 3A       		.byte	58
 1374 0541 04       		.byte	4
 1375 0542 3C       		.byte	60
 1376 0543 80       		.byte	-128
 1377 0544 3D       		.byte	61
 1378 0545 04       		.byte	4
 1379 0546 3E       		.byte	62
 1380 0547 10       		.byte	16
 1381 0548 41       		.byte	65
 1382 0549 04       		.byte	4
 1383 054a 45       		.byte	69
 1384 054b 10       		.byte	16
 1385 054c 46       		.byte	70
 1386 054d 04       		.byte	4
 1387 054e 48       		.byte	72
 1388 054f 20       		.byte	32
 1389 0550 49       		.byte	73
 1390 0551 01       		.byte	1
 1391 0552 4A       		.byte	74
 1392 0553 08       		.byte	8
 1393 0554 4E       		.byte	78
 1394 0555 08       		.byte	8
 1395 0556 52       		.byte	82
 1396 0557 08       		.byte	8
 1397 0558 59       		.byte	89
 1398 0559 41       		.byte	65
 1399 055a 5A       		.byte	90
 1400 055b 08       		.byte	8
 1401 055c 5C       		.byte	92
 1402 055d 0C       		.byte	12
 1403 055e 65       		.byte	101
 1404 055f 02       		.byte	2
 1405 0560 6D       		.byte	109
 1406 0561 04       		.byte	4
 1407 0562 6E       		.byte	110
 1408 0563 10       		.byte	16
 1409 0564 6F       		.byte	111
 1410 0565 41       		.byte	65
 1411 0566 74       		.byte	116
 1412 0567 40       		.byte	64
 1413 0568 76       		.byte	118
 1414 0569 08       		.byte	8
 1415 056a 77       		.byte	119
 1416 056b 20       		.byte	32
 1417 056c 7D       		.byte	125
 1418 056d 40       		.byte	64
 1419 056e 90       		.byte	-112
 1420 056f 02       		.byte	2
 1421 0570 91       		.byte	-111
 1422 0571 01       		.byte	1
 1423 0572 93       		.byte	-109
 1424 0573 80       		.byte	-128
 1425 0574 97       		.byte	-105
ARM GAS  C:\Users\danie\AppData\Local\Temp\ccR7nmH7.s 			page 26


 1426 0575 40       		.byte	64
 1427 0576 98       		.byte	-104
 1428 0577 01       		.byte	1
 1429 0578 99       		.byte	-103
 1430 0579 16       		.byte	22
 1431 057a 9B       		.byte	-101
 1432 057b 0C       		.byte	12
 1433 057c 9C       		.byte	-100
 1434 057d 82       		.byte	-126
 1435 057e 9F       		.byte	-97
 1436 057f 10       		.byte	16
 1437 0580 A1       		.byte	-95
 1438 0581 20       		.byte	32
 1439 0582 A3       		.byte	-93
 1440 0583 09       		.byte	9
 1441 0584 A6       		.byte	-90
 1442 0585 10       		.byte	16
 1443 0586 A7       		.byte	-89
 1444 0587 04       		.byte	4
 1445 0588 B4       		.byte	-76
 1446 0589 40       		.byte	64
 1447 058a C0       		.byte	-64
 1448 058b 74       		.byte	116
 1449 058c C2       		.byte	-62
 1450 058d 08       		.byte	8
 1451 058e C4       		.byte	-60
 1452 058f E4       		.byte	-28
 1453 0590 CA       		.byte	-54
 1454 0591 F0       		.byte	-16
 1455 0592 CC       		.byte	-52
 1456 0593 F2       		.byte	-14
 1457 0594 CE       		.byte	-50
 1458 0595 72       		.byte	114
 1459 0596 D0       		.byte	-48
 1460 0597 22       		.byte	34
 1461 0598 D2       		.byte	-46
 1462 0599 24       		.byte	36
 1463 059a D6       		.byte	-42
 1464 059b 4B       		.byte	75
 1465 059c D8       		.byte	-40
 1466 059d 80       		.byte	-128
 1467 059e DE       		.byte	-34
 1468 059f 10       		.byte	16
 1469 05a0 E8       		.byte	-24
 1470 05a1 40       		.byte	64
 1471 05a2 B2       		.byte	-78
 1472 05a3 48       		.byte	72
 1473 05a4 18       		.byte	24
 1474 05a5 01       		.byte	1
 1475 05a6 1C       		.byte	28
 1476 05a7 01       		.byte	1
 1477 05a8 24       		.byte	36
 1478 05a9 01       		.byte	1
 1479 05aa 28       		.byte	40
 1480 05ab 01       		.byte	1
 1481 05ac 34       		.byte	52
 1482 05ad 01       		.byte	1
ARM GAS  C:\Users\danie\AppData\Local\Temp\ccR7nmH7.s 			page 27


 1483 05ae 3E       		.byte	62
 1484 05af 10       		.byte	16
 1485 05b0 40       		.byte	64
 1486 05b1 05       		.byte	5
 1487 05b2 47       		.byte	71
 1488 05b3 04       		.byte	4
 1489 05b4 49       		.byte	73
 1490 05b5 FF       		.byte	-1
 1491 05b6 4A       		.byte	74
 1492 05b7 07       		.byte	7
 1493 05b8 4B       		.byte	75
 1494 05b9 FF       		.byte	-1
 1495 05ba 4C       		.byte	76
 1496 05bb 40       		.byte	64
 1497 05bc 4D       		.byte	77
 1498 05bd 20       		.byte	32
 1499 05be 4E       		.byte	78
 1500 05bf F0       		.byte	-16
 1501 05c0 4F       		.byte	79
 1502 05c1 05       		.byte	5
 1503 05c2 50       		.byte	80
 1504 05c3 08       		.byte	8
 1505 05c4 58       		.byte	88
 1506 05c5 04       		.byte	4
 1507 05c6 5A       		.byte	90
 1508 05c7 04       		.byte	4
 1509 05c8 5D       		.byte	93
 1510 05c9 01       		.byte	1
 1511 05ca 5F       		.byte	95
 1512 05cb 01       		.byte	1
 1513 05cc 60       		.byte	96
 1514 05cd 40       		.byte	64
 1515 05ce 61       		.byte	97
 1516 05cf A8       		.byte	-88
 1517 05d0 62       		.byte	98
 1518 05d1 40       		.byte	64
 1519 05d2 63       		.byte	99
 1520 05d3 20       		.byte	32
 1521 05d4 00       		.byte	0
 1522 05d5 40       		.byte	64
 1523 05d6 01       		.byte	1
 1524 05d7 02       		.byte	2
 1525 05d8 02       		.byte	2
 1526 05d9 10       		.byte	16
 1527 05da 05       		.byte	5
 1528 05db 02       		.byte	2
 1529 05dc 06       		.byte	6
 1530 05dd 80       		.byte	-128
 1531 05de 08       		.byte	8
 1532 05df 20       		.byte	32
 1533 05e0 09       		.byte	9
 1534 05e1 01       		.byte	1
 1535 05e2 0A       		.byte	10
 1536 05e3 21       		.byte	33
 1537 05e4 0E       		.byte	14
 1538 05e5 04       		.byte	4
 1539 05e6 0F       		.byte	15
ARM GAS  C:\Users\danie\AppData\Local\Temp\ccR7nmH7.s 			page 28


 1540 05e7 01       		.byte	1
 1541 05e8 10       		.byte	16
 1542 05e9 AA       		.byte	-86
 1543 05ea 15       		.byte	21
 1544 05eb 20       		.byte	32
 1545 05ec 16       		.byte	22
 1546 05ed 10       		.byte	16
 1547 05ee 17       		.byte	23
 1548 05ef 04       		.byte	4
 1549 05f0 18       		.byte	24
 1550 05f1 01       		.byte	1
 1551 05f2 1A       		.byte	26
 1552 05f3 04       		.byte	4
 1553 05f4 1B       		.byte	27
 1554 05f5 01       		.byte	1
 1555 05f6 1D       		.byte	29
 1556 05f7 10       		.byte	16
 1557 05f8 21       		.byte	33
 1558 05f9 10       		.byte	16
 1559 05fa 22       		.byte	34
 1560 05fb 1B       		.byte	27
 1561 05fc 28       		.byte	40
 1562 05fd 80       		.byte	-128
 1563 05fe 29       		.byte	41
 1564 05ff 04       		.byte	4
 1565 0600 2A       		.byte	42
 1566 0601 80       		.byte	-128
 1567 0602 30       		.byte	48
 1568 0603 80       		.byte	-128
 1569 0604 32       		.byte	50
 1570 0605 11       		.byte	17
 1571 0606 33       		.byte	51
 1572 0607 04       		.byte	4
 1573 0608 38       		.byte	56
 1574 0609 A0       		.byte	-96
 1575 060a 3B       		.byte	59
 1576 060b 01       		.byte	1
 1577 060c 3D       		.byte	61
 1578 060d 02       		.byte	2
 1579 060e 3F       		.byte	63
 1580 060f 01       		.byte	1
 1581 0610 40       		.byte	64
 1582 0611 C1       		.byte	-63
 1583 0612 42       		.byte	66
 1584 0613 04       		.byte	4
 1585 0614 43       		.byte	67
 1586 0615 04       		.byte	4
 1587 0616 4A       		.byte	74
 1588 0617 82       		.byte	-126
 1589 0618 4D       		.byte	77
 1590 0619 40       		.byte	64
 1591 061a 4E       		.byte	78
 1592 061b 20       		.byte	32
 1593 061c 50       		.byte	80
 1594 061d 40       		.byte	64
 1595 061e 57       		.byte	87
 1596 061f 08       		.byte	8
ARM GAS  C:\Users\danie\AppData\Local\Temp\ccR7nmH7.s 			page 29


 1597 0620 59       		.byte	89
 1598 0621 10       		.byte	16
 1599 0622 69       		.byte	105
 1600 0623 04       		.byte	4
 1601 0624 6A       		.byte	106
 1602 0625 10       		.byte	16
 1603 0626 6B       		.byte	107
 1604 0627 01       		.byte	1
 1605 0628 70       		.byte	112
 1606 0629 B8       		.byte	-72
 1607 062a 71       		.byte	113
 1608 062b 04       		.byte	4
 1609 062c 84       		.byte	-124
 1610 062d 10       		.byte	16
 1611 062e 87       		.byte	-121
 1612 062f 08       		.byte	8
 1613 0630 8A       		.byte	-118
 1614 0631 84       		.byte	-124
 1615 0632 90       		.byte	-112
 1616 0633 40       		.byte	64
 1617 0634 91       		.byte	-111
 1618 0635 40       		.byte	64
 1619 0636 92       		.byte	-110
 1620 0637 01       		.byte	1
 1621 0638 93       		.byte	-109
 1622 0639 01       		.byte	1
 1623 063a 95       		.byte	-107
 1624 063b 24       		.byte	36
 1625 063c 96       		.byte	-106
 1626 063d 10       		.byte	16
 1627 063e 98       		.byte	-104
 1628 063f 20       		.byte	32
 1629 0640 9B       		.byte	-101
 1630 0641 04       		.byte	4
 1631 0642 9C       		.byte	-100
 1632 0643 10       		.byte	16
 1633 0644 9D       		.byte	-99
 1634 0645 04       		.byte	4
 1635 0646 9E       		.byte	-98
 1636 0647 C0       		.byte	-64
 1637 0648 9F       		.byte	-97
 1638 0649 01       		.byte	1
 1639 064a A0       		.byte	-96
 1640 064b 02       		.byte	2
 1641 064c A4       		.byte	-92
 1642 064d A0       		.byte	-96
 1643 064e A6       		.byte	-90
 1644 064f A0       		.byte	-96
 1645 0650 A7       		.byte	-89
 1646 0651 01       		.byte	1
 1647 0652 AA       		.byte	-86
 1648 0653 21       		.byte	33
 1649 0654 AE       		.byte	-82
 1650 0655 08       		.byte	8
 1651 0656 AF       		.byte	-81
 1652 0657 08       		.byte	8
 1653 0658 B0       		.byte	-80
ARM GAS  C:\Users\danie\AppData\Local\Temp\ccR7nmH7.s 			page 30


 1654 0659 02       		.byte	2
 1655 065a B2       		.byte	-78
 1656 065b 20       		.byte	32
 1657 065c B4       		.byte	-76
 1658 065d 10       		.byte	16
 1659 065e B5       		.byte	-75
 1660 065f C0       		.byte	-64
 1661 0660 B6       		.byte	-74
 1662 0661 01       		.byte	1
 1663 0662 C0       		.byte	-64
 1664 0663 0D       		.byte	13
 1665 0664 C2       		.byte	-62
 1666 0665 CF       		.byte	-49
 1667 0666 C4       		.byte	-60
 1668 0667 6F       		.byte	111
 1669 0668 CA       		.byte	-54
 1670 0669 0B       		.byte	11
 1671 066a CC       		.byte	-52
 1672 066b 0F       		.byte	15
 1673 066c CE       		.byte	-50
 1674 066d 0D       		.byte	13
 1675 066e D0       		.byte	-48
 1676 066f 0F       		.byte	15
 1677 0670 D2       		.byte	-46
 1678 0671 18       		.byte	24
 1679 0672 D6       		.byte	-42
 1680 0673 04       		.byte	4
 1681 0674 E8       		.byte	-24
 1682 0675 40       		.byte	64
 1683 0676 EA       		.byte	-22
 1684 0677 02       		.byte	2
 1685 0678 EC       		.byte	-20
 1686 0679 40       		.byte	64
 1687 067a 01       		.byte	1
 1688 067b C0       		.byte	-64
 1689 067c 05       		.byte	5
 1690 067d FF       		.byte	-1
 1691 067e 09       		.byte	9
 1692 067f 1C       		.byte	28
 1693 0680 0B       		.byte	11
 1694 0681 E1       		.byte	-31
 1695 0682 0C       		.byte	12
 1696 0683 04       		.byte	4
 1697 0684 0D       		.byte	13
 1698 0685 E7       		.byte	-25
 1699 0686 0F       		.byte	15
 1700 0687 18       		.byte	24
 1701 0688 11       		.byte	17
 1702 0689 1C       		.byte	28
 1703 068a 13       		.byte	19
 1704 068b E2       		.byte	-30
 1705 068c 14       		.byte	20
 1706 068d 77       		.byte	119
 1707 068e 15       		.byte	21
 1708 068f 18       		.byte	24
 1709 0690 19       		.byte	25
 1710 0691 08       		.byte	8
ARM GAS  C:\Users\danie\AppData\Local\Temp\ccR7nmH7.s 			page 31


 1711 0692 1A       		.byte	26
 1712 0693 08       		.byte	8
 1713 0694 1C       		.byte	28
 1714 0695 10       		.byte	16
 1715 0696 1D       		.byte	29
 1716 0697 10       		.byte	16
 1717 0698 1E       		.byte	30
 1718 0699 60       		.byte	96
 1719 069a 22       		.byte	34
 1720 069b 08       		.byte	8
 1721 069c 23       		.byte	35
 1722 069d C3       		.byte	-61
 1723 069e 24       		.byte	36
 1724 069f 77       		.byte	119
 1725 06a0 25       		.byte	37
 1726 06a1 80       		.byte	-128
 1727 06a2 28       		.byte	40
 1728 06a3 42       		.byte	66
 1729 06a4 29       		.byte	41
 1730 06a5 44       		.byte	68
 1731 06a6 2A       		.byte	42
 1732 06a7 11       		.byte	17
 1733 06a8 2C       		.byte	44
 1734 06a9 21       		.byte	33
 1735 06aa 2E       		.byte	46
 1736 06ab 12       		.byte	18
 1737 06ac 2F       		.byte	47
 1738 06ad 04       		.byte	4
 1739 06ae 30       		.byte	48
 1740 06af 04       		.byte	4
 1741 06b0 31       		.byte	49
 1742 06b1 C0       		.byte	-64
 1743 06b2 32       		.byte	50
 1744 06b3 03       		.byte	3
 1745 06b4 34       		.byte	52
 1746 06b5 08       		.byte	8
 1747 06b6 35       		.byte	53
 1748 06b7 20       		.byte	32
 1749 06b8 36       		.byte	54
 1750 06b9 70       		.byte	112
 1751 06ba 37       		.byte	55
 1752 06bb 1F       		.byte	31
 1753 06bc 39       		.byte	57
 1754 06bd 20       		.byte	32
 1755 06be 3B       		.byte	59
 1756 06bf 80       		.byte	-128
 1757 06c0 3E       		.byte	62
 1758 06c1 10       		.byte	16
 1759 06c2 54       		.byte	84
 1760 06c3 18       		.byte	24
 1761 06c4 58       		.byte	88
 1762 06c5 04       		.byte	4
 1763 06c6 59       		.byte	89
 1764 06c7 04       		.byte	4
 1765 06c8 5B       		.byte	91
 1766 06c9 04       		.byte	4
 1767 06ca 5C       		.byte	92
ARM GAS  C:\Users\danie\AppData\Local\Temp\ccR7nmH7.s 			page 32


 1768 06cb 11       		.byte	17
 1769 06cc 5D       		.byte	93
 1770 06cd 10       		.byte	16
 1771 06ce 5F       		.byte	95
 1772 06cf 01       		.byte	1
 1773 06d0 85       		.byte	-123
 1774 06d1 02       		.byte	2
 1775 06d2 88       		.byte	-120
 1776 06d3 01       		.byte	1
 1777 06d4 8A       		.byte	-118
 1778 06d5 06       		.byte	6
 1779 06d6 94       		.byte	-108
 1780 06d7 0C       		.byte	12
 1781 06d8 96       		.byte	-106
 1782 06d9 03       		.byte	3
 1783 06da 9A       		.byte	-102
 1784 06db 0C       		.byte	12
 1785 06dc 9B       		.byte	-101
 1786 06dd 01       		.byte	1
 1787 06de 9E       		.byte	-98
 1788 06df 03       		.byte	3
 1789 06e0 A6       		.byte	-90
 1790 06e1 08       		.byte	8
 1791 06e2 A8       		.byte	-88
 1792 06e3 01       		.byte	1
 1793 06e4 A9       		.byte	-87
 1794 06e5 01       		.byte	1
 1795 06e6 AA       		.byte	-86
 1796 06e7 0E       		.byte	14
 1797 06e8 AD       		.byte	-83
 1798 06e9 01       		.byte	1
 1799 06ea B2       		.byte	-78
 1800 06eb 0F       		.byte	15
 1801 06ec B3       		.byte	-77
 1802 06ed 03       		.byte	3
 1803 06ee B9       		.byte	-71
 1804 06ef 08       		.byte	8
 1805 06f0 BA       		.byte	-70
 1806 06f1 08       		.byte	8
 1807 06f2 BB       		.byte	-69
 1808 06f3 20       		.byte	32
 1809 06f4 C0       		.byte	-64
 1810 06f5 13       		.byte	19
 1811 06f6 C1       		.byte	-63
 1812 06f7 06       		.byte	6
 1813 06f8 C5       		.byte	-59
 1814 06f9 C0       		.byte	-64
 1815 06fa C7       		.byte	-57
 1816 06fb EB       		.byte	-21
 1817 06fc C8       		.byte	-56
 1818 06fd 32       		.byte	50
 1819 06fe C9       		.byte	-55
 1820 06ff FF       		.byte	-1
 1821 0700 CA       		.byte	-54
 1822 0701 FF       		.byte	-1
 1823 0702 CB       		.byte	-53
 1824 0703 FF       		.byte	-1
ARM GAS  C:\Users\danie\AppData\Local\Temp\ccR7nmH7.s 			page 33


 1825 0704 CE       		.byte	-50
 1826 0705 F0       		.byte	-16
 1827 0706 CF       		.byte	-49
 1828 0707 44       		.byte	68
 1829 0708 D0       		.byte	-48
 1830 0709 0C       		.byte	12
 1831 070a D8       		.byte	-40
 1832 070b 04       		.byte	4
 1833 070c D9       		.byte	-39
 1834 070d 04       		.byte	4
 1835 070e DA       		.byte	-38
 1836 070f 04       		.byte	4
 1837 0710 DC       		.byte	-36
 1838 0711 11       		.byte	17
 1839 0712 DD       		.byte	-35
 1840 0713 01       		.byte	1
 1841 0714 DF       		.byte	-33
 1842 0715 01       		.byte	1
 1843 0716 E6       		.byte	-26
 1844 0717 C0       		.byte	-64
 1845 0718 EA       		.byte	-22
 1846 0719 40       		.byte	64
 1847 071a EB       		.byte	-21
 1848 071b 02       		.byte	2
 1849 071c 03       		.byte	3
 1850 071d 01       		.byte	1
 1851 071e 04       		.byte	4
 1852 071f 20       		.byte	32
 1853 0720 0A       		.byte	10
 1854 0721 11       		.byte	17
 1855 0722 0B       		.byte	11
 1856 0723 04       		.byte	4
 1857 0724 0E       		.byte	14
 1858 0725 2A       		.byte	42
 1859 0726 10       		.byte	16
 1860 0727 02       		.byte	2
 1861 0728 11       		.byte	17
 1862 0729 04       		.byte	4
 1863 072a 12       		.byte	18
 1864 072b 80       		.byte	-128
 1865 072c 13       		.byte	19
 1866 072d 20       		.byte	32
 1867 072e 14       		.byte	20
 1868 072f 10       		.byte	16
 1869 0730 16       		.byte	22
 1870 0731 04       		.byte	4
 1871 0732 18       		.byte	24
 1872 0733 46       		.byte	70
 1873 0734 19       		.byte	25
 1874 0735 01       		.byte	1
 1875 0736 1A       		.byte	26
 1876 0737 21       		.byte	33
 1877 0738 1E       		.byte	30
 1878 0739 20       		.byte	32
 1879 073a 1F       		.byte	31
 1880 073b 08       		.byte	8
 1881 073c 22       		.byte	34
ARM GAS  C:\Users\danie\AppData\Local\Temp\ccR7nmH7.s 			page 34


 1882 073d 01       		.byte	1
 1883 073e 23       		.byte	35
 1884 073f 05       		.byte	5
 1885 0740 24       		.byte	36
 1886 0741 08       		.byte	8
 1887 0742 26       		.byte	38
 1888 0743 0C       		.byte	12
 1889 0744 27       		.byte	39
 1890 0745 04       		.byte	4
 1891 0746 28       		.byte	40
 1892 0747 20       		.byte	32
 1893 0748 29       		.byte	41
 1894 0749 01       		.byte	1
 1895 074a 2A       		.byte	42
 1896 074b 20       		.byte	32
 1897 074c 2B       		.byte	43
 1898 074d 01       		.byte	1
 1899 074e 2C       		.byte	44
 1900 074f 08       		.byte	8
 1901 0750 2D       		.byte	45
 1902 0751 80       		.byte	-128
 1903 0752 30       		.byte	48
 1904 0753 A1       		.byte	-95
 1905 0754 31       		.byte	49
 1906 0755 04       		.byte	4
 1907 0756 36       		.byte	54
 1908 0757 10       		.byte	16
 1909 0758 38       		.byte	56
 1910 0759 0A       		.byte	10
 1911 075a 39       		.byte	57
 1912 075b 20       		.byte	32
 1913 075c 3A       		.byte	58
 1914 075d 80       		.byte	-128
 1915 075e 3D       		.byte	61
 1916 075f 08       		.byte	8
 1917 0760 45       		.byte	69
 1918 0761 04       		.byte	4
 1919 0762 46       		.byte	70
 1920 0763 01       		.byte	1
 1921 0764 4C       		.byte	76
 1922 0765 08       		.byte	8
 1923 0766 4E       		.byte	78
 1924 0767 40       		.byte	64
 1925 0768 56       		.byte	86
 1926 0769 02       		.byte	2
 1927 076a 57       		.byte	87
 1928 076b 04       		.byte	4
 1929 076c 58       		.byte	88
 1930 076d 20       		.byte	32
 1931 076e 5A       		.byte	90
 1932 076f 22       		.byte	34
 1933 0770 5B       		.byte	91
 1934 0771 20       		.byte	32
 1935 0772 60       		.byte	96
 1936 0773 04       		.byte	4
 1937 0774 62       		.byte	98
 1938 0775 40       		.byte	64
ARM GAS  C:\Users\danie\AppData\Local\Temp\ccR7nmH7.s 			page 35


 1939 0776 64       		.byte	100
 1940 0777 01       		.byte	1
 1941 0778 67       		.byte	103
 1942 0779 01       		.byte	1
 1943 077a 7D       		.byte	125
 1944 077b 08       		.byte	8
 1945 077c 7E       		.byte	126
 1946 077d 20       		.byte	32
 1947 077e 80       		.byte	-128
 1948 077f 08       		.byte	8
 1949 0780 82       		.byte	-126
 1950 0781 44       		.byte	68
 1951 0782 83       		.byte	-125
 1952 0783 04       		.byte	4
 1953 0784 86       		.byte	-122
 1954 0785 02       		.byte	2
 1955 0786 C0       		.byte	-64
 1956 0787 41       		.byte	65
 1957 0788 C2       		.byte	-62
 1958 0789 E7       		.byte	-25
 1959 078a C4       		.byte	-60
 1960 078b 6F       		.byte	111
 1961 078c CA       		.byte	-54
 1962 078d 3F       		.byte	63
 1963 078e CC       		.byte	-52
 1964 078f 2F       		.byte	47
 1965 0790 CE       		.byte	-50
 1966 0791 4F       		.byte	79
 1967 0792 D0       		.byte	-48
 1968 0793 50       		.byte	80
 1969 0794 D2       		.byte	-46
 1970 0795 20       		.byte	32
 1971 0796 D6       		.byte	-42
 1972 0797 01       		.byte	1
 1973 0798 D8       		.byte	-40
 1974 0799 0C       		.byte	12
 1975 079a E0       		.byte	-32
 1976 079b 40       		.byte	64
 1977 079c 00       		.byte	0
 1978 079d 06       		.byte	6
 1979 079e 08       		.byte	8
 1980 079f 06       		.byte	6
 1981 07a0 09       		.byte	9
 1982 07a1 30       		.byte	48
 1983 07a2 0B       		.byte	11
 1984 07a3 C6       		.byte	-58
 1985 07a4 0D       		.byte	13
 1986 07a5 5A       		.byte	90
 1987 07a6 0F       		.byte	15
 1988 07a7 A0       		.byte	-96
 1989 07a8 12       		.byte	18
 1990 07a9 10       		.byte	16
 1991 07aa 14       		.byte	20
 1992 07ab 02       		.byte	2
 1993 07ac 15       		.byte	21
 1994 07ad 30       		.byte	48
 1995 07ae 16       		.byte	22
ARM GAS  C:\Users\danie\AppData\Local\Temp\ccR7nmH7.s 			page 36


 1996 07af 04       		.byte	4
 1997 07b0 17       		.byte	23
 1998 07b1 C3       		.byte	-61
 1999 07b2 18       		.byte	24
 2000 07b3 01       		.byte	1
 2001 07b4 1B       		.byte	27
 2002 07b5 FF       		.byte	-1
 2003 07b6 22       		.byte	34
 2004 07b7 10       		.byte	16
 2005 07b8 25       		.byte	37
 2006 07b9 50       		.byte	80
 2007 07ba 26       		.byte	38
 2008 07bb 08       		.byte	8
 2009 07bc 27       		.byte	39
 2010 07bd AD       		.byte	-83
 2011 07be 28       		.byte	40
 2012 07bf 02       		.byte	2
 2013 07c0 2A       		.byte	42
 2014 07c1 04       		.byte	4
 2015 07c2 30       		.byte	48
 2016 07c3 10       		.byte	16
 2017 07c4 32       		.byte	50
 2018 07c5 07       		.byte	7
 2019 07c6 33       		.byte	51
 2020 07c7 0F       		.byte	15
 2021 07c8 34       		.byte	52
 2022 07c9 08       		.byte	8
 2023 07ca 35       		.byte	53
 2024 07cb F0       		.byte	-16
 2025 07cc 3A       		.byte	58
 2026 07cd 0C       		.byte	12
 2027 07ce 3B       		.byte	59
 2028 07cf 08       		.byte	8
 2029 07d0 3E       		.byte	62
 2030 07d1 01       		.byte	1
 2031 07d2 40       		.byte	64
 2032 07d3 54       		.byte	84
 2033 07d4 42       		.byte	66
 2034 07d5 02       		.byte	2
 2035 07d6 49       		.byte	73
 2036 07d7 FF       		.byte	-1
 2037 07d8 4A       		.byte	74
 2038 07d9 FF       		.byte	-1
 2039 07da 4B       		.byte	75
 2040 07db FF       		.byte	-1
 2041 07dc 4F       		.byte	79
 2042 07dd 01       		.byte	1
 2043 07de 50       		.byte	80
 2044 07df 18       		.byte	24
 2045 07e0 52       		.byte	82
 2046 07e1 83       		.byte	-125
 2047 07e2 54       		.byte	84
 2048 07e3 03       		.byte	3
 2049 07e4 56       		.byte	86
 2050 07e5 04       		.byte	4
 2051 07e6 58       		.byte	88
 2052 07e7 04       		.byte	4
ARM GAS  C:\Users\danie\AppData\Local\Temp\ccR7nmH7.s 			page 37


 2053 07e8 59       		.byte	89
 2054 07e9 04       		.byte	4
 2055 07ea 5A       		.byte	90
 2056 07eb 04       		.byte	4
 2057 07ec 5B       		.byte	91
 2058 07ed 04       		.byte	4
 2059 07ee 5F       		.byte	95
 2060 07ef 01       		.byte	1
 2061 07f0 60       		.byte	96
 2062 07f1 40       		.byte	64
 2063 07f2 62       		.byte	98
 2064 07f3 40       		.byte	64
 2065 07f4 64       		.byte	100
 2066 07f5 40       		.byte	64
 2067 07f6 65       		.byte	101
 2068 07f7 40       		.byte	64
 2069 07f8 66       		.byte	102
 2070 07f9 80       		.byte	-128
 2071 07fa 68       		.byte	104
 2072 07fb 80       		.byte	-128
 2073 07fc 6A       		.byte	106
 2074 07fd 80       		.byte	-128
 2075 07fe 6C       		.byte	108
 2076 07ff 80       		.byte	-128
 2077 0800 6E       		.byte	110
 2078 0801 80       		.byte	-128
 2079 0802 83       		.byte	-125
 2080 0803 02       		.byte	2
 2081 0804 9A       		.byte	-102
 2082 0805 02       		.byte	2
 2083 0806 9E       		.byte	-98
 2084 0807 01       		.byte	1
 2085 0808 9F       		.byte	-97
 2086 0809 01       		.byte	1
 2087 080a A5       		.byte	-91
 2088 080b 02       		.byte	2
 2089 080c A6       		.byte	-90
 2090 080d 02       		.byte	2
 2091 080e B0       		.byte	-80
 2092 080f 02       		.byte	2
 2093 0810 B4       		.byte	-76
 2094 0811 01       		.byte	1
 2095 0812 B5       		.byte	-75
 2096 0813 01       		.byte	1
 2097 0814 B7       		.byte	-73
 2098 0815 02       		.byte	2
 2099 0816 C0       		.byte	-64
 2100 0817 14       		.byte	20
 2101 0818 C2       		.byte	-62
 2102 0819 02       		.byte	2
 2103 081a C5       		.byte	-59
 2104 081b EC       		.byte	-20
 2105 081c C7       		.byte	-57
 2106 081d 20       		.byte	32
 2107 081e C8       		.byte	-56
 2108 081f 23       		.byte	35
 2109 0820 C9       		.byte	-55
ARM GAS  C:\Users\danie\AppData\Local\Temp\ccR7nmH7.s 			page 38


 2110 0821 FF       		.byte	-1
 2111 0822 CA       		.byte	-54
 2112 0823 FF       		.byte	-1
 2113 0824 CB       		.byte	-53
 2114 0825 FF       		.byte	-1
 2115 0826 CD       		.byte	-51
 2116 0827 83       		.byte	-125
 2117 0828 CE       		.byte	-50
 2118 0829 03       		.byte	3
 2119 082a CF       		.byte	-49
 2120 082b 01       		.byte	1
 2121 082c D0       		.byte	-48
 2122 082d 18       		.byte	24
 2123 082e D2       		.byte	-46
 2124 082f 80       		.byte	-128
 2125 0830 D4       		.byte	-44
 2126 0831 05       		.byte	5
 2127 0832 D8       		.byte	-40
 2128 0833 04       		.byte	4
 2129 0834 D9       		.byte	-39
 2130 0835 04       		.byte	4
 2131 0836 DA       		.byte	-38
 2132 0837 04       		.byte	4
 2133 0838 DB       		.byte	-37
 2134 0839 04       		.byte	4
 2135 083a DF       		.byte	-33
 2136 083b 01       		.byte	1
 2137 083c E0       		.byte	-32
 2138 083d 40       		.byte	64
 2139 083e E2       		.byte	-30
 2140 083f 40       		.byte	64
 2141 0840 E4       		.byte	-28
 2142 0841 40       		.byte	64
 2143 0842 E5       		.byte	-27
 2144 0843 40       		.byte	64
 2145 0844 E6       		.byte	-26
 2146 0845 80       		.byte	-128
 2147 0846 E8       		.byte	-24
 2148 0847 80       		.byte	-128
 2149 0848 EA       		.byte	-22
 2150 0849 80       		.byte	-128
 2151 084a EC       		.byte	-20
 2152 084b 80       		.byte	-128
 2153 084c EE       		.byte	-18
 2154 084d 80       		.byte	-128
 2155 084e 00       		.byte	0
 2156 084f 12       		.byte	18
 2157 0850 08       		.byte	8
 2158 0851 02       		.byte	2
 2159 0852 09       		.byte	9
 2160 0853 28       		.byte	40
 2161 0854 0B       		.byte	11
 2162 0855 40       		.byte	64
 2163 0856 0C       		.byte	12
 2164 0857 20       		.byte	32
 2165 0858 0F       		.byte	15
 2166 0859 02       		.byte	2
ARM GAS  C:\Users\danie\AppData\Local\Temp\ccR7nmH7.s 			page 39


 2167 085a 10       		.byte	16
 2168 085b 28       		.byte	40
 2169 085c 11       		.byte	17
 2170 085d 02       		.byte	2
 2171 085e 17       		.byte	23
 2172 085f 04       		.byte	4
 2173 0860 18       		.byte	24
 2174 0861 10       		.byte	16
 2175 0862 19       		.byte	25
 2176 0863 04       		.byte	4
 2177 0864 1A       		.byte	26
 2178 0865 40       		.byte	64
 2179 0866 1B       		.byte	27
 2180 0867 20       		.byte	32
 2181 0868 1D       		.byte	29
 2182 0869 01       		.byte	1
 2183 086a 1F       		.byte	31
 2184 086b 10       		.byte	16
 2185 086c 21       		.byte	33
 2186 086d 08       		.byte	8
 2187 086e 22       		.byte	34
 2188 086f 10       		.byte	16
 2189 0870 25       		.byte	37
 2190 0871 10       		.byte	16
 2191 0872 26       		.byte	38
 2192 0873 40       		.byte	64
 2193 0874 27       		.byte	39
 2194 0875 04       		.byte	4
 2195 0876 29       		.byte	41
 2196 0877 04       		.byte	4
 2197 0878 2F       		.byte	47
 2198 0879 10       		.byte	16
 2199 087a 31       		.byte	49
 2200 087b 28       		.byte	40
 2201 087c 37       		.byte	55
 2202 087d 40       		.byte	64
 2203 087e 39       		.byte	57
 2204 087f 50       		.byte	80
 2205 0880 3F       		.byte	63
 2206 0881 02       		.byte	2
 2207 0882 41       		.byte	65
 2208 0883 20       		.byte	32
 2209 0884 43       		.byte	67
 2210 0885 02       		.byte	2
 2211 0886 44       		.byte	68
 2212 0887 02       		.byte	2
 2213 0888 45       		.byte	69
 2214 0889 21       		.byte	33
 2215 088a 4B       		.byte	75
 2216 088b 40       		.byte	64
 2217 088c 4D       		.byte	77
 2218 088d 0A       		.byte	10
 2219 088e 55       		.byte	85
 2220 088f 01       		.byte	1
 2221 0890 57       		.byte	87
 2222 0891 02       		.byte	2
 2223 0892 59       		.byte	89
ARM GAS  C:\Users\danie\AppData\Local\Temp\ccR7nmH7.s 			page 40


 2224 0893 0A       		.byte	10
 2225 0894 5A       		.byte	90
 2226 0895 60       		.byte	96
 2227 0896 5D       		.byte	93
 2228 0897 01       		.byte	1
 2229 0898 5E       		.byte	94
 2230 0899 80       		.byte	-128
 2231 089a 5F       		.byte	95
 2232 089b 08       		.byte	8
 2233 089c 62       		.byte	98
 2234 089d 01       		.byte	1
 2235 089e 68       		.byte	104
 2236 089f 09       		.byte	9
 2237 08a0 69       		.byte	105
 2238 08a1 50       		.byte	80
 2239 08a2 73       		.byte	115
 2240 08a3 40       		.byte	64
 2241 08a4 77       		.byte	119
 2242 08a5 40       		.byte	64
 2243 08a6 8D       		.byte	-115
 2244 08a7 01       		.byte	1
 2245 08a8 91       		.byte	-111
 2246 08a9 01       		.byte	1
 2247 08aa 97       		.byte	-105
 2248 08ab 40       		.byte	64
 2249 08ac 9B       		.byte	-101
 2250 08ad 08       		.byte	8
 2251 08ae 9E       		.byte	-98
 2252 08af 01       		.byte	1
 2253 08b0 A0       		.byte	-96
 2254 08b1 20       		.byte	32
 2255 08b2 A1       		.byte	-95
 2256 08b3 20       		.byte	32
 2257 08b4 A3       		.byte	-93
 2258 08b5 01       		.byte	1
 2259 08b6 A5       		.byte	-91
 2260 08b7 10       		.byte	16
 2261 08b8 A7       		.byte	-89
 2262 08b9 20       		.byte	32
 2263 08ba C0       		.byte	-64
 2264 08bb 0A       		.byte	10
 2265 08bc C2       		.byte	-62
 2266 08bd CE       		.byte	-50
 2267 08be C4       		.byte	-60
 2268 08bf 2E       		.byte	46
 2269 08c0 CA       		.byte	-54
 2270 08c1 42       		.byte	66
 2271 08c2 CC       		.byte	-52
 2272 08c3 16       		.byte	22
 2273 08c4 CE       		.byte	-50
 2274 08c5 8C       		.byte	-116
 2275 08c6 D0       		.byte	-48
 2276 08c7 B5       		.byte	-75
 2277 08c8 D2       		.byte	-46
 2278 08c9 08       		.byte	8
 2279 08ca D6       		.byte	-42
 2280 08cb DF       		.byte	-33
ARM GAS  C:\Users\danie\AppData\Local\Temp\ccR7nmH7.s 			page 41


 2281 08cc D8       		.byte	-40
 2282 08cd 01       		.byte	1
 2283 08ce E6       		.byte	-26
 2284 08cf 40       		.byte	64
 2285 08d0 80       		.byte	-128
 2286 08d1 02       		.byte	2
 2287 08d2 91       		.byte	-111
 2288 08d3 01       		.byte	1
 2289 08d4 97       		.byte	-105
 2290 08d5 40       		.byte	64
 2291 08d6 9B       		.byte	-101
 2292 08d7 08       		.byte	8
 2293 08d8 9C       		.byte	-100
 2294 08d9 02       		.byte	2
 2295 08da 9E       		.byte	-98
 2296 08db 01       		.byte	1
 2297 08dc A0       		.byte	-96
 2298 08dd 20       		.byte	32
 2299 08de A1       		.byte	-95
 2300 08df 20       		.byte	32
 2301 08e0 A3       		.byte	-93
 2302 08e1 01       		.byte	1
 2303 08e2 A5       		.byte	-91
 2304 08e3 10       		.byte	16
 2305 08e4 A7       		.byte	-89
 2306 08e5 20       		.byte	32
 2307 08e6 B6       		.byte	-74
 2308 08e7 01       		.byte	1
 2309 08e8 EE       		.byte	-18
 2310 08e9 40       		.byte	64
 2311 08ea 04       		.byte	4
 2312 08eb 42       		.byte	66
 2313 08ec 31       		.byte	49
 2314 08ed 20       		.byte	32
 2315 08ee 35       		.byte	53
 2316 08ef 80       		.byte	-128
 2317 08f0 59       		.byte	89
 2318 08f1 04       		.byte	4
 2319 08f2 C0       		.byte	-64
 2320 08f3 A0       		.byte	-96
 2321 08f4 CC       		.byte	-52
 2322 08f5 30       		.byte	48
 2323 08f6 D6       		.byte	-42
 2324 08f7 40       		.byte	64
 2325 08f8 56       		.byte	86
 2326 08f9 01       		.byte	1
 2327 08fa 81       		.byte	-127
 2328 08fb 04       		.byte	4
 2329 08fc 8D       		.byte	-115
 2330 08fd 80       		.byte	-128
 2331 08fe 90       		.byte	-112
 2332 08ff 42       		.byte	66
 2333 0900 9D       		.byte	-99
 2334 0901 84       		.byte	-124
 2335 0902 A5       		.byte	-91
 2336 0903 20       		.byte	32
 2337 0904 D6       		.byte	-42
ARM GAS  C:\Users\danie\AppData\Local\Temp\ccR7nmH7.s 			page 42


 2338 0905 20       		.byte	32
 2339 0906 E6       		.byte	-26
 2340 0907 80       		.byte	-128
 2341 0908 8C       		.byte	-116
 2342 0909 40       		.byte	64
 2343 090a 90       		.byte	-112
 2344 090b 42       		.byte	66
 2345 090c 9E       		.byte	-98
 2346 090d 01       		.byte	1
 2347 090e A5       		.byte	-91
 2348 090f 20       		.byte	32
 2349 0910 9E       		.byte	-98
 2350 0911 01       		.byte	1
 2351 0912 A5       		.byte	-91
 2352 0913 20       		.byte	32
 2353 0914 B4       		.byte	-76
 2354 0915 01       		.byte	1
 2355 0916 10       		.byte	16
 2356 0917 80       		.byte	-128
 2357 0918 2A       		.byte	42
 2358 0919 80       		.byte	-128
 2359 091a 70       		.byte	112
 2360 091b 01       		.byte	1
 2361 091c 8C       		.byte	-116
 2362 091d 01       		.byte	1
 2363 091e C4       		.byte	-60
 2364 091f 08       		.byte	8
 2365 0920 CA       		.byte	-54
 2366 0921 08       		.byte	8
 2367 0922 DC       		.byte	-36
 2368 0923 01       		.byte	1
 2369 0924 E0       		.byte	-32
 2370 0925 02       		.byte	2
 2371 0926 AE       		.byte	-82
 2372 0927 80       		.byte	-128
 2373 0928 B0       		.byte	-80
 2374 0929 80       		.byte	-128
 2375 092a EE       		.byte	-18
 2376 092b 01       		.byte	1
 2377 092c 82       		.byte	-126
 2378 092d 40       		.byte	64
 2379 092e 9E       		.byte	-98
 2380 092f 01       		.byte	1
 2381 0930 B5       		.byte	-75
 2382 0931 20       		.byte	32
 2383 0932 E4       		.byte	-28
 2384 0933 80       		.byte	-128
 2385 0934 0A       		.byte	10
 2386 0935 80       		.byte	-128
 2387 0936 8E       		.byte	-114
 2388 0937 01       		.byte	1
 2389 0938 96       		.byte	-106
 2390 0939 80       		.byte	-128
 2391 093a 9E       		.byte	-98
 2392 093b 01       		.byte	1
 2393 093c C2       		.byte	-62
 2394 093d 10       		.byte	16
ARM GAS  C:\Users\danie\AppData\Local\Temp\ccR7nmH7.s 			page 43


 2395 093e 00       		.byte	0
 2396 093f 07       		.byte	7
 2397 0940 08       		.byte	8
 2398 0941 07       		.byte	7
 2399 0942 0A       		.byte	10
 2400 0943 05       		.byte	5
 2401 0944 0E       		.byte	14
 2402 0945 02       		.byte	2
 2403 0946 10       		.byte	16
 2404 0947 01       		.byte	1
 2405 0948 1A       		.byte	26
 2406 0949 01       		.byte	1
 2407 094a 00       		.byte	0
 2408 094b 0F       		.byte	15
 2409 094c 03       		.byte	3
 2410 094d 0E       		.byte	14
 2411 094e 0C       		.byte	12
 2412 094f 01       		.byte	1
 2413 0950 0F       		.byte	15
 2414 0951 00       		.byte	0
 2415 0952 00       		.byte	0
 2416 0953 00       		.byte	0
 2417 0954 00       		.byte	0
 2418 0955 02       		.byte	2
 2419 0956 00       		.byte	0
 2420 0957 00       		.byte	0
 2421 0958 00       		.byte	0
 2422 0959 00       		.byte	0
 2423 095a 03       		.byte	3
 2424 095b 10       		.byte	16
 2425 095c 0C       		.byte	12
 2426 095d 00       		.byte	0
 2427 095e 03       		.byte	3
 2428 095f 10       		.byte	16
 2429 0960 0F       		.byte	15
 2430 0961 0F       		.byte	15
 2431 0962 00       		.byte	0
 2432 0963 00       		.byte	0
 2433 0964 02       		.byte	2
 2434 0965 06       		.byte	6
 2435 0966 20       		.byte	32
 2436 0967 09       		.byte	9
 2437 0968 03       		.byte	3
 2438 0969 04       		.byte	4
 2439 096a 10       		.byte	16
 2440 096b 00       		.byte	0
 2441 096c 08       		.byte	8
 2442 096d 00       		.byte	0
 2443 096e 00       		.byte	0
 2444 096f 09       		.byte	9
 2445 0970 04       		.byte	4
 2446 0971 06       		.byte	6
 2447 0972 00       		.byte	0
 2448 0973 00       		.byte	0
 2449 0974 0C       		.byte	12
 2450 0975 00       		.byte	0
 2451 0976 00       		.byte	0
ARM GAS  C:\Users\danie\AppData\Local\Temp\ccR7nmH7.s 			page 44


 2452 0977 00       		.byte	0
 2453 0978 01       		.byte	1
 2454 0979 09       		.byte	9
 2455 097a 60       		.byte	96
 2456 097b 06       		.byte	6
 2457 097c 40       		.byte	64
 2458 097d 0E       		.byte	14
 2459 097e 00       		.byte	0
 2460 097f 10       		.byte	16
 2461 0980 0F       		.byte	15
 2462 0981 07       		.byte	7
 2463 0982 30       		.byte	48
 2464 0983 00       		.byte	0
 2465 0984 00       		.byte	0
 2466 0985 00       		.byte	0
 2467 0986 20       		.byte	32
 2468 0987 20       		.byte	32
 2469 0988 00       		.byte	0
 2470 0989 00       		.byte	0
 2471 098a 40       		.byte	64
 2472 098b 04       		.byte	4
 2473 098c 24       		.byte	36
 2474 098d 03       		.byte	3
 2475 098e 05       		.byte	5
 2476 098f 00       		.byte	0
 2477 0990 01       		.byte	1
 2478 0991 E0       		.byte	-32
 2479 0992 0C       		.byte	12
 2480 0993 00       		.byte	0
 2481 0994 06       		.byte	6
 2482 0995 FF       		.byte	-1
 2483 0996 FF       		.byte	-1
 2484 0997 FF       		.byte	-1
 2485 0998 62       		.byte	98
 2486 0999 A0       		.byte	-96
 2487 099a F0       		.byte	-16
 2488 099b 41       		.byte	65
 2489 099c 0C       		.byte	12
 2490 099d 00       		.byte	0
 2491 099e 00       		.byte	0
 2492 099f 00       		.byte	0
 2493 09a0 00       		.byte	0
 2494 09a1 00       		.byte	0
 2495 09a2 02       		.byte	2
 2496 09a3 11       		.byte	17
 2497 09a4 04       		.byte	4
 2498 09a5 04       		.byte	4
 2499 09a6 04       		.byte	4
 2500 09a7 04       		.byte	4
 2501 09a8 11       		.byte	17
 2502 09a9 11       		.byte	17
 2503 09aa 00       		.byte	0
 2504 09ab 01       		.byte	1
 2505 09ac 00       		.byte	0
 2506 09ad 00       		.byte	0
 2507 09ae 00       		.byte	0
 2508 09af 00       		.byte	0
ARM GAS  C:\Users\danie\AppData\Local\Temp\ccR7nmH7.s 			page 45


 2509 09b0 00       		.byte	0
 2510 09b1 00       		.byte	0
 2511 09b2 40       		.byte	64
 2512 09b3 02       		.byte	2
 2513 09b4 00       		.byte	0
 2514 09b5 10       		.byte	16
 2515 09b6 30       		.byte	48
 2516 09b7 10       		.byte	16
 2517 09b8 00       		.byte	0
 2518 09b9 10       		.byte	16
 2519 09ba 10       		.byte	16
 2520 09bb 12       		.byte	18
 2521 09bc 00       		.byte	0
 2522 09bd 00       		.byte	0
 2523 09be 00       		.byte	0
 2524 09bf 00       		.byte	0
 2525 09c0 00       		.byte	0
 2526 09c1 00       		.byte	0
 2527 09c2 00       		.byte	0
 2528 09c3 00       		.byte	0
 2529 09c4 00       		.byte	0
 2530 09c5 00       		.byte	0
 2531 09c6 00       		.byte	0
 2532 09c7 00       		.byte	0
 2533 09c8 00       		.byte	0
 2534 09c9 00       		.byte	0
 2535 09ca 00       		.byte	0
 2536 09cb 00       		.byte	0
 2537 09cc 00       		.byte	0
 2538 09cd 02       		.byte	2
 2539 09ce 02       		.byte	2
 2540 09cf 00       		.byte	0
 2541 09d0 02       		.byte	2
 2542 09d1 00       		.byte	0
 2543 09d2 00       		.byte	0
 2544 09d3 00       		.byte	0
 2545 09d4 20       		.byte	32
 2546 09d5 00       		.byte	0
 2547 09d6 10       		.byte	16
 2548 09d7 20       		.byte	32
 2549 09d8 20       		.byte	32
 2550 09d9 00       		.byte	0
 2551 09da 20       		.byte	32
 2552 09db 00       		.byte	0
 2553 09dc 00       		.byte	0
 2554 09dd 00       		.byte	0
 2555 09de 00       		.byte	0
 2556 09df 00       		.byte	0
 2557 09e0 00       		.byte	0
 2558 09e1 0B       		.byte	11
 2559 09e2 0B       		.byte	11
 2560 09e3 00       		.byte	0
 2561 09e4 00       		.byte	0
 2562 09e5 00       		.byte	0
 2563 09e6 00       		.byte	0
 2564 09e7 00       		.byte	0
 2565 09e8 10       		.byte	16
ARM GAS  C:\Users\danie\AppData\Local\Temp\ccR7nmH7.s 			page 46


 2566 09e9 00       		.byte	0
 2567 09ea 00       		.byte	0
 2568 09eb 00       		.byte	0
 2569 09ec 00       		.byte	0
 2570 09ed 00       		.byte	0
 2571 09ee 00       		.byte	0
 2572 09ef 00       		.byte	0
 2573 09f0 0A       		.byte	10
 2574 09f1 80       		.byte	-128
 2575 09f2 80       		.byte	-128
 2576 09f3 00       		.byte	0
 2577 09f4 80       		.byte	-128
 2578 09f5 00       		.byte	0
 2579 09f6 20       		.byte	32
 2580 09f7 00       		.byte	0
 2581              		.section	.cywolatch,"a",%progbits
 2582              		.align	2
 2583              		.type	cy_meta_wonvl, %object
 2584              		.size	cy_meta_wonvl, 4
 2585              	cy_meta_wonvl:
 2586 0000 BC       		.byte	-68
 2587 0001 90       		.byte	-112
 2588 0002 AC       		.byte	-84
 2589 0003 AF       		.byte	-81
 2590              		.section	.cycustnvl,"a",%progbits
 2591              		.align	2
 2592              		.type	cy_meta_custnvl, %object
 2593              		.size	cy_meta_custnvl, 4
 2594              	cy_meta_custnvl:
 2595 0000 00       		.byte	0
 2596 0001 00       		.byte	0
 2597 0002 40       		.byte	64
 2598 0003 05       		.byte	5
 2599              		.section	.cymeta,"a",%progbits
 2600              		.align	2
 2601              		.type	cy_metadata, %object
 2602              		.size	cy_metadata, 12
 2603              	cy_metadata:
 2604 0000 00       		.byte	0
 2605 0001 01       		.byte	1
 2606 0002 2E       		.byte	46
 2607 0003 12       		.byte	18
 2608 0004 30       		.byte	48
 2609 0005 69       		.byte	105
 2610 0006 00       		.byte	0
 2611 0007 01       		.byte	1
 2612 0008 00       		.byte	0
 2613 0009 00       		.byte	0
 2614 000a 00       		.byte	0
 2615 000b 00       		.byte	0
 2616              		.section	.cyflashprotect,"a",%progbits
 2617              		.align	2
 2618              		.type	cy_meta_flashprotect, %object
 2619              		.size	cy_meta_flashprotect, 256
 2620              	cy_meta_flashprotect:
 2621 0000 00000000 		.space	256
 2621      00000000 
ARM GAS  C:\Users\danie\AppData\Local\Temp\ccR7nmH7.s 			page 47


 2621      00000000 
 2621      00000000 
 2621      00000000 
 2622              		.text
 2623              	.Letext0:
 2624              		.file 1 "c:\\program files (x86)\\cypress\\psoc creator\\4.4\\psoc creator\\import\\gnu\\arm\\5.4.
 2625              		.file 2 "c:\\program files (x86)\\cypress\\psoc creator\\4.4\\psoc creator\\import\\gnu\\arm\\5.4.
 2626              		.file 3 "Generated_Source\\PSoC5\\cymetadata.c"
 2627              		.section	.debug_info,"",%progbits
 2628              	.Ldebug_info0:
 2629 0000 35010000 		.4byte	0x135
 2630 0004 0400     		.2byte	0x4
 2631 0006 00000000 		.4byte	.Ldebug_abbrev0
 2632 000a 04       		.byte	0x4
 2633 000b 01       		.uleb128 0x1
 2634 000c 24000000 		.4byte	.LASF17
 2635 0010 0C       		.byte	0xc
 2636 0011 C7010000 		.4byte	.LASF18
 2637 0015 D7000000 		.4byte	.LASF19
 2638 0019 00000000 		.4byte	.Ldebug_line0
 2639 001d 02       		.uleb128 0x2
 2640 001e 01       		.byte	0x1
 2641 001f 06       		.byte	0x6
 2642 0020 BB010000 		.4byte	.LASF0
 2643 0024 03       		.uleb128 0x3
 2644 0025 00000000 		.4byte	.LASF9
 2645 0029 01       		.byte	0x1
 2646 002a 1D       		.byte	0x1d
 2647 002b 2F000000 		.4byte	0x2f
 2648 002f 02       		.uleb128 0x2
 2649 0030 01       		.byte	0x1
 2650 0031 08       		.byte	0x8
 2651 0032 16000000 		.4byte	.LASF1
 2652 0036 02       		.uleb128 0x2
 2653 0037 02       		.byte	0x2
 2654 0038 05       		.byte	0x5
 2655 0039 A8010000 		.4byte	.LASF2
 2656 003d 02       		.uleb128 0x2
 2657 003e 02       		.byte	0x2
 2658 003f 07       		.byte	0x7
 2659 0040 C4000000 		.4byte	.LASF3
 2660 0044 02       		.uleb128 0x2
 2661 0045 04       		.byte	0x4
 2662 0046 05       		.byte	0x5
 2663 0047 B2010000 		.4byte	.LASF4
 2664 004b 02       		.uleb128 0x2
 2665 004c 04       		.byte	0x4
 2666 004d 07       		.byte	0x7
 2667 004e B2000000 		.4byte	.LASF5
 2668 0052 02       		.uleb128 0x2
 2669 0053 08       		.byte	0x8
 2670 0054 05       		.byte	0x5
 2671 0055 9A010000 		.4byte	.LASF6
 2672 0059 02       		.uleb128 0x2
 2673 005a 08       		.byte	0x8
 2674 005b 07       		.byte	0x7
 2675 005c 4F010000 		.4byte	.LASF7
ARM GAS  C:\Users\danie\AppData\Local\Temp\ccR7nmH7.s 			page 48


 2676 0060 04       		.uleb128 0x4
 2677 0061 04       		.byte	0x4
 2678 0062 05       		.byte	0x5
 2679 0063 696E7400 		.ascii	"int\000"
 2680 0067 02       		.uleb128 0x2
 2681 0068 04       		.byte	0x4
 2682 0069 07       		.byte	0x7
 2683 006a 42010000 		.4byte	.LASF8
 2684 006e 03       		.uleb128 0x3
 2685 006f 66010000 		.4byte	.LASF10
 2686 0073 02       		.byte	0x2
 2687 0074 18       		.byte	0x18
 2688 0075 24000000 		.4byte	0x24
 2689 0079 05       		.uleb128 0x5
 2690 007a 91000000 		.4byte	0x91
 2691 007e 8A000000 		.4byte	0x8a
 2692 0082 06       		.uleb128 0x6
 2693 0083 8A000000 		.4byte	0x8a
 2694 0087 F709     		.2byte	0x9f7
 2695 0089 00       		.byte	0
 2696 008a 02       		.uleb128 0x2
 2697 008b 04       		.byte	0x4
 2698 008c 07       		.byte	0x7
 2699 008d 91010000 		.4byte	.LASF11
 2700 0091 07       		.uleb128 0x7
 2701 0092 6E000000 		.4byte	0x6e
 2702 0096 08       		.uleb128 0x8
 2703 0097 30010000 		.4byte	.LASF12
 2704 009b 03       		.byte	0x3
 2705 009c 1F       		.byte	0x1f
 2706 009d A7000000 		.4byte	0xa7
 2707 00a1 05       		.uleb128 0x5
 2708 00a2 03       		.byte	0x3
 2709 00a3 00000000 		.4byte	cy_meta_configecc
 2710 00a7 07       		.uleb128 0x7
 2711 00a8 79000000 		.4byte	0x79
 2712 00ac 05       		.uleb128 0x5
 2713 00ad 91000000 		.4byte	0x91
 2714 00b1 BC000000 		.4byte	0xbc
 2715 00b5 09       		.uleb128 0x9
 2716 00b6 8A000000 		.4byte	0x8a
 2717 00ba 03       		.byte	0x3
 2718 00bb 00       		.byte	0
 2719 00bc 0A       		.uleb128 0xa
 2720 00bd 20010000 		.4byte	.LASF13
 2721 00c1 03       		.byte	0x3
 2722 00c2 6B01     		.2byte	0x16b
 2723 00c4 CE000000 		.4byte	0xce
 2724 00c8 05       		.uleb128 0x5
 2725 00c9 03       		.byte	0x3
 2726 00ca 00000000 		.4byte	cy_meta_custnvl
 2727 00ce 07       		.uleb128 0x7
 2728 00cf AC000000 		.4byte	0xac
 2729 00d3 0A       		.uleb128 0xa
 2730 00d4 83010000 		.4byte	.LASF14
 2731 00d8 03       		.byte	0x3
 2732 00d9 7901     		.2byte	0x179
ARM GAS  C:\Users\danie\AppData\Local\Temp\ccR7nmH7.s 			page 49


 2733 00db E5000000 		.4byte	0xe5
 2734 00df 05       		.uleb128 0x5
 2735 00e0 03       		.byte	0x3
 2736 00e1 00000000 		.4byte	cy_meta_wonvl
 2737 00e5 07       		.uleb128 0x7
 2738 00e6 AC000000 		.4byte	0xac
 2739 00ea 05       		.uleb128 0x5
 2740 00eb 91000000 		.4byte	0x91
 2741 00ef FA000000 		.4byte	0xfa
 2742 00f3 09       		.uleb128 0x9
 2743 00f4 8A000000 		.4byte	0x8a
 2744 00f8 FF       		.byte	0xff
 2745 00f9 00       		.byte	0
 2746 00fa 0A       		.uleb128 0xa
 2747 00fb 6E010000 		.4byte	.LASF15
 2748 00ff 03       		.byte	0x3
 2749 0100 8701     		.2byte	0x187
 2750 0102 0C010000 		.4byte	0x10c
 2751 0106 05       		.uleb128 0x5
 2752 0107 03       		.byte	0x3
 2753 0108 00000000 		.4byte	cy_meta_flashprotect
 2754 010c 07       		.uleb128 0x7
 2755 010d EA000000 		.4byte	0xea
 2756 0111 05       		.uleb128 0x5
 2757 0112 91000000 		.4byte	0x91
 2758 0116 21010000 		.4byte	0x121
 2759 011a 09       		.uleb128 0x9
 2760 011b 8A000000 		.4byte	0x8a
 2761 011f 0B       		.byte	0xb
 2762 0120 00       		.byte	0
 2763 0121 0A       		.uleb128 0xa
 2764 0122 0A000000 		.4byte	.LASF16
 2765 0126 03       		.byte	0x3
 2766 0127 B401     		.2byte	0x1b4
 2767 0129 33010000 		.4byte	0x133
 2768 012d 05       		.uleb128 0x5
 2769 012e 03       		.byte	0x3
 2770 012f 00000000 		.4byte	cy_metadata
 2771 0133 07       		.uleb128 0x7
 2772 0134 11010000 		.4byte	0x111
 2773 0138 00       		.byte	0
 2774              		.section	.debug_abbrev,"",%progbits
 2775              	.Ldebug_abbrev0:
 2776 0000 01       		.uleb128 0x1
 2777 0001 11       		.uleb128 0x11
 2778 0002 01       		.byte	0x1
 2779 0003 25       		.uleb128 0x25
 2780 0004 0E       		.uleb128 0xe
 2781 0005 13       		.uleb128 0x13
 2782 0006 0B       		.uleb128 0xb
 2783 0007 03       		.uleb128 0x3
 2784 0008 0E       		.uleb128 0xe
 2785 0009 1B       		.uleb128 0x1b
 2786 000a 0E       		.uleb128 0xe
 2787 000b 10       		.uleb128 0x10
 2788 000c 17       		.uleb128 0x17
 2789 000d 00       		.byte	0
ARM GAS  C:\Users\danie\AppData\Local\Temp\ccR7nmH7.s 			page 50


 2790 000e 00       		.byte	0
 2791 000f 02       		.uleb128 0x2
 2792 0010 24       		.uleb128 0x24
 2793 0011 00       		.byte	0
 2794 0012 0B       		.uleb128 0xb
 2795 0013 0B       		.uleb128 0xb
 2796 0014 3E       		.uleb128 0x3e
 2797 0015 0B       		.uleb128 0xb
 2798 0016 03       		.uleb128 0x3
 2799 0017 0E       		.uleb128 0xe
 2800 0018 00       		.byte	0
 2801 0019 00       		.byte	0
 2802 001a 03       		.uleb128 0x3
 2803 001b 16       		.uleb128 0x16
 2804 001c 00       		.byte	0
 2805 001d 03       		.uleb128 0x3
 2806 001e 0E       		.uleb128 0xe
 2807 001f 3A       		.uleb128 0x3a
 2808 0020 0B       		.uleb128 0xb
 2809 0021 3B       		.uleb128 0x3b
 2810 0022 0B       		.uleb128 0xb
 2811 0023 49       		.uleb128 0x49
 2812 0024 13       		.uleb128 0x13
 2813 0025 00       		.byte	0
 2814 0026 00       		.byte	0
 2815 0027 04       		.uleb128 0x4
 2816 0028 24       		.uleb128 0x24
 2817 0029 00       		.byte	0
 2818 002a 0B       		.uleb128 0xb
 2819 002b 0B       		.uleb128 0xb
 2820 002c 3E       		.uleb128 0x3e
 2821 002d 0B       		.uleb128 0xb
 2822 002e 03       		.uleb128 0x3
 2823 002f 08       		.uleb128 0x8
 2824 0030 00       		.byte	0
 2825 0031 00       		.byte	0
 2826 0032 05       		.uleb128 0x5
 2827 0033 01       		.uleb128 0x1
 2828 0034 01       		.byte	0x1
 2829 0035 49       		.uleb128 0x49
 2830 0036 13       		.uleb128 0x13
 2831 0037 01       		.uleb128 0x1
 2832 0038 13       		.uleb128 0x13
 2833 0039 00       		.byte	0
 2834 003a 00       		.byte	0
 2835 003b 06       		.uleb128 0x6
 2836 003c 21       		.uleb128 0x21
 2837 003d 00       		.byte	0
 2838 003e 49       		.uleb128 0x49
 2839 003f 13       		.uleb128 0x13
 2840 0040 2F       		.uleb128 0x2f
 2841 0041 05       		.uleb128 0x5
 2842 0042 00       		.byte	0
 2843 0043 00       		.byte	0
 2844 0044 07       		.uleb128 0x7
 2845 0045 26       		.uleb128 0x26
 2846 0046 00       		.byte	0
ARM GAS  C:\Users\danie\AppData\Local\Temp\ccR7nmH7.s 			page 51


 2847 0047 49       		.uleb128 0x49
 2848 0048 13       		.uleb128 0x13
 2849 0049 00       		.byte	0
 2850 004a 00       		.byte	0
 2851 004b 08       		.uleb128 0x8
 2852 004c 34       		.uleb128 0x34
 2853 004d 00       		.byte	0
 2854 004e 03       		.uleb128 0x3
 2855 004f 0E       		.uleb128 0xe
 2856 0050 3A       		.uleb128 0x3a
 2857 0051 0B       		.uleb128 0xb
 2858 0052 3B       		.uleb128 0x3b
 2859 0053 0B       		.uleb128 0xb
 2860 0054 49       		.uleb128 0x49
 2861 0055 13       		.uleb128 0x13
 2862 0056 3F       		.uleb128 0x3f
 2863 0057 19       		.uleb128 0x19
 2864 0058 02       		.uleb128 0x2
 2865 0059 18       		.uleb128 0x18
 2866 005a 00       		.byte	0
 2867 005b 00       		.byte	0
 2868 005c 09       		.uleb128 0x9
 2869 005d 21       		.uleb128 0x21
 2870 005e 00       		.byte	0
 2871 005f 49       		.uleb128 0x49
 2872 0060 13       		.uleb128 0x13
 2873 0061 2F       		.uleb128 0x2f
 2874 0062 0B       		.uleb128 0xb
 2875 0063 00       		.byte	0
 2876 0064 00       		.byte	0
 2877 0065 0A       		.uleb128 0xa
 2878 0066 34       		.uleb128 0x34
 2879 0067 00       		.byte	0
 2880 0068 03       		.uleb128 0x3
 2881 0069 0E       		.uleb128 0xe
 2882 006a 3A       		.uleb128 0x3a
 2883 006b 0B       		.uleb128 0xb
 2884 006c 3B       		.uleb128 0x3b
 2885 006d 05       		.uleb128 0x5
 2886 006e 49       		.uleb128 0x49
 2887 006f 13       		.uleb128 0x13
 2888 0070 3F       		.uleb128 0x3f
 2889 0071 19       		.uleb128 0x19
 2890 0072 02       		.uleb128 0x2
 2891 0073 18       		.uleb128 0x18
 2892 0074 00       		.byte	0
 2893 0075 00       		.byte	0
 2894 0076 00       		.byte	0
 2895              		.section	.debug_aranges,"",%progbits
 2896 0000 14000000 		.4byte	0x14
 2897 0004 0200     		.2byte	0x2
 2898 0006 00000000 		.4byte	.Ldebug_info0
 2899 000a 04       		.byte	0x4
 2900 000b 00       		.byte	0
 2901 000c 0000     		.2byte	0
 2902 000e 0000     		.2byte	0
 2903 0010 00000000 		.4byte	0
ARM GAS  C:\Users\danie\AppData\Local\Temp\ccR7nmH7.s 			page 52


 2904 0014 00000000 		.4byte	0
 2905              		.section	.debug_line,"",%progbits
 2906              	.Ldebug_line0:
 2907 0000 3D010000 		.section	.debug_str,"MS",%progbits,1
 2907      02003701 
 2907      00000201 
 2907      FB0E0D00 
 2907      01010101 
 2908              	.LASF9:
 2909 0000 5F5F7569 		.ascii	"__uint8_t\000"
 2909      6E74385F 
 2909      7400
 2910              	.LASF16:
 2911 000a 63795F6D 		.ascii	"cy_metadata\000"
 2911      65746164 
 2911      61746100 
 2912              	.LASF1:
 2913 0016 756E7369 		.ascii	"unsigned char\000"
 2913      676E6564 
 2913      20636861 
 2913      7200
 2914              	.LASF17:
 2915 0024 474E5520 		.ascii	"GNU C11 5.4.1 20160609 (release) [ARM/embedded-5-br"
 2915      43313120 
 2915      352E342E 
 2915      31203230 
 2915      31363036 
 2916 0057 616E6368 		.ascii	"anch revision 237715] -mcpu=cortex-m3 -mthumb -g -O"
 2916      20726576 
 2916      6973696F 
 2916      6E203233 
 2916      37373135 
 2917 008a 67202D66 		.ascii	"g -ffunction-sections -ffat-lto-objects\000"
 2917      66756E63 
 2917      74696F6E 
 2917      2D736563 
 2917      74696F6E 
 2918              	.LASF5:
 2919 00b2 6C6F6E67 		.ascii	"long unsigned int\000"
 2919      20756E73 
 2919      69676E65 
 2919      6420696E 
 2919      7400
 2920              	.LASF3:
 2921 00c4 73686F72 		.ascii	"short unsigned int\000"
 2921      7420756E 
 2921      7369676E 
 2921      65642069 
 2921      6E7400
 2922              	.LASF19:
 2923 00d7 433A5C55 		.ascii	"C:\\Users\\danie\\Downloads\\ECE302_NavCode\\ECE302"
 2923      73657273 
 2923      5C64616E 
 2923      69655C44 
 2923      6F776E6C 
 2924 0105 5F4E6176 		.ascii	"_NavProject\\Design01.cydsn\000"
 2924      50726F6A 
ARM GAS  C:\Users\danie\AppData\Local\Temp\ccR7nmH7.s 			page 53


 2924      6563745C 
 2924      44657369 
 2924      676E3031 
 2925              	.LASF13:
 2926 0120 63795F6D 		.ascii	"cy_meta_custnvl\000"
 2926      6574615F 
 2926      63757374 
 2926      6E766C00 
 2927              	.LASF12:
 2928 0130 63795F6D 		.ascii	"cy_meta_configecc\000"
 2928      6574615F 
 2928      636F6E66 
 2928      69676563 
 2928      6300
 2929              	.LASF8:
 2930 0142 756E7369 		.ascii	"unsigned int\000"
 2930      676E6564 
 2930      20696E74 
 2930      00
 2931              	.LASF7:
 2932 014f 6C6F6E67 		.ascii	"long long unsigned int\000"
 2932      206C6F6E 
 2932      6720756E 
 2932      7369676E 
 2932      65642069 
 2933              	.LASF10:
 2934 0166 75696E74 		.ascii	"uint8_t\000"
 2934      385F7400 
 2935              	.LASF15:
 2936 016e 63795F6D 		.ascii	"cy_meta_flashprotect\000"
 2936      6574615F 
 2936      666C6173 
 2936      6870726F 
 2936      74656374 
 2937              	.LASF14:
 2938 0183 63795F6D 		.ascii	"cy_meta_wonvl\000"
 2938      6574615F 
 2938      776F6E76 
 2938      6C00
 2939              	.LASF11:
 2940 0191 73697A65 		.ascii	"sizetype\000"
 2940      74797065 
 2940      00
 2941              	.LASF6:
 2942 019a 6C6F6E67 		.ascii	"long long int\000"
 2942      206C6F6E 
 2942      6720696E 
 2942      7400
 2943              	.LASF2:
 2944 01a8 73686F72 		.ascii	"short int\000"
 2944      7420696E 
 2944      7400
 2945              	.LASF4:
 2946 01b2 6C6F6E67 		.ascii	"long int\000"
 2946      20696E74 
 2946      00
 2947              	.LASF0:
ARM GAS  C:\Users\danie\AppData\Local\Temp\ccR7nmH7.s 			page 54


 2948 01bb 7369676E 		.ascii	"signed char\000"
 2948      65642063 
 2948      68617200 
 2949              	.LASF18:
 2950 01c7 47656E65 		.ascii	"Generated_Source\\PSoC5\\cymetadata.c\000"
 2950      72617465 
 2950      645F536F 
 2950      75726365 
 2950      5C50536F 
 2951              		.ident	"GCC: (GNU Tools for ARM Embedded Processors) 5.4.1 20160609 (release) [ARM/embedded-5-bran
