ARM GAS  C:\Users\danie\AppData\Local\Temp\cc8uma5Z.s 			page 1


   1              		.syntax unified
   2              		.cpu cortex-m3
   3              		.fpu softvfp
   4              		.eabi_attribute 20, 1
   5              		.eabi_attribute 21, 1
   6              		.eabi_attribute 23, 3
   7              		.eabi_attribute 24, 1
   8              		.eabi_attribute 25, 1
   9              		.eabi_attribute 26, 1
  10              		.eabi_attribute 30, 1
  11              		.eabi_attribute 34, 1
  12              		.eabi_attribute 18, 4
  13              		.thumb
  14              		.syntax unified
  15              		.file	"main.c"
  16              		.text
  17              	.Ltext0:
  18              		.cfi_sections	.debug_frame
  19              		.global	__aeabi_ui2d
  20              		.global	__aeabi_dsub
  21              		.global	__aeabi_dmul
  22              		.global	__aeabi_dadd
  23              		.global	__aeabi_d2uiz
  24              		.section	.text.steer_inter,"ax",%progbits
  25              		.align	2
  26              		.global	steer_inter
  27              		.thumb
  28              		.thumb_func
  29              		.type	steer_inter, %function
  30              	steer_inter:
  31              	.LFB64:
  32              		.file 1 "main.c"
   1:main.c        **** // ALL DEBUG OUTPUTS ARE IN P5[1-5]
   2:main.c        **** 
   3:main.c        **** #include "project.h"
   4:main.c        **** #include <stdio.h>
   5:main.c        **** 
   6:main.c        **** // Speed control constants and variables
   7:main.c        **** #define TARGET_SPEED 4.0          
   8:main.c        **** #define WHEEL_CIRCUMFERENCE 0.5   
   9:main.c        **** #define PULSES_PER_TURN 5         
  10:main.c        **** #define Kp_speed 100               
  11:main.c        **** #define Ki_speed 15            
  12:main.c        ****                 
  13:main.c        **** volatile double speed = 0.0;
  14:main.c        **** uint16 old = 65535;
  15:main.c        **** uint16 new;
  16:main.c        **** uint16 elapsed;
  17:main.c        **** volatile double PWM_base = 1000;
  18:main.c        **** volatile double pwm;
  19:main.c        **** double err_speed;
  20:main.c        **** double acc_err_speed = 0;
  21:main.c        **** char strbuf[42];
  22:main.c        **** 
  23:main.c        **** // Line-following constants and variables       
  24:main.c        **** #define MIDDLE_LINE 700
  25:main.c        **** #define Kp_steering 10
ARM GAS  C:\Users\danie\AppData\Local\Temp\cc8uma5Z.s 			page 2


  26:main.c        **** #define Ki_steering 0.5
  27:main.c        **** #define Kd_steering 0.5
  28:main.c        **** 
  29:main.c        **** double error_steering = 0;
  30:main.c        **** double steeringIntegral = 0;
  31:main.c        **** double steeringDerivative = 0;
  32:main.c        **** double previousSteeringError = 0;
  33:main.c        **** double steeringOutput = 0;
  34:main.c        **** int steeringPWM = 0;
  35:main.c        **** double sampledTime;
  36:main.c        **** 
  37:main.c        **** #define PWM_MIN 1000
  38:main.c        **** #define PWM_CENTER 1500
  39:main.c        **** #define PWM_MAX 2000
  40:main.c        **** 
  41:main.c        **** 
  42:main.c        **** char str_buf [32];
  43:main.c        **** 
  44:main.c        **** // C Sync ISR - increments line count and signals the middle line
  45:main.c        **** CY_ISR(steer_inter) {
  33              		.loc 1 45 0
  34              		.cfi_startproc
  35              		@ args = 0, pretend = 0, frame = 0
  36              		@ frame_needed = 0, uses_anonymous_args = 0
  37 0000 70B5     		push	{r4, r5, r6, lr}
  38              		.cfi_def_cfa_offset 16
  39              		.cfi_offset 4, -16
  40              		.cfi_offset 5, -12
  41              		.cfi_offset 6, -8
  42              		.cfi_offset 14, -4
  46:main.c        ****     
  47:main.c        ****     // Read the capture value from the sample timer
  48:main.c        ****     sampledTime =  65535 - (double) VID_TIMER_ReadCapture();
  43              		.loc 1 48 0
  44 0002 FFF7FEFF 		bl	VID_TIMER_ReadCapture
  45              	.LVL0:
  46 0006 FFF7FEFF 		bl	__aeabi_ui2d
  47              	.LVL1:
  48 000a 0246     		mov	r2, r0
  49 000c 0B46     		mov	r3, r1
  50 000e 2AA1     		adr	r1, .L5
  51 0010 D1E90001 		ldrd	r0, [r1]
  52 0014 FFF7FEFF 		bl	__aeabi_dsub
  53              	.LVL2:
  54 0018 0246     		mov	r2, r0
  55 001a 0B46     		mov	r3, r1
  56 001c 2A4E     		ldr	r6, .L5+16
  57 001e C6E90023 		strd	r2, [r6]
  49:main.c        ****     // Calculate steering error
  50:main.c        ****     error_steering = MIDDLE_LINE - sampledTime;
  58              		.loc 1 50 0
  59 0022 0020     		movs	r0, #0
  60 0024 2949     		ldr	r1, .L5+20
  61 0026 FFF7FEFF 		bl	__aeabi_dsub
  62              	.LVL3:
  63 002a 294C     		ldr	r4, .L5+24
  64 002c C4E90001 		strd	r0, [r4]
ARM GAS  C:\Users\danie\AppData\Local\Temp\cc8uma5Z.s 			page 3


  51:main.c        **** 
  52:main.c        ****     // steering calculations
  53:main.c        ****     // steeringDerivative = error_steering - previousSteeringError;
  54:main.c        ****     // previousSteeringError = error_steering;
  55:main.c        ****     steeringOutput = PWM_CENTER + (Kp_steering * error_steering);
  65              		.loc 1 55 0
  66 0030 0022     		movs	r2, #0
  67 0032 284B     		ldr	r3, .L5+28
  68 0034 FFF7FEFF 		bl	__aeabi_dmul
  69              	.LVL4:
  70 0038 21A3     		adr	r3, .L5+8
  71 003a D3E90023 		ldrd	r2, [r3]
  72 003e FFF7FEFF 		bl	__aeabi_dadd
  73              	.LVL5:
  74 0042 C4E90201 		strd	r0, [r4, #8]
  56:main.c        ****     
  57:main.c        ****     // DEBUG
  58:main.c        ****     UART_PutString("\r\n NAV INTR");
  75              		.loc 1 58 0
  76 0046 2448     		ldr	r0, .L5+32
  77 0048 FFF7FEFF 		bl	UART_PutString
  78              	.LVL6:
  59:main.c        ****     sprintf(str_buf, "\r\n time:  %f", sampledTime);
  79              		.loc 1 59 0
  80 004c 234D     		ldr	r5, .L5+36
  81 004e D6E90023 		ldrd	r2, [r6]
  82 0052 2349     		ldr	r1, .L5+40
  83 0054 2846     		mov	r0, r5
  84 0056 FFF7FEFF 		bl	sprintf
  85              	.LVL7:
  60:main.c        ****     UART_PutString(str_buf);
  86              		.loc 1 60 0
  87 005a 2846     		mov	r0, r5
  88 005c FFF7FEFF 		bl	UART_PutString
  89              	.LVL8:
  61:main.c        ****     sprintf(str_buf, "\r\n steering error:  %f", error_steering);
  90              		.loc 1 61 0
  91 0060 D4E90023 		ldrd	r2, [r4]
  92 0064 1F49     		ldr	r1, .L5+44
  93 0066 2846     		mov	r0, r5
  94 0068 FFF7FEFF 		bl	sprintf
  95              	.LVL9:
  62:main.c        ****     UART_PutString(str_buf);
  96              		.loc 1 62 0
  97 006c 2846     		mov	r0, r5
  98 006e FFF7FEFF 		bl	UART_PutString
  99              	.LVL10:
  63:main.c        ****     sprintf(str_buf, "\r\n steering pwm:  %f", steeringOutput);
 100              		.loc 1 63 0
 101 0072 D4E90223 		ldrd	r2, [r4, #8]
 102 0076 1C49     		ldr	r1, .L5+48
 103 0078 2846     		mov	r0, r5
 104 007a FFF7FEFF 		bl	sprintf
 105              	.LVL11:
  64:main.c        ****     UART_PutString(str_buf);
 106              		.loc 1 64 0
 107 007e 2846     		mov	r0, r5
ARM GAS  C:\Users\danie\AppData\Local\Temp\cc8uma5Z.s 			page 4


 108 0080 FFF7FEFF 		bl	UART_PutString
 109              	.LVL12:
  65:main.c        ****     
  66:main.c        ****     steeringPWM = (uint16)steeringOutput;
 110              		.loc 1 66 0
 111 0084 D4E90201 		ldrd	r0, [r4, #8]
 112 0088 FFF7FEFF 		bl	__aeabi_d2uiz
 113              	.LVL13:
 114 008c 80B2     		uxth	r0, r0
 115 008e 2061     		str	r0, [r4, #16]
  67:main.c        ****     
  68:main.c        ****     // limit steering PWM within the min and max bounds
  69:main.c        ****     if (steeringPWM < PWM_MIN) steeringPWM = PWM_MIN;
 116              		.loc 1 69 0
 117 0090 B0F57A7F 		cmp	r0, #1000
 118 0094 02DA     		bge	.L2
 119              		.loc 1 69 0 is_stmt 0 discriminator 1
 120 0096 4FF47A72 		mov	r2, #1000
 121 009a 2261     		str	r2, [r4, #16]
 122              	.L2:
  70:main.c        ****     if (steeringPWM > PWM_MAX) steeringPWM = PWM_MAX;
 123              		.loc 1 70 0 is_stmt 1
 124 009c 0C4B     		ldr	r3, .L5+24
 125 009e 1B69     		ldr	r3, [r3, #16]
 126 00a0 B3F5FA6F 		cmp	r3, #2000
 127 00a4 03DD     		ble	.L3
 128              		.loc 1 70 0 is_stmt 0 discriminator 1
 129 00a6 4FF4FA62 		mov	r2, #2000
 130 00aa 094B     		ldr	r3, .L5+24
 131 00ac 1A61     		str	r2, [r3, #16]
 132              	.L3:
  71:main.c        ****     
  72:main.c        ****     // update servo PWM
  73:main.c        ****     SERVO_PWM_WriteCompare(steeringPWM);
 133              		.loc 1 73 0 is_stmt 1
 134 00ae 084B     		ldr	r3, .L5+24
 135 00b0 188A     		ldrh	r0, [r3, #16]
 136 00b2 FFF7FEFF 		bl	SERVO_PWM_WriteCompare
 137              	.LVL14:
 138 00b6 70BD     		pop	{r4, r5, r6, pc}
 139              	.L6:
 140              		.align	3
 141              	.L5:
 142 00b8 00000000 		.word	0
 143 00bc E0FFEF40 		.word	1089470432
 144 00c0 00000000 		.word	0
 145 00c4 00709740 		.word	1083666432
 146 00c8 00000000 		.word	sampledTime
 147 00cc 00E08540 		.word	1082515456
 148 00d0 00000000 		.word	.LANCHOR0
 149 00d4 00002440 		.word	1076101120
 150 00d8 00000000 		.word	.LC0
 151 00dc 00000000 		.word	str_buf
 152 00e0 0C000000 		.word	.LC1
 153 00e4 1C000000 		.word	.LC2
 154 00e8 34000000 		.word	.LC3
 155              		.cfi_endproc
ARM GAS  C:\Users\danie\AppData\Local\Temp\cc8uma5Z.s 			page 5


 156              	.LFE64:
 157              		.size	steer_inter, .-steer_inter
 158              		.global	__aeabi_ddiv
 159              		.global	__aeabi_dcmpgt
 160              		.global	__aeabi_dcmplt
 161              		.global	__aeabi_d2iz
 162              		.section	.text.speed_inter,"ax",%progbits
 163              		.align	2
 164              		.global	speed_inter
 165              		.thumb
 166              		.thumb_func
 167              		.type	speed_inter, %function
 168              	speed_inter:
 169              	.LFB65:
  74:main.c        **** }
  75:main.c        **** 
  76:main.c        **** 
  77:main.c        **** CY_ISR(speed_inter) {
 170              		.loc 1 77 0
 171              		.cfi_startproc
 172              		@ args = 0, pretend = 0, frame = 0
 173              		@ frame_needed = 0, uses_anonymous_args = 0
 174 0000 2DE9F843 		push	{r3, r4, r5, r6, r7, r8, r9, lr}
 175              		.cfi_def_cfa_offset 32
 176              		.cfi_offset 3, -32
 177              		.cfi_offset 4, -28
 178              		.cfi_offset 5, -24
 179              		.cfi_offset 6, -20
 180              		.cfi_offset 7, -16
 181              		.cfi_offset 8, -12
 182              		.cfi_offset 9, -8
 183              		.cfi_offset 14, -4
  78:main.c        ****     new = TIMER_ReadCapture();
 184              		.loc 1 78 0
 185 0004 FFF7FEFF 		bl	TIMER_ReadCapture
 186              	.LVL15:
 187 0008 4D4B     		ldr	r3, .L20+16
 188 000a 1880     		strh	r0, [r3]	@ movhi
  79:main.c        ****     if (new <= old)
 189              		.loc 1 79 0
 190 000c 4D4B     		ldr	r3, .L20+20
 191 000e 1B88     		ldrh	r3, [r3]
 192 0010 9842     		cmp	r0, r3
 193 0012 03D8     		bhi	.L8
  80:main.c        ****         elapsed = old - new;
 194              		.loc 1 80 0
 195 0014 1B1A     		subs	r3, r3, r0
 196 0016 4C4A     		ldr	r2, .L20+24
 197 0018 1380     		strh	r3, [r2]	@ movhi
 198 001a 03E0     		b	.L9
 199              	.L8:
  81:main.c        ****     else
  82:main.c        ****         elapsed = 65535 - new + old;
 200              		.loc 1 82 0
 201 001c 1B1A     		subs	r3, r3, r0
 202 001e 013B     		subs	r3, r3, #1
 203 0020 494A     		ldr	r2, .L20+24
ARM GAS  C:\Users\danie\AppData\Local\Temp\cc8uma5Z.s 			page 6


 204 0022 1380     		strh	r3, [r2]	@ movhi
 205              	.L9:
  83:main.c        ****     
  84:main.c        ****     speed = 1256.0 / (double) elapsed;
 206              		.loc 1 84 0
 207 0024 484B     		ldr	r3, .L20+24
 208 0026 1888     		ldrh	r0, [r3]
 209 0028 FFF7FEFF 		bl	__aeabi_ui2d
 210              	.LVL16:
 211 002c 0246     		mov	r2, r0
 212 002e 0B46     		mov	r3, r1
 213 0030 0020     		movs	r0, #0
 214 0032 4649     		ldr	r1, .L20+28
 215 0034 FFF7FEFF 		bl	__aeabi_ddiv
 216              	.LVL17:
 217 0038 454C     		ldr	r4, .L20+32
 218 003a C4E90601 		strd	r0, [r4, #24]
  85:main.c        ****     err_speed = TARGET_SPEED - speed;
 219              		.loc 1 85 0
 220 003e D4E90623 		ldrd	r2, [r4, #24]
 221 0042 0020     		movs	r0, #0
 222 0044 4349     		ldr	r1, .L20+36
 223 0046 FFF7FEFF 		bl	__aeabi_dsub
 224              	.LVL18:
 225 004a 8046     		mov	r8, r0
 226 004c 8946     		mov	r9, r1
 227 004e 424B     		ldr	r3, .L20+40
 228 0050 C3E90089 		strd	r8, [r3]
  86:main.c        ****     acc_err_speed += err_speed;
 229              		.loc 1 86 0
 230 0054 D4E90823 		ldrd	r2, [r4, #32]
 231 0058 FFF7FEFF 		bl	__aeabi_dadd
 232              	.LVL19:
 233 005c 0646     		mov	r6, r0
 234 005e 0F46     		mov	r7, r1
 235 0060 C4E90867 		strd	r6, [r4, #32]
  87:main.c        **** 
  88:main.c        ****     if (error_steering > 200)
 236              		.loc 1 88 0
 237 0064 0022     		movs	r2, #0
 238 0066 3D4B     		ldr	r3, .L20+44
 239 0068 D4E90001 		ldrd	r0, [r4]
 240 006c FFF7FEFF 		bl	__aeabi_dcmpgt
 241              	.LVL20:
 242 0070 28B1     		cbz	r0, .L10
  89:main.c        ****        PWM_base = 1500; 
 243              		.loc 1 89 0
 244 0072 2FA1     		adr	r1, .L20
 245 0074 D1E90001 		ldrd	r0, [r1]
 246 0078 324B     		ldr	r3, .L20+20
 247 007a C3E90201 		strd	r0, [r3, #8]
 248              	.L10:
  90:main.c        ****     
  91:main.c        ****     pwm = PWM_base + Kp_speed * err_speed + Ki_speed * acc_err_speed;
 249              		.loc 1 91 0
 250 007e 0022     		movs	r2, #0
 251 0080 374B     		ldr	r3, .L20+48
ARM GAS  C:\Users\danie\AppData\Local\Temp\cc8uma5Z.s 			page 7


 252 0082 4046     		mov	r0, r8
 253 0084 4946     		mov	r1, r9
 254 0086 FFF7FEFF 		bl	__aeabi_dmul
 255              	.LVL21:
 256 008a 2E4B     		ldr	r3, .L20+20
 257 008c D3E90223 		ldrd	r2, [r3, #8]
 258 0090 FFF7FEFF 		bl	__aeabi_dadd
 259              	.LVL22:
 260 0094 0446     		mov	r4, r0
 261 0096 0D46     		mov	r5, r1
 262 0098 0022     		movs	r2, #0
 263 009a 324B     		ldr	r3, .L20+52
 264 009c 3046     		mov	r0, r6
 265 009e 3946     		mov	r1, r7
 266 00a0 FFF7FEFF 		bl	__aeabi_dmul
 267              	.LVL23:
 268 00a4 0246     		mov	r2, r0
 269 00a6 0B46     		mov	r3, r1
 270 00a8 2046     		mov	r0, r4
 271 00aa 2946     		mov	r1, r5
 272 00ac FFF7FEFF 		bl	__aeabi_dadd
 273              	.LVL24:
 274 00b0 2D4C     		ldr	r4, .L20+56
 275 00b2 C4E90001 		strd	r0, [r4]
  92:main.c        ****     if (pwm < 500)
 276              		.loc 1 92 0
 277 00b6 0022     		movs	r2, #0
 278 00b8 2C4B     		ldr	r3, .L20+60
 279 00ba D4E90001 		ldrd	r0, [r4]
 280 00be FFF7FEFF 		bl	__aeabi_dcmplt
 281              	.LVL25:
 282 00c2 18B1     		cbz	r0, .L12
  93:main.c        ****         pwm = 500;
 283              		.loc 1 93 0
 284 00c4 0020     		movs	r0, #0
 285 00c6 2949     		ldr	r1, .L20+60
 286 00c8 C4E90001 		strd	r0, [r4]
 287              	.L12:
  94:main.c        ****     if (pwm > 2500)
 288              		.loc 1 94 0
 289 00cc 1AA3     		adr	r3, .L20+8
 290 00ce D3E90023 		ldrd	r2, [r3]
 291 00d2 2549     		ldr	r1, .L20+56
 292 00d4 D1E90001 		ldrd	r0, [r1]
 293 00d8 FFF7FEFF 		bl	__aeabi_dcmpgt
 294              	.LVL26:
 295 00dc 28B1     		cbz	r0, .L14
  95:main.c        ****         pwm = 2500;
 296              		.loc 1 95 0
 297 00de 16A1     		adr	r1, .L20+8
 298 00e0 D1E90001 		ldrd	r0, [r1]
 299 00e4 204B     		ldr	r3, .L20+56
 300 00e6 C3E90001 		strd	r0, [r3]
 301              	.L14:
  96:main.c        ****     
  97:main.c        ****     sprintf(strbuf, "%d ft/s,\r\n", (int)(speed * 1000));
 302              		.loc 1 97 0
ARM GAS  C:\Users\danie\AppData\Local\Temp\cc8uma5Z.s 			page 8


 303 00ea 0022     		movs	r2, #0
 304 00ec 204B     		ldr	r3, .L20+64
 305 00ee 1849     		ldr	r1, .L20+32
 306 00f0 D1E90601 		ldrd	r0, [r1, #24]
 307 00f4 FFF7FEFF 		bl	__aeabi_dmul
 308              	.LVL27:
 309 00f8 FFF7FEFF 		bl	__aeabi_d2iz
 310              	.LVL28:
 311 00fc 1D4C     		ldr	r4, .L20+68
 312 00fe 0246     		mov	r2, r0
 313 0100 1D49     		ldr	r1, .L20+72
 314 0102 2046     		mov	r0, r4
 315 0104 FFF7FEFF 		bl	sprintf
 316              	.LVL29:
  98:main.c        ****     UART_PutString(strbuf);
 317              		.loc 1 98 0
 318 0108 2046     		mov	r0, r4
 319 010a FFF7FEFF 		bl	UART_PutString
 320              	.LVL30:
  99:main.c        ****     PWM_WriteCompare((uint16)pwm);
 321              		.loc 1 99 0
 322 010e 164B     		ldr	r3, .L20+56
 323 0110 D3E90001 		ldrd	r0, [r3]
 324 0114 FFF7FEFF 		bl	__aeabi_d2uiz
 325              	.LVL31:
 326 0118 80B2     		uxth	r0, r0
 327 011a FFF7FEFF 		bl	PWM_WriteCompare
 328              	.LVL32:
 100:main.c        ****     TIMER_ReadStatusRegister();
 329              		.loc 1 100 0
 330 011e FFF7FEFF 		bl	TIMER_ReadStatusRegister
 331              	.LVL33:
 101:main.c        ****     old = new;
 332              		.loc 1 101 0
 333 0122 074B     		ldr	r3, .L20+16
 334 0124 1A88     		ldrh	r2, [r3]
 335 0126 074B     		ldr	r3, .L20+20
 336 0128 1A80     		strh	r2, [r3]	@ movhi
 337 012a BDE8F883 		pop	{r3, r4, r5, r6, r7, r8, r9, pc}
 338              	.L21:
 339 012e 00BF     		.align	3
 340              	.L20:
 341 0130 00000000 		.word	0
 342 0134 00709740 		.word	1083666432
 343 0138 00000000 		.word	0
 344 013c 0088A340 		.word	1084459008
 345 0140 00000000 		.word	new
 346 0144 00000000 		.word	.LANCHOR1
 347 0148 00000000 		.word	elapsed
 348 014c 00A09340 		.word	1083416576
 349 0150 00000000 		.word	.LANCHOR0
 350 0154 00001040 		.word	1074790400
 351 0158 00000000 		.word	err_speed
 352 015c 00006940 		.word	1080623104
 353 0160 00005940 		.word	1079574528
 354 0164 00002E40 		.word	1076756480
 355 0168 00000000 		.word	pwm
ARM GAS  C:\Users\danie\AppData\Local\Temp\cc8uma5Z.s 			page 9


 356 016c 00407F40 		.word	1082081280
 357 0170 00408F40 		.word	1083129856
 358 0174 00000000 		.word	strbuf
 359 0178 4C000000 		.word	.LC4
 360              		.cfi_endproc
 361              	.LFE65:
 362              		.size	speed_inter, .-speed_inter
 363              		.section	.text.main,"ax",%progbits
 364              		.align	2
 365              		.global	main
 366              		.thumb
 367              		.thumb_func
 368              		.type	main, %function
 369              	main:
 370              	.LFB66:
 102:main.c        **** }
 103:main.c        **** 
 104:main.c        **** // Main function
 105:main.c        **** int main(void) {
 371              		.loc 1 105 0
 372              		.cfi_startproc
 373              		@ Volatile: function does not return.
 374              		@ args = 0, pretend = 0, frame = 0
 375              		@ frame_needed = 0, uses_anonymous_args = 0
 376 0000 08B5     		push	{r3, lr}
 377              		.cfi_def_cfa_offset 8
 378              		.cfi_offset 3, -8
 379              		.cfi_offset 14, -4
 106:main.c        ****     CyGlobalIntEnable;
 380              		.loc 1 106 0
 381              		.syntax unified
 382              	@ 106 "main.c" 1
 383 0002 62B6     		CPSIE   i
 384              	@ 0 "" 2
 107:main.c        ****     
 108:main.c        ****     // Speed control init
 109:main.c        ****     PWM_Start();
 385              		.loc 1 109 0
 386              		.thumb
 387              		.syntax unified
 388 0004 FFF7FEFF 		bl	PWM_Start
 389              	.LVL34:
 110:main.c        ****     TIMER_Start();
 390              		.loc 1 110 0
 391 0008 FFF7FEFF 		bl	TIMER_Start
 392              	.LVL35:
 111:main.c        ****     UART_Start();
 393              		.loc 1 111 0
 394 000c FFF7FEFF 		bl	UART_Start
 395              	.LVL36:
 112:main.c        **** 
 113:main.c        ****     // Steering control init
 114:main.c        ****     VID_TIMER_Start();
 396              		.loc 1 114 0
 397 0010 FFF7FEFF 		bl	VID_TIMER_Start
 398              	.LVL37:
 115:main.c        ****     SERVO_PWM_Start();
ARM GAS  C:\Users\danie\AppData\Local\Temp\cc8uma5Z.s 			page 10


 399              		.loc 1 115 0
 400 0014 FFF7FEFF 		bl	SERVO_PWM_Start
 401              	.LVL38:
 116:main.c        ****     VDAC_Start();
 402              		.loc 1 116 0
 403 0018 FFF7FEFF 		bl	VDAC_Start
 404              	.LVL39:
 117:main.c        ****     COMP_Start();
 405              		.loc 1 117 0
 406 001c FFF7FEFF 		bl	COMP_Start
 407              	.LVL40:
 118:main.c        ****     
 119:main.c        ****     // Interrupts
 120:main.c        ****     INT_SAMPLE_Start();
 408              		.loc 1 120 0
 409 0020 FFF7FEFF 		bl	INT_SAMPLE_Start
 410              	.LVL41:
 121:main.c        ****     INT_SAMPLE_SetVector(steer_inter);
 411              		.loc 1 121 0
 412 0024 0548     		ldr	r0, .L25
 413 0026 FFF7FEFF 		bl	INT_SAMPLE_SetVector
 414              	.LVL42:
 122:main.c        ****     
 123:main.c        ****     HE_ISR_Start();
 415              		.loc 1 123 0
 416 002a FFF7FEFF 		bl	HE_ISR_Start
 417              	.LVL43:
 124:main.c        ****     HE_ISR_SetVector(speed_inter);
 418              		.loc 1 124 0
 419 002e 0448     		ldr	r0, .L25+4
 420 0030 FFF7FEFF 		bl	HE_ISR_SetVector
 421              	.LVL44:
 125:main.c        ****     
 126:main.c        ****     // DEBUG
 127:main.c        ****     UART_PutString("Test");
 422              		.loc 1 127 0
 423 0034 0348     		ldr	r0, .L25+8
 424 0036 FFF7FEFF 		bl	UART_PutString
 425              	.LVL45:
 426              	.L23:
 427 003a FEE7     		b	.L23
 428              	.L26:
 429              		.align	2
 430              	.L25:
 431 003c 00000000 		.word	steer_inter
 432 0040 00000000 		.word	speed_inter
 433 0044 58000000 		.word	.LC5
 434              		.cfi_endproc
 435              	.LFE66:
 436              		.size	main, .-main
 437              		.comm	str_buf,32,4
 438              		.comm	sampledTime,8,8
 439              		.global	steeringPWM
 440              		.global	steeringOutput
 441              		.global	previousSteeringError
 442              		.global	steeringDerivative
 443              		.global	steeringIntegral
ARM GAS  C:\Users\danie\AppData\Local\Temp\cc8uma5Z.s 			page 11


 444              		.global	error_steering
 445              		.comm	strbuf,42,4
 446              		.global	acc_err_speed
 447              		.comm	err_speed,8,8
 448              		.comm	pwm,8,8
 449              		.global	PWM_base
 450              		.comm	elapsed,2,2
 451              		.comm	new,2,2
 452              		.global	old
 453              		.global	speed
 454              		.data
 455              		.align	3
 456              		.set	.LANCHOR1,. + 0
 457              		.type	old, %object
 458              		.size	old, 2
 459              	old:
 460 0000 FFFF     		.short	-1
 461 0002 00000000 		.space	6
 461      0000
 462              		.type	PWM_base, %object
 463              		.size	PWM_base, 8
 464              	PWM_base:
 465 0008 00000000 		.word	0
 466 000c 00408F40 		.word	1083129856
 467              		.section	.rodata.str1.4,"aMS",%progbits,1
 468              		.align	2
 469              	.LC0:
 470 0000 0D0A204E 		.ascii	"\015\012 NAV INTR\000"
 470      41562049 
 470      4E545200 
 471              	.LC1:
 472 000c 0D0A2074 		.ascii	"\015\012 time:  %f\000"
 472      696D653A 
 472      20202566 
 472      00
 473 0019 000000   		.space	3
 474              	.LC2:
 475 001c 0D0A2073 		.ascii	"\015\012 steering error:  %f\000"
 475      74656572 
 475      696E6720 
 475      6572726F 
 475      723A2020 
 476 0033 00       		.space	1
 477              	.LC3:
 478 0034 0D0A2073 		.ascii	"\015\012 steering pwm:  %f\000"
 478      74656572 
 478      696E6720 
 478      70776D3A 
 478      20202566 
 479 0049 000000   		.space	3
 480              	.LC4:
 481 004c 25642066 		.ascii	"%d ft/s,\015\012\000"
 481      742F732C 
 481      0D0A00
 482 0057 00       		.space	1
 483              	.LC5:
 484 0058 54657374 		.ascii	"Test\000"
ARM GAS  C:\Users\danie\AppData\Local\Temp\cc8uma5Z.s 			page 12


 484      00
 485              		.bss
 486              		.align	3
 487              		.set	.LANCHOR0,. + 0
 488              		.type	error_steering, %object
 489              		.size	error_steering, 8
 490              	error_steering:
 491 0000 00000000 		.space	8
 491      00000000 
 492              		.type	steeringOutput, %object
 493              		.size	steeringOutput, 8
 494              	steeringOutput:
 495 0008 00000000 		.space	8
 495      00000000 
 496              		.type	steeringPWM, %object
 497              		.size	steeringPWM, 4
 498              	steeringPWM:
 499 0010 00000000 		.space	4
 500 0014 00000000 		.space	4
 501              		.type	speed, %object
 502              		.size	speed, 8
 503              	speed:
 504 0018 00000000 		.space	8
 504      00000000 
 505              		.type	acc_err_speed, %object
 506              		.size	acc_err_speed, 8
 507              	acc_err_speed:
 508 0020 00000000 		.space	8
 508      00000000 
 509              		.type	previousSteeringError, %object
 510              		.size	previousSteeringError, 8
 511              	previousSteeringError:
 512 0028 00000000 		.space	8
 512      00000000 
 513              		.type	steeringDerivative, %object
 514              		.size	steeringDerivative, 8
 515              	steeringDerivative:
 516 0030 00000000 		.space	8
 516      00000000 
 517              		.type	steeringIntegral, %object
 518              		.size	steeringIntegral, 8
 519              	steeringIntegral:
 520 0038 00000000 		.space	8
 520      00000000 
 521              		.text
 522              	.Letext0:
 523              		.file 2 "c:\\program files (x86)\\cypress\\psoc creator\\4.4\\psoc creator\\import\\gnu\\arm\\5.4.
 524              		.file 3 "c:\\program files (x86)\\cypress\\psoc creator\\4.4\\psoc creator\\import\\gnu\\arm\\5.4.
 525              		.file 4 "Generated_Source\\PSoC5/cytypes.h"
 526              		.file 5 "Generated_Source\\PSoC5/core_cm3.h"
 527              		.file 6 "Generated_Source\\PSoC5/VID_TIMER.h"
 528              		.file 7 "Generated_Source\\PSoC5/UART.h"
 529              		.file 8 "c:\\program files (x86)\\cypress\\psoc creator\\4.4\\psoc creator\\import\\gnu\\arm\\5.4.
 530              		.file 9 "Generated_Source\\PSoC5/SERVO_PWM.h"
 531              		.file 10 "Generated_Source\\PSoC5/TIMER.h"
 532              		.file 11 "Generated_Source\\PSoC5/PWM.h"
 533              		.file 12 "Generated_Source\\PSoC5/VDAC.h"
ARM GAS  C:\Users\danie\AppData\Local\Temp\cc8uma5Z.s 			page 13


 534              		.file 13 "Generated_Source\\PSoC5/COMP.h"
 535              		.file 14 "Generated_Source\\PSoC5/INT_SAMPLE.h"
 536              		.file 15 "Generated_Source\\PSoC5/HE_ISR.h"
 537              		.section	.debug_info,"",%progbits
 538              	.Ldebug_info0:
 539 0000 AA040000 		.4byte	0x4aa
 540 0004 0400     		.2byte	0x4
 541 0006 00000000 		.4byte	.Ldebug_abbrev0
 542 000a 04       		.byte	0x4
 543 000b 01       		.uleb128 0x1
 544 000c D0000000 		.4byte	.LASF52
 545 0010 0C       		.byte	0xc
 546 0011 E8020000 		.4byte	.LASF53
 547 0015 0C020000 		.4byte	.LASF54
 548 0019 00000000 		.4byte	.Ldebug_ranges0+0
 549 001d 00000000 		.4byte	0
 550 0021 00000000 		.4byte	.Ldebug_line0
 551 0025 02       		.uleb128 0x2
 552 0026 01       		.byte	0x1
 553 0027 06       		.byte	0x6
 554 0028 A0000000 		.4byte	.LASF0
 555 002c 02       		.uleb128 0x2
 556 002d 01       		.byte	0x1
 557 002e 08       		.byte	0x8
 558 002f C2000000 		.4byte	.LASF1
 559 0033 02       		.uleb128 0x2
 560 0034 02       		.byte	0x2
 561 0035 05       		.byte	0x5
 562 0036 02020000 		.4byte	.LASF2
 563 003a 02       		.uleb128 0x2
 564 003b 02       		.byte	0x2
 565 003c 07       		.byte	0x7
 566 003d 21000000 		.4byte	.LASF3
 567 0041 03       		.uleb128 0x3
 568 0042 09000000 		.4byte	.LASF9
 569 0046 02       		.byte	0x2
 570 0047 3F       		.byte	0x3f
 571 0048 4C000000 		.4byte	0x4c
 572 004c 02       		.uleb128 0x2
 573 004d 04       		.byte	0x4
 574 004e 05       		.byte	0x5
 575 004f 40030000 		.4byte	.LASF4
 576 0053 02       		.uleb128 0x2
 577 0054 04       		.byte	0x4
 578 0055 07       		.byte	0x7
 579 0056 C7010000 		.4byte	.LASF5
 580 005a 02       		.uleb128 0x2
 581 005b 08       		.byte	0x8
 582 005c 05       		.byte	0x5
 583 005d DA020000 		.4byte	.LASF6
 584 0061 02       		.uleb128 0x2
 585 0062 08       		.byte	0x8
 586 0063 07       		.byte	0x7
 587 0064 7A020000 		.4byte	.LASF7
 588 0068 04       		.uleb128 0x4
 589 0069 04       		.byte	0x4
 590 006a 05       		.byte	0x5
ARM GAS  C:\Users\danie\AppData\Local\Temp\cc8uma5Z.s 			page 14


 591 006b 696E7400 		.ascii	"int\000"
 592 006f 02       		.uleb128 0x2
 593 0070 04       		.byte	0x4
 594 0071 07       		.byte	0x7
 595 0072 61020000 		.4byte	.LASF8
 596 0076 03       		.uleb128 0x3
 597 0077 68000000 		.4byte	.LASF10
 598 007b 03       		.byte	0x3
 599 007c 2C       		.byte	0x2c
 600 007d 41000000 		.4byte	0x41
 601 0081 05       		.uleb128 0x5
 602 0082 55020000 		.4byte	.LASF11
 603 0086 04       		.byte	0x4
 604 0087 EA01     		.2byte	0x1ea
 605 0089 3A000000 		.4byte	0x3a
 606 008d 02       		.uleb128 0x2
 607 008e 04       		.byte	0x4
 608 008f 04       		.byte	0x4
 609 0090 81000000 		.4byte	.LASF12
 610 0094 02       		.uleb128 0x2
 611 0095 08       		.byte	0x8
 612 0096 04       		.byte	0x4
 613 0097 61030000 		.4byte	.LASF13
 614 009b 02       		.uleb128 0x2
 615 009c 01       		.byte	0x1
 616 009d 08       		.byte	0x8
 617 009e EF020000 		.4byte	.LASF14
 618 00a2 02       		.uleb128 0x2
 619 00a3 08       		.byte	0x8
 620 00a4 04       		.byte	0x4
 621 00a5 55030000 		.4byte	.LASF15
 622 00a9 02       		.uleb128 0x2
 623 00aa 04       		.byte	0x4
 624 00ab 07       		.byte	0x7
 625 00ac C1020000 		.4byte	.LASF16
 626 00b0 06       		.uleb128 0x6
 627 00b1 4D000000 		.4byte	.LASF17
 628 00b5 01       		.byte	0x1
 629 00b6 2D       		.byte	0x2d
 630 00b7 00000000 		.4byte	.LFB64
 631 00bb EC000000 		.4byte	.LFE64-.LFB64
 632 00bf 01       		.uleb128 0x1
 633 00c0 9C       		.byte	0x9c
 634 00c1 82010000 		.4byte	0x182
 635 00c5 07       		.uleb128 0x7
 636 00c6 06000000 		.4byte	.LVL0
 637 00ca E7030000 		.4byte	0x3e7
 638 00ce 08       		.uleb128 0x8
 639 00cf 4C000000 		.4byte	.LVL6
 640 00d3 F2030000 		.4byte	0x3f2
 641 00d7 E5000000 		.4byte	0xe5
 642 00db 09       		.uleb128 0x9
 643 00dc 01       		.uleb128 0x1
 644 00dd 50       		.byte	0x50
 645 00de 05       		.uleb128 0x5
 646 00df 03       		.byte	0x3
 647 00e0 00000000 		.4byte	.LC0
ARM GAS  C:\Users\danie\AppData\Local\Temp\cc8uma5Z.s 			page 15


 648 00e4 00       		.byte	0
 649 00e5 08       		.uleb128 0x8
 650 00e6 5A000000 		.4byte	.LVL7
 651 00ea FD030000 		.4byte	0x3fd
 652 00ee 02010000 		.4byte	0x102
 653 00f2 09       		.uleb128 0x9
 654 00f3 01       		.uleb128 0x1
 655 00f4 50       		.byte	0x50
 656 00f5 02       		.uleb128 0x2
 657 00f6 75       		.byte	0x75
 658 00f7 00       		.sleb128 0
 659 00f8 09       		.uleb128 0x9
 660 00f9 01       		.uleb128 0x1
 661 00fa 51       		.byte	0x51
 662 00fb 05       		.uleb128 0x5
 663 00fc 03       		.byte	0x3
 664 00fd 0C000000 		.4byte	.LC1
 665 0101 00       		.byte	0
 666 0102 08       		.uleb128 0x8
 667 0103 60000000 		.4byte	.LVL8
 668 0107 F2030000 		.4byte	0x3f2
 669 010b 16010000 		.4byte	0x116
 670 010f 09       		.uleb128 0x9
 671 0110 01       		.uleb128 0x1
 672 0111 50       		.byte	0x50
 673 0112 02       		.uleb128 0x2
 674 0113 75       		.byte	0x75
 675 0114 00       		.sleb128 0
 676 0115 00       		.byte	0
 677 0116 08       		.uleb128 0x8
 678 0117 6C000000 		.4byte	.LVL9
 679 011b FD030000 		.4byte	0x3fd
 680 011f 33010000 		.4byte	0x133
 681 0123 09       		.uleb128 0x9
 682 0124 01       		.uleb128 0x1
 683 0125 50       		.byte	0x50
 684 0126 02       		.uleb128 0x2
 685 0127 75       		.byte	0x75
 686 0128 00       		.sleb128 0
 687 0129 09       		.uleb128 0x9
 688 012a 01       		.uleb128 0x1
 689 012b 51       		.byte	0x51
 690 012c 05       		.uleb128 0x5
 691 012d 03       		.byte	0x3
 692 012e 1C000000 		.4byte	.LC2
 693 0132 00       		.byte	0
 694 0133 08       		.uleb128 0x8
 695 0134 72000000 		.4byte	.LVL10
 696 0138 F2030000 		.4byte	0x3f2
 697 013c 47010000 		.4byte	0x147
 698 0140 09       		.uleb128 0x9
 699 0141 01       		.uleb128 0x1
 700 0142 50       		.byte	0x50
 701 0143 02       		.uleb128 0x2
 702 0144 75       		.byte	0x75
 703 0145 00       		.sleb128 0
 704 0146 00       		.byte	0
ARM GAS  C:\Users\danie\AppData\Local\Temp\cc8uma5Z.s 			page 16


 705 0147 08       		.uleb128 0x8
 706 0148 7E000000 		.4byte	.LVL11
 707 014c FD030000 		.4byte	0x3fd
 708 0150 64010000 		.4byte	0x164
 709 0154 09       		.uleb128 0x9
 710 0155 01       		.uleb128 0x1
 711 0156 50       		.byte	0x50
 712 0157 02       		.uleb128 0x2
 713 0158 75       		.byte	0x75
 714 0159 00       		.sleb128 0
 715 015a 09       		.uleb128 0x9
 716 015b 01       		.uleb128 0x1
 717 015c 51       		.byte	0x51
 718 015d 05       		.uleb128 0x5
 719 015e 03       		.byte	0x3
 720 015f 34000000 		.4byte	.LC3
 721 0163 00       		.byte	0
 722 0164 08       		.uleb128 0x8
 723 0165 84000000 		.4byte	.LVL12
 724 0169 F2030000 		.4byte	0x3f2
 725 016d 78010000 		.4byte	0x178
 726 0171 09       		.uleb128 0x9
 727 0172 01       		.uleb128 0x1
 728 0173 50       		.byte	0x50
 729 0174 02       		.uleb128 0x2
 730 0175 75       		.byte	0x75
 731 0176 00       		.sleb128 0
 732 0177 00       		.byte	0
 733 0178 07       		.uleb128 0x7
 734 0179 B6000000 		.4byte	.LVL14
 735 017d 08040000 		.4byte	0x408
 736 0181 00       		.byte	0
 737 0182 06       		.uleb128 0x6
 738 0183 6E020000 		.4byte	.LASF18
 739 0187 01       		.byte	0x1
 740 0188 4D       		.byte	0x4d
 741 0189 00000000 		.4byte	.LFB65
 742 018d 7C010000 		.4byte	.LFE65-.LFB65
 743 0191 01       		.uleb128 0x1
 744 0192 9C       		.byte	0x9c
 745 0193 E4010000 		.4byte	0x1e4
 746 0197 07       		.uleb128 0x7
 747 0198 08000000 		.4byte	.LVL15
 748 019c 13040000 		.4byte	0x413
 749 01a0 08       		.uleb128 0x8
 750 01a1 08010000 		.4byte	.LVL29
 751 01a5 FD030000 		.4byte	0x3fd
 752 01a9 BD010000 		.4byte	0x1bd
 753 01ad 09       		.uleb128 0x9
 754 01ae 01       		.uleb128 0x1
 755 01af 50       		.byte	0x50
 756 01b0 02       		.uleb128 0x2
 757 01b1 74       		.byte	0x74
 758 01b2 00       		.sleb128 0
 759 01b3 09       		.uleb128 0x9
 760 01b4 01       		.uleb128 0x1
 761 01b5 51       		.byte	0x51
ARM GAS  C:\Users\danie\AppData\Local\Temp\cc8uma5Z.s 			page 17


 762 01b6 05       		.uleb128 0x5
 763 01b7 03       		.byte	0x3
 764 01b8 4C000000 		.4byte	.LC4
 765 01bc 00       		.byte	0
 766 01bd 08       		.uleb128 0x8
 767 01be 0E010000 		.4byte	.LVL30
 768 01c2 F2030000 		.4byte	0x3f2
 769 01c6 D1010000 		.4byte	0x1d1
 770 01ca 09       		.uleb128 0x9
 771 01cb 01       		.uleb128 0x1
 772 01cc 50       		.byte	0x50
 773 01cd 02       		.uleb128 0x2
 774 01ce 74       		.byte	0x74
 775 01cf 00       		.sleb128 0
 776 01d0 00       		.byte	0
 777 01d1 07       		.uleb128 0x7
 778 01d2 1E010000 		.4byte	.LVL32
 779 01d6 1E040000 		.4byte	0x41e
 780 01da 07       		.uleb128 0x7
 781 01db 22010000 		.4byte	.LVL33
 782 01df 29040000 		.4byte	0x429
 783 01e3 00       		.byte	0
 784 01e4 0A       		.uleb128 0xa
 785 01e5 5C020000 		.4byte	.LASF55
 786 01e9 01       		.byte	0x1
 787 01ea 69       		.byte	0x69
 788 01eb 68000000 		.4byte	0x68
 789 01ef 00000000 		.4byte	.LFB66
 790 01f3 48000000 		.4byte	.LFE66-.LFB66
 791 01f7 01       		.uleb128 0x1
 792 01f8 9C       		.byte	0x9c
 793 01f9 90020000 		.4byte	0x290
 794 01fd 07       		.uleb128 0x7
 795 01fe 08000000 		.4byte	.LVL34
 796 0202 34040000 		.4byte	0x434
 797 0206 07       		.uleb128 0x7
 798 0207 0C000000 		.4byte	.LVL35
 799 020b 3F040000 		.4byte	0x43f
 800 020f 07       		.uleb128 0x7
 801 0210 10000000 		.4byte	.LVL36
 802 0214 4A040000 		.4byte	0x44a
 803 0218 07       		.uleb128 0x7
 804 0219 14000000 		.4byte	.LVL37
 805 021d 55040000 		.4byte	0x455
 806 0221 07       		.uleb128 0x7
 807 0222 18000000 		.4byte	.LVL38
 808 0226 60040000 		.4byte	0x460
 809 022a 07       		.uleb128 0x7
 810 022b 1C000000 		.4byte	.LVL39
 811 022f 6B040000 		.4byte	0x46b
 812 0233 07       		.uleb128 0x7
 813 0234 20000000 		.4byte	.LVL40
 814 0238 76040000 		.4byte	0x476
 815 023c 07       		.uleb128 0x7
 816 023d 24000000 		.4byte	.LVL41
 817 0241 81040000 		.4byte	0x481
 818 0245 08       		.uleb128 0x8
ARM GAS  C:\Users\danie\AppData\Local\Temp\cc8uma5Z.s 			page 18


 819 0246 2A000000 		.4byte	.LVL42
 820 024a 8C040000 		.4byte	0x48c
 821 024e 5C020000 		.4byte	0x25c
 822 0252 09       		.uleb128 0x9
 823 0253 01       		.uleb128 0x1
 824 0254 50       		.byte	0x50
 825 0255 05       		.uleb128 0x5
 826 0256 03       		.byte	0x3
 827 0257 00000000 		.4byte	steer_inter
 828 025b 00       		.byte	0
 829 025c 07       		.uleb128 0x7
 830 025d 2E000000 		.4byte	.LVL43
 831 0261 97040000 		.4byte	0x497
 832 0265 08       		.uleb128 0x8
 833 0266 34000000 		.4byte	.LVL44
 834 026a A2040000 		.4byte	0x4a2
 835 026e 7C020000 		.4byte	0x27c
 836 0272 09       		.uleb128 0x9
 837 0273 01       		.uleb128 0x1
 838 0274 50       		.byte	0x50
 839 0275 05       		.uleb128 0x5
 840 0276 03       		.byte	0x3
 841 0277 00000000 		.4byte	speed_inter
 842 027b 00       		.byte	0
 843 027c 0B       		.uleb128 0xb
 844 027d 3A000000 		.4byte	.LVL45
 845 0281 F2030000 		.4byte	0x3f2
 846 0285 09       		.uleb128 0x9
 847 0286 01       		.uleb128 0x1
 848 0287 50       		.byte	0x50
 849 0288 05       		.uleb128 0x5
 850 0289 03       		.byte	0x3
 851 028a 58000000 		.4byte	.LC5
 852 028e 00       		.byte	0
 853 028f 00       		.byte	0
 854 0290 0C       		.uleb128 0xc
 855 0291 BA010000 		.4byte	.LASF19
 856 0295 05       		.byte	0x5
 857 0296 1207     		.2byte	0x712
 858 0298 9C020000 		.4byte	0x29c
 859 029c 0D       		.uleb128 0xd
 860 029d 76000000 		.4byte	0x76
 861 02a1 0E       		.uleb128 0xe
 862 02a2 BB020000 		.4byte	.LASF20
 863 02a6 01       		.byte	0x1
 864 02a7 0D       		.byte	0xd
 865 02a8 B2020000 		.4byte	0x2b2
 866 02ac 05       		.uleb128 0x5
 867 02ad 03       		.byte	0x3
 868 02ae 00000000 		.4byte	speed
 869 02b2 0D       		.uleb128 0xd
 870 02b3 94000000 		.4byte	0x94
 871 02b7 0F       		.uleb128 0xf
 872 02b8 6F6C6400 		.ascii	"old\000"
 873 02bc 01       		.byte	0x1
 874 02bd 0E       		.byte	0xe
 875 02be 81000000 		.4byte	0x81
ARM GAS  C:\Users\danie\AppData\Local\Temp\cc8uma5Z.s 			page 19


 876 02c2 05       		.uleb128 0x5
 877 02c3 03       		.byte	0x3
 878 02c4 00000000 		.4byte	old
 879 02c8 0F       		.uleb128 0xf
 880 02c9 6E657700 		.ascii	"new\000"
 881 02cd 01       		.byte	0x1
 882 02ce 0F       		.byte	0xf
 883 02cf 81000000 		.4byte	0x81
 884 02d3 05       		.uleb128 0x5
 885 02d4 03       		.byte	0x3
 886 02d5 00000000 		.4byte	new
 887 02d9 0E       		.uleb128 0xe
 888 02da B3020000 		.4byte	.LASF21
 889 02de 01       		.byte	0x1
 890 02df 10       		.byte	0x10
 891 02e0 81000000 		.4byte	0x81
 892 02e4 05       		.uleb128 0x5
 893 02e5 03       		.byte	0x3
 894 02e6 00000000 		.4byte	elapsed
 895 02ea 0E       		.uleb128 0xe
 896 02eb 00000000 		.4byte	.LASF22
 897 02ef 01       		.byte	0x1
 898 02f0 11       		.byte	0x11
 899 02f1 B2020000 		.4byte	0x2b2
 900 02f5 05       		.uleb128 0x5
 901 02f6 03       		.byte	0x3
 902 02f7 00000000 		.4byte	PWM_base
 903 02fb 0F       		.uleb128 0xf
 904 02fc 70776D00 		.ascii	"pwm\000"
 905 0300 01       		.byte	0x1
 906 0301 12       		.byte	0x12
 907 0302 B2020000 		.4byte	0x2b2
 908 0306 05       		.uleb128 0x5
 909 0307 03       		.byte	0x3
 910 0308 00000000 		.4byte	pwm
 911 030c 0E       		.uleb128 0xe
 912 030d 87010000 		.4byte	.LASF23
 913 0311 01       		.byte	0x1
 914 0312 13       		.byte	0x13
 915 0313 94000000 		.4byte	0x94
 916 0317 05       		.uleb128 0x5
 917 0318 03       		.byte	0x3
 918 0319 00000000 		.4byte	err_speed
 919 031d 0E       		.uleb128 0xe
 920 031e 13000000 		.4byte	.LASF24
 921 0322 01       		.byte	0x1
 922 0323 14       		.byte	0x14
 923 0324 94000000 		.4byte	0x94
 924 0328 05       		.uleb128 0x5
 925 0329 03       		.byte	0x3
 926 032a 00000000 		.4byte	acc_err_speed
 927 032e 10       		.uleb128 0x10
 928 032f 9B000000 		.4byte	0x9b
 929 0333 3E030000 		.4byte	0x33e
 930 0337 11       		.uleb128 0x11
 931 0338 A9000000 		.4byte	0xa9
 932 033c 29       		.byte	0x29
ARM GAS  C:\Users\danie\AppData\Local\Temp\cc8uma5Z.s 			page 20


 933 033d 00       		.byte	0
 934 033e 0E       		.uleb128 0xe
 935 033f FB010000 		.4byte	.LASF25
 936 0343 01       		.byte	0x1
 937 0344 15       		.byte	0x15
 938 0345 2E030000 		.4byte	0x32e
 939 0349 05       		.uleb128 0x5
 940 034a 03       		.byte	0x3
 941 034b 00000000 		.4byte	strbuf
 942 034f 0E       		.uleb128 0xe
 943 0350 59000000 		.4byte	.LASF26
 944 0354 01       		.byte	0x1
 945 0355 1D       		.byte	0x1d
 946 0356 94000000 		.4byte	0x94
 947 035a 05       		.uleb128 0x5
 948 035b 03       		.byte	0x3
 949 035c 00000000 		.4byte	error_steering
 950 0360 0E       		.uleb128 0xe
 951 0361 D9010000 		.4byte	.LASF27
 952 0365 01       		.byte	0x1
 953 0366 1E       		.byte	0x1e
 954 0367 94000000 		.4byte	0x94
 955 036b 05       		.uleb128 0x5
 956 036c 03       		.byte	0x3
 957 036d 00000000 		.4byte	steeringIntegral
 958 0371 0E       		.uleb128 0xe
 959 0372 A0020000 		.4byte	.LASF28
 960 0376 01       		.byte	0x1
 961 0377 1F       		.byte	0x1f
 962 0378 94000000 		.4byte	0x94
 963 037c 05       		.uleb128 0x5
 964 037d 03       		.byte	0x3
 965 037e 00000000 		.4byte	steeringDerivative
 966 0382 0E       		.uleb128 0xe
 967 0383 AC000000 		.4byte	.LASF29
 968 0387 01       		.byte	0x1
 969 0388 20       		.byte	0x20
 970 0389 94000000 		.4byte	0x94
 971 038d 05       		.uleb128 0x5
 972 038e 03       		.byte	0x3
 973 038f 00000000 		.4byte	previousSteeringError
 974 0393 0E       		.uleb128 0xe
 975 0394 91020000 		.4byte	.LASF30
 976 0398 01       		.byte	0x1
 977 0399 21       		.byte	0x21
 978 039a 94000000 		.4byte	0x94
 979 039e 05       		.uleb128 0x5
 980 039f 03       		.byte	0x3
 981 03a0 00000000 		.4byte	steeringOutput
 982 03a4 0E       		.uleb128 0xe
 983 03a5 41000000 		.4byte	.LASF31
 984 03a9 01       		.byte	0x1
 985 03aa 22       		.byte	0x22
 986 03ab 68000000 		.4byte	0x68
 987 03af 05       		.uleb128 0x5
 988 03b0 03       		.byte	0x3
 989 03b1 00000000 		.4byte	steeringPWM
ARM GAS  C:\Users\danie\AppData\Local\Temp\cc8uma5Z.s 			page 21


 990 03b5 0E       		.uleb128 0xe
 991 03b6 05030000 		.4byte	.LASF32
 992 03ba 01       		.byte	0x1
 993 03bb 23       		.byte	0x23
 994 03bc 94000000 		.4byte	0x94
 995 03c0 05       		.uleb128 0x5
 996 03c1 03       		.byte	0x3
 997 03c2 00000000 		.4byte	sampledTime
 998 03c6 10       		.uleb128 0x10
 999 03c7 9B000000 		.4byte	0x9b
 1000 03cb D6030000 		.4byte	0x3d6
 1001 03cf 11       		.uleb128 0x11
 1002 03d0 A9000000 		.4byte	0xa9
 1003 03d4 1F       		.byte	0x1f
 1004 03d5 00       		.byte	0
 1005 03d6 0E       		.uleb128 0xe
 1006 03d7 91010000 		.4byte	.LASF33
 1007 03db 01       		.byte	0x1
 1008 03dc 2A       		.byte	0x2a
 1009 03dd C6030000 		.4byte	0x3c6
 1010 03e1 05       		.uleb128 0x5
 1011 03e2 03       		.byte	0x3
 1012 03e3 00000000 		.4byte	str_buf
 1013 03e7 12       		.uleb128 0x12
 1014 03e8 A4010000 		.4byte	.LASF34
 1015 03ec A4010000 		.4byte	.LASF34
 1016 03f0 06       		.byte	0x6
 1017 03f1 6B       		.byte	0x6b
 1018 03f2 12       		.uleb128 0x12
 1019 03f3 68030000 		.4byte	.LASF35
 1020 03f7 68030000 		.4byte	.LASF35
 1021 03fb 07       		.byte	0x7
 1022 03fc 8B       		.byte	0x8b
 1023 03fd 12       		.uleb128 0x12
 1024 03fe 8D030000 		.4byte	.LASF36
 1025 0402 8D030000 		.4byte	.LASF36
 1026 0406 08       		.byte	0x8
 1027 0407 E7       		.byte	0xe7
 1028 0408 12       		.uleb128 0x12
 1029 0409 5E010000 		.4byte	.LASF37
 1030 040d 5E010000 		.4byte	.LASF37
 1031 0411 09       		.byte	0x9
 1032 0412 C3       		.byte	0xc3
 1033 0413 12       		.uleb128 0x12
 1034 0414 75010000 		.4byte	.LASF38
 1035 0418 75010000 		.4byte	.LASF38
 1036 041c 0A       		.byte	0xa
 1037 041d 6B       		.byte	0x6b
 1038 041e 12       		.uleb128 0x12
 1039 041f EA010000 		.4byte	.LASF39
 1040 0423 EA010000 		.4byte	.LASF39
 1041 0427 0B       		.byte	0xb
 1042 0428 C3       		.byte	0xc3
 1043 0429 12       		.uleb128 0x12
 1044 042a 87000000 		.4byte	.LASF40
 1045 042e 87000000 		.4byte	.LASF40
 1046 0432 0A       		.byte	0xa
ARM GAS  C:\Users\danie\AppData\Local\Temp\cc8uma5Z.s 			page 22


 1047 0433 5E       		.byte	0x5e
 1048 0434 12       		.uleb128 0x12
 1049 0435 26030000 		.4byte	.LASF41
 1050 0439 26030000 		.4byte	.LASF41
 1051 043d 0B       		.byte	0xb
 1052 043e 92       		.byte	0x92
 1053 043f 12       		.uleb128 0x12
 1054 0440 49030000 		.4byte	.LASF42
 1055 0444 49030000 		.4byte	.LASF42
 1056 0448 0A       		.byte	0xa
 1057 0449 5A       		.byte	0x5a
 1058 044a 12       		.uleb128 0x12
 1059 044b 99010000 		.4byte	.LASF43
 1060 044f 99010000 		.4byte	.LASF43
 1061 0453 07       		.byte	0x7
 1062 0454 54       		.byte	0x54
 1063 0455 12       		.uleb128 0x12
 1064 0456 CA020000 		.4byte	.LASF44
 1065 045a CA020000 		.4byte	.LASF44
 1066 045e 06       		.byte	0x6
 1067 045f 5A       		.byte	0x5a
 1068 0460 12       		.uleb128 0x12
 1069 0461 30030000 		.4byte	.LASF45
 1070 0465 30030000 		.4byte	.LASF45
 1071 0469 09       		.byte	0x9
 1072 046a 92       		.byte	0x92
 1073 046b 12       		.uleb128 0x12
 1074 046c 77030000 		.4byte	.LASF46
 1075 0470 77030000 		.4byte	.LASF46
 1076 0474 0C       		.byte	0xc
 1077 0475 33       		.byte	0x33
 1078 0476 12       		.uleb128 0x12
 1079 0477 82030000 		.4byte	.LASF47
 1080 047b 82030000 		.4byte	.LASF47
 1081 047f 0D       		.byte	0xd
 1082 0480 3F       		.byte	0x3f
 1083 0481 12       		.uleb128 0x12
 1084 0482 70000000 		.4byte	.LASF48
 1085 0486 70000000 		.4byte	.LASF48
 1086 048a 0E       		.byte	0xe
 1087 048b 17       		.byte	0x17
 1088 048c 12       		.uleb128 0x12
 1089 048d 11030000 		.4byte	.LASF49
 1090 0491 11030000 		.4byte	.LASF49
 1091 0495 0E       		.byte	0xe
 1092 0496 1D       		.byte	0x1d
 1093 0497 12       		.uleb128 0x12
 1094 0498 34000000 		.4byte	.LASF50
 1095 049c 34000000 		.4byte	.LASF50
 1096 04a0 0F       		.byte	0xf
 1097 04a1 17       		.byte	0x17
 1098 04a2 12       		.uleb128 0x12
 1099 04a3 F4020000 		.4byte	.LASF51
 1100 04a7 F4020000 		.4byte	.LASF51
 1101 04ab 0F       		.byte	0xf
 1102 04ac 1D       		.byte	0x1d
 1103 04ad 00       		.byte	0
ARM GAS  C:\Users\danie\AppData\Local\Temp\cc8uma5Z.s 			page 23


 1104              		.section	.debug_abbrev,"",%progbits
 1105              	.Ldebug_abbrev0:
 1106 0000 01       		.uleb128 0x1
 1107 0001 11       		.uleb128 0x11
 1108 0002 01       		.byte	0x1
 1109 0003 25       		.uleb128 0x25
 1110 0004 0E       		.uleb128 0xe
 1111 0005 13       		.uleb128 0x13
 1112 0006 0B       		.uleb128 0xb
 1113 0007 03       		.uleb128 0x3
 1114 0008 0E       		.uleb128 0xe
 1115 0009 1B       		.uleb128 0x1b
 1116 000a 0E       		.uleb128 0xe
 1117 000b 55       		.uleb128 0x55
 1118 000c 17       		.uleb128 0x17
 1119 000d 11       		.uleb128 0x11
 1120 000e 01       		.uleb128 0x1
 1121 000f 10       		.uleb128 0x10
 1122 0010 17       		.uleb128 0x17
 1123 0011 00       		.byte	0
 1124 0012 00       		.byte	0
 1125 0013 02       		.uleb128 0x2
 1126 0014 24       		.uleb128 0x24
 1127 0015 00       		.byte	0
 1128 0016 0B       		.uleb128 0xb
 1129 0017 0B       		.uleb128 0xb
 1130 0018 3E       		.uleb128 0x3e
 1131 0019 0B       		.uleb128 0xb
 1132 001a 03       		.uleb128 0x3
 1133 001b 0E       		.uleb128 0xe
 1134 001c 00       		.byte	0
 1135 001d 00       		.byte	0
 1136 001e 03       		.uleb128 0x3
 1137 001f 16       		.uleb128 0x16
 1138 0020 00       		.byte	0
 1139 0021 03       		.uleb128 0x3
 1140 0022 0E       		.uleb128 0xe
 1141 0023 3A       		.uleb128 0x3a
 1142 0024 0B       		.uleb128 0xb
 1143 0025 3B       		.uleb128 0x3b
 1144 0026 0B       		.uleb128 0xb
 1145 0027 49       		.uleb128 0x49
 1146 0028 13       		.uleb128 0x13
 1147 0029 00       		.byte	0
 1148 002a 00       		.byte	0
 1149 002b 04       		.uleb128 0x4
 1150 002c 24       		.uleb128 0x24
 1151 002d 00       		.byte	0
 1152 002e 0B       		.uleb128 0xb
 1153 002f 0B       		.uleb128 0xb
 1154 0030 3E       		.uleb128 0x3e
 1155 0031 0B       		.uleb128 0xb
 1156 0032 03       		.uleb128 0x3
 1157 0033 08       		.uleb128 0x8
 1158 0034 00       		.byte	0
 1159 0035 00       		.byte	0
 1160 0036 05       		.uleb128 0x5
ARM GAS  C:\Users\danie\AppData\Local\Temp\cc8uma5Z.s 			page 24


 1161 0037 16       		.uleb128 0x16
 1162 0038 00       		.byte	0
 1163 0039 03       		.uleb128 0x3
 1164 003a 0E       		.uleb128 0xe
 1165 003b 3A       		.uleb128 0x3a
 1166 003c 0B       		.uleb128 0xb
 1167 003d 3B       		.uleb128 0x3b
 1168 003e 05       		.uleb128 0x5
 1169 003f 49       		.uleb128 0x49
 1170 0040 13       		.uleb128 0x13
 1171 0041 00       		.byte	0
 1172 0042 00       		.byte	0
 1173 0043 06       		.uleb128 0x6
 1174 0044 2E       		.uleb128 0x2e
 1175 0045 01       		.byte	0x1
 1176 0046 3F       		.uleb128 0x3f
 1177 0047 19       		.uleb128 0x19
 1178 0048 03       		.uleb128 0x3
 1179 0049 0E       		.uleb128 0xe
 1180 004a 3A       		.uleb128 0x3a
 1181 004b 0B       		.uleb128 0xb
 1182 004c 3B       		.uleb128 0x3b
 1183 004d 0B       		.uleb128 0xb
 1184 004e 27       		.uleb128 0x27
 1185 004f 19       		.uleb128 0x19
 1186 0050 11       		.uleb128 0x11
 1187 0051 01       		.uleb128 0x1
 1188 0052 12       		.uleb128 0x12
 1189 0053 06       		.uleb128 0x6
 1190 0054 40       		.uleb128 0x40
 1191 0055 18       		.uleb128 0x18
 1192 0056 9642     		.uleb128 0x2116
 1193 0058 19       		.uleb128 0x19
 1194 0059 01       		.uleb128 0x1
 1195 005a 13       		.uleb128 0x13
 1196 005b 00       		.byte	0
 1197 005c 00       		.byte	0
 1198 005d 07       		.uleb128 0x7
 1199 005e 898201   		.uleb128 0x4109
 1200 0061 00       		.byte	0
 1201 0062 11       		.uleb128 0x11
 1202 0063 01       		.uleb128 0x1
 1203 0064 31       		.uleb128 0x31
 1204 0065 13       		.uleb128 0x13
 1205 0066 00       		.byte	0
 1206 0067 00       		.byte	0
 1207 0068 08       		.uleb128 0x8
 1208 0069 898201   		.uleb128 0x4109
 1209 006c 01       		.byte	0x1
 1210 006d 11       		.uleb128 0x11
 1211 006e 01       		.uleb128 0x1
 1212 006f 31       		.uleb128 0x31
 1213 0070 13       		.uleb128 0x13
 1214 0071 01       		.uleb128 0x1
 1215 0072 13       		.uleb128 0x13
 1216 0073 00       		.byte	0
 1217 0074 00       		.byte	0
ARM GAS  C:\Users\danie\AppData\Local\Temp\cc8uma5Z.s 			page 25


 1218 0075 09       		.uleb128 0x9
 1219 0076 8A8201   		.uleb128 0x410a
 1220 0079 00       		.byte	0
 1221 007a 02       		.uleb128 0x2
 1222 007b 18       		.uleb128 0x18
 1223 007c 9142     		.uleb128 0x2111
 1224 007e 18       		.uleb128 0x18
 1225 007f 00       		.byte	0
 1226 0080 00       		.byte	0
 1227 0081 0A       		.uleb128 0xa
 1228 0082 2E       		.uleb128 0x2e
 1229 0083 01       		.byte	0x1
 1230 0084 3F       		.uleb128 0x3f
 1231 0085 19       		.uleb128 0x19
 1232 0086 03       		.uleb128 0x3
 1233 0087 0E       		.uleb128 0xe
 1234 0088 3A       		.uleb128 0x3a
 1235 0089 0B       		.uleb128 0xb
 1236 008a 3B       		.uleb128 0x3b
 1237 008b 0B       		.uleb128 0xb
 1238 008c 27       		.uleb128 0x27
 1239 008d 19       		.uleb128 0x19
 1240 008e 49       		.uleb128 0x49
 1241 008f 13       		.uleb128 0x13
 1242 0090 8701     		.uleb128 0x87
 1243 0092 19       		.uleb128 0x19
 1244 0093 11       		.uleb128 0x11
 1245 0094 01       		.uleb128 0x1
 1246 0095 12       		.uleb128 0x12
 1247 0096 06       		.uleb128 0x6
 1248 0097 40       		.uleb128 0x40
 1249 0098 18       		.uleb128 0x18
 1250 0099 9742     		.uleb128 0x2117
 1251 009b 19       		.uleb128 0x19
 1252 009c 01       		.uleb128 0x1
 1253 009d 13       		.uleb128 0x13
 1254 009e 00       		.byte	0
 1255 009f 00       		.byte	0
 1256 00a0 0B       		.uleb128 0xb
 1257 00a1 898201   		.uleb128 0x4109
 1258 00a4 01       		.byte	0x1
 1259 00a5 11       		.uleb128 0x11
 1260 00a6 01       		.uleb128 0x1
 1261 00a7 31       		.uleb128 0x31
 1262 00a8 13       		.uleb128 0x13
 1263 00a9 00       		.byte	0
 1264 00aa 00       		.byte	0
 1265 00ab 0C       		.uleb128 0xc
 1266 00ac 34       		.uleb128 0x34
 1267 00ad 00       		.byte	0
 1268 00ae 03       		.uleb128 0x3
 1269 00af 0E       		.uleb128 0xe
 1270 00b0 3A       		.uleb128 0x3a
 1271 00b1 0B       		.uleb128 0xb
 1272 00b2 3B       		.uleb128 0x3b
 1273 00b3 05       		.uleb128 0x5
 1274 00b4 49       		.uleb128 0x49
ARM GAS  C:\Users\danie\AppData\Local\Temp\cc8uma5Z.s 			page 26


 1275 00b5 13       		.uleb128 0x13
 1276 00b6 3F       		.uleb128 0x3f
 1277 00b7 19       		.uleb128 0x19
 1278 00b8 3C       		.uleb128 0x3c
 1279 00b9 19       		.uleb128 0x19
 1280 00ba 00       		.byte	0
 1281 00bb 00       		.byte	0
 1282 00bc 0D       		.uleb128 0xd
 1283 00bd 35       		.uleb128 0x35
 1284 00be 00       		.byte	0
 1285 00bf 49       		.uleb128 0x49
 1286 00c0 13       		.uleb128 0x13
 1287 00c1 00       		.byte	0
 1288 00c2 00       		.byte	0
 1289 00c3 0E       		.uleb128 0xe
 1290 00c4 34       		.uleb128 0x34
 1291 00c5 00       		.byte	0
 1292 00c6 03       		.uleb128 0x3
 1293 00c7 0E       		.uleb128 0xe
 1294 00c8 3A       		.uleb128 0x3a
 1295 00c9 0B       		.uleb128 0xb
 1296 00ca 3B       		.uleb128 0x3b
 1297 00cb 0B       		.uleb128 0xb
 1298 00cc 49       		.uleb128 0x49
 1299 00cd 13       		.uleb128 0x13
 1300 00ce 3F       		.uleb128 0x3f
 1301 00cf 19       		.uleb128 0x19
 1302 00d0 02       		.uleb128 0x2
 1303 00d1 18       		.uleb128 0x18
 1304 00d2 00       		.byte	0
 1305 00d3 00       		.byte	0
 1306 00d4 0F       		.uleb128 0xf
 1307 00d5 34       		.uleb128 0x34
 1308 00d6 00       		.byte	0
 1309 00d7 03       		.uleb128 0x3
 1310 00d8 08       		.uleb128 0x8
 1311 00d9 3A       		.uleb128 0x3a
 1312 00da 0B       		.uleb128 0xb
 1313 00db 3B       		.uleb128 0x3b
 1314 00dc 0B       		.uleb128 0xb
 1315 00dd 49       		.uleb128 0x49
 1316 00de 13       		.uleb128 0x13
 1317 00df 3F       		.uleb128 0x3f
 1318 00e0 19       		.uleb128 0x19
 1319 00e1 02       		.uleb128 0x2
 1320 00e2 18       		.uleb128 0x18
 1321 00e3 00       		.byte	0
 1322 00e4 00       		.byte	0
 1323 00e5 10       		.uleb128 0x10
 1324 00e6 01       		.uleb128 0x1
 1325 00e7 01       		.byte	0x1
 1326 00e8 49       		.uleb128 0x49
 1327 00e9 13       		.uleb128 0x13
 1328 00ea 01       		.uleb128 0x1
 1329 00eb 13       		.uleb128 0x13
 1330 00ec 00       		.byte	0
 1331 00ed 00       		.byte	0
ARM GAS  C:\Users\danie\AppData\Local\Temp\cc8uma5Z.s 			page 27


 1332 00ee 11       		.uleb128 0x11
 1333 00ef 21       		.uleb128 0x21
 1334 00f0 00       		.byte	0
 1335 00f1 49       		.uleb128 0x49
 1336 00f2 13       		.uleb128 0x13
 1337 00f3 2F       		.uleb128 0x2f
 1338 00f4 0B       		.uleb128 0xb
 1339 00f5 00       		.byte	0
 1340 00f6 00       		.byte	0
 1341 00f7 12       		.uleb128 0x12
 1342 00f8 2E       		.uleb128 0x2e
 1343 00f9 00       		.byte	0
 1344 00fa 3F       		.uleb128 0x3f
 1345 00fb 19       		.uleb128 0x19
 1346 00fc 3C       		.uleb128 0x3c
 1347 00fd 19       		.uleb128 0x19
 1348 00fe 6E       		.uleb128 0x6e
 1349 00ff 0E       		.uleb128 0xe
 1350 0100 03       		.uleb128 0x3
 1351 0101 0E       		.uleb128 0xe
 1352 0102 3A       		.uleb128 0x3a
 1353 0103 0B       		.uleb128 0xb
 1354 0104 3B       		.uleb128 0x3b
 1355 0105 0B       		.uleb128 0xb
 1356 0106 00       		.byte	0
 1357 0107 00       		.byte	0
 1358 0108 00       		.byte	0
 1359              		.section	.debug_aranges,"",%progbits
 1360 0000 2C000000 		.4byte	0x2c
 1361 0004 0200     		.2byte	0x2
 1362 0006 00000000 		.4byte	.Ldebug_info0
 1363 000a 04       		.byte	0x4
 1364 000b 00       		.byte	0
 1365 000c 0000     		.2byte	0
 1366 000e 0000     		.2byte	0
 1367 0010 00000000 		.4byte	.LFB64
 1368 0014 EC000000 		.4byte	.LFE64-.LFB64
 1369 0018 00000000 		.4byte	.LFB65
 1370 001c 7C010000 		.4byte	.LFE65-.LFB65
 1371 0020 00000000 		.4byte	.LFB66
 1372 0024 48000000 		.4byte	.LFE66-.LFB66
 1373 0028 00000000 		.4byte	0
 1374 002c 00000000 		.4byte	0
 1375              		.section	.debug_ranges,"",%progbits
 1376              	.Ldebug_ranges0:
 1377 0000 00000000 		.4byte	.LFB64
 1378 0004 EC000000 		.4byte	.LFE64
 1379 0008 00000000 		.4byte	.LFB65
 1380 000c 7C010000 		.4byte	.LFE65
 1381 0010 00000000 		.4byte	.LFB66
 1382 0014 48000000 		.4byte	.LFE66
 1383 0018 00000000 		.4byte	0
 1384 001c 00000000 		.4byte	0
 1385              		.section	.debug_line,"",%progbits
 1386              	.Ldebug_line0:
 1387 0000 9D020000 		.section	.debug_str,"MS",%progbits,1
 1387      02002B02 
ARM GAS  C:\Users\danie\AppData\Local\Temp\cc8uma5Z.s 			page 28


 1387      00000201 
 1387      FB0E0D00 
 1387      01010101 
 1388              	.LASF22:
 1389 0000 50574D5F 		.ascii	"PWM_base\000"
 1389      62617365 
 1389      00
 1390              	.LASF9:
 1391 0009 5F5F696E 		.ascii	"__int32_t\000"
 1391      7433325F 
 1391      7400
 1392              	.LASF24:
 1393 0013 6163635F 		.ascii	"acc_err_speed\000"
 1393      6572725F 
 1393      73706565 
 1393      6400
 1394              	.LASF3:
 1395 0021 73686F72 		.ascii	"short unsigned int\000"
 1395      7420756E 
 1395      7369676E 
 1395      65642069 
 1395      6E7400
 1396              	.LASF50:
 1397 0034 48455F49 		.ascii	"HE_ISR_Start\000"
 1397      53525F53 
 1397      74617274 
 1397      00
 1398              	.LASF31:
 1399 0041 73746565 		.ascii	"steeringPWM\000"
 1399      72696E67 
 1399      50574D00 
 1400              	.LASF17:
 1401 004d 73746565 		.ascii	"steer_inter\000"
 1401      725F696E 
 1401      74657200 
 1402              	.LASF26:
 1403 0059 6572726F 		.ascii	"error_steering\000"
 1403      725F7374 
 1403      65657269 
 1403      6E6700
 1404              	.LASF10:
 1405 0068 696E7433 		.ascii	"int32_t\000"
 1405      325F7400 
 1406              	.LASF48:
 1407 0070 494E545F 		.ascii	"INT_SAMPLE_Start\000"
 1407      53414D50 
 1407      4C455F53 
 1407      74617274 
 1407      00
 1408              	.LASF12:
 1409 0081 666C6F61 		.ascii	"float\000"
 1409      7400
 1410              	.LASF40:
 1411 0087 54494D45 		.ascii	"TIMER_ReadStatusRegister\000"
 1411      525F5265 
 1411      61645374 
 1411      61747573 
ARM GAS  C:\Users\danie\AppData\Local\Temp\cc8uma5Z.s 			page 29


 1411      52656769 
 1412              	.LASF0:
 1413 00a0 7369676E 		.ascii	"signed char\000"
 1413      65642063 
 1413      68617200 
 1414              	.LASF29:
 1415 00ac 70726576 		.ascii	"previousSteeringError\000"
 1415      696F7573 
 1415      53746565 
 1415      72696E67 
 1415      4572726F 
 1416              	.LASF1:
 1417 00c2 756E7369 		.ascii	"unsigned char\000"
 1417      676E6564 
 1417      20636861 
 1417      7200
 1418              	.LASF52:
 1419 00d0 474E5520 		.ascii	"GNU C11 5.4.1 20160609 (release) [ARM/embedded-5-br"
 1419      43313120 
 1419      352E342E 
 1419      31203230 
 1419      31363036 
 1420 0103 616E6368 		.ascii	"anch revision 237715] -mcpu=cortex-m3 -mthumb -g -O"
 1420      20726576 
 1420      6973696F 
 1420      6E203233 
 1420      37373135 
 1421 0136 67202D66 		.ascii	"g -ffunction-sections -ffat-lto-objects\000"
 1421      66756E63 
 1421      74696F6E 
 1421      2D736563 
 1421      74696F6E 
 1422              	.LASF37:
 1423 015e 53455256 		.ascii	"SERVO_PWM_WriteCompare\000"
 1423      4F5F5057 
 1423      4D5F5772 
 1423      69746543 
 1423      6F6D7061 
 1424              	.LASF38:
 1425 0175 54494D45 		.ascii	"TIMER_ReadCapture\000"
 1425      525F5265 
 1425      61644361 
 1425      70747572 
 1425      6500
 1426              	.LASF23:
 1427 0187 6572725F 		.ascii	"err_speed\000"
 1427      73706565 
 1427      6400
 1428              	.LASF33:
 1429 0191 7374725F 		.ascii	"str_buf\000"
 1429      62756600 
 1430              	.LASF43:
 1431 0199 55415254 		.ascii	"UART_Start\000"
 1431      5F537461 
 1431      727400
 1432              	.LASF34:
 1433 01a4 5649445F 		.ascii	"VID_TIMER_ReadCapture\000"
ARM GAS  C:\Users\danie\AppData\Local\Temp\cc8uma5Z.s 			page 30


 1433      54494D45 
 1433      525F5265 
 1433      61644361 
 1433      70747572 
 1434              	.LASF19:
 1435 01ba 49544D5F 		.ascii	"ITM_RxBuffer\000"
 1435      52784275 
 1435      66666572 
 1435      00
 1436              	.LASF5:
 1437 01c7 6C6F6E67 		.ascii	"long unsigned int\000"
 1437      20756E73 
 1437      69676E65 
 1437      6420696E 
 1437      7400
 1438              	.LASF27:
 1439 01d9 73746565 		.ascii	"steeringIntegral\000"
 1439      72696E67 
 1439      496E7465 
 1439      6772616C 
 1439      00
 1440              	.LASF39:
 1441 01ea 50574D5F 		.ascii	"PWM_WriteCompare\000"
 1441      57726974 
 1441      65436F6D 
 1441      70617265 
 1441      00
 1442              	.LASF25:
 1443 01fb 73747262 		.ascii	"strbuf\000"
 1443      756600
 1444              	.LASF2:
 1445 0202 73686F72 		.ascii	"short int\000"
 1445      7420696E 
 1445      7400
 1446              	.LASF54:
 1447 020c 433A5C55 		.ascii	"C:\\Users\\danie\\Documents\\ECE302_NavCode\\ECE302"
 1447      73657273 
 1447      5C64616E 
 1447      69655C44 
 1447      6F63756D 
 1448 023a 5F4E6176 		.ascii	"_NavProject\\Design01.cydsn\000"
 1448      50726F6A 
 1448      6563745C 
 1448      44657369 
 1448      676E3031 
 1449              	.LASF11:
 1450 0255 75696E74 		.ascii	"uint16\000"
 1450      313600
 1451              	.LASF55:
 1452 025c 6D61696E 		.ascii	"main\000"
 1452      00
 1453              	.LASF8:
 1454 0261 756E7369 		.ascii	"unsigned int\000"
 1454      676E6564 
 1454      20696E74 
 1454      00
 1455              	.LASF18:
ARM GAS  C:\Users\danie\AppData\Local\Temp\cc8uma5Z.s 			page 31


 1456 026e 73706565 		.ascii	"speed_inter\000"
 1456      645F696E 
 1456      74657200 
 1457              	.LASF7:
 1458 027a 6C6F6E67 		.ascii	"long long unsigned int\000"
 1458      206C6F6E 
 1458      6720756E 
 1458      7369676E 
 1458      65642069 
 1459              	.LASF30:
 1460 0291 73746565 		.ascii	"steeringOutput\000"
 1460      72696E67 
 1460      4F757470 
 1460      757400
 1461              	.LASF28:
 1462 02a0 73746565 		.ascii	"steeringDerivative\000"
 1462      72696E67 
 1462      44657269 
 1462      76617469 
 1462      766500
 1463              	.LASF21:
 1464 02b3 656C6170 		.ascii	"elapsed\000"
 1464      73656400 
 1465              	.LASF20:
 1466 02bb 73706565 		.ascii	"speed\000"
 1466      6400
 1467              	.LASF16:
 1468 02c1 73697A65 		.ascii	"sizetype\000"
 1468      74797065 
 1468      00
 1469              	.LASF44:
 1470 02ca 5649445F 		.ascii	"VID_TIMER_Start\000"
 1470      54494D45 
 1470      525F5374 
 1470      61727400 
 1471              	.LASF6:
 1472 02da 6C6F6E67 		.ascii	"long long int\000"
 1472      206C6F6E 
 1472      6720696E 
 1472      7400
 1473              	.LASF53:
 1474 02e8 6D61696E 		.ascii	"main.c\000"
 1474      2E6300
 1475              	.LASF14:
 1476 02ef 63686172 		.ascii	"char\000"
 1476      00
 1477              	.LASF51:
 1478 02f4 48455F49 		.ascii	"HE_ISR_SetVector\000"
 1478      53525F53 
 1478      65745665 
 1478      63746F72 
 1478      00
 1479              	.LASF32:
 1480 0305 73616D70 		.ascii	"sampledTime\000"
 1480      6C656454 
 1480      696D6500 
 1481              	.LASF49:
ARM GAS  C:\Users\danie\AppData\Local\Temp\cc8uma5Z.s 			page 32


 1482 0311 494E545F 		.ascii	"INT_SAMPLE_SetVector\000"
 1482      53414D50 
 1482      4C455F53 
 1482      65745665 
 1482      63746F72 
 1483              	.LASF41:
 1484 0326 50574D5F 		.ascii	"PWM_Start\000"
 1484      53746172 
 1484      7400
 1485              	.LASF45:
 1486 0330 53455256 		.ascii	"SERVO_PWM_Start\000"
 1486      4F5F5057 
 1486      4D5F5374 
 1486      61727400 
 1487              	.LASF4:
 1488 0340 6C6F6E67 		.ascii	"long int\000"
 1488      20696E74 
 1488      00
 1489              	.LASF42:
 1490 0349 54494D45 		.ascii	"TIMER_Start\000"
 1490      525F5374 
 1490      61727400 
 1491              	.LASF15:
 1492 0355 6C6F6E67 		.ascii	"long double\000"
 1492      20646F75 
 1492      626C6500 
 1493              	.LASF13:
 1494 0361 646F7562 		.ascii	"double\000"
 1494      6C6500
 1495              	.LASF35:
 1496 0368 55415254 		.ascii	"UART_PutString\000"
 1496      5F507574 
 1496      53747269 
 1496      6E6700
 1497              	.LASF46:
 1498 0377 56444143 		.ascii	"VDAC_Start\000"
 1498      5F537461 
 1498      727400
 1499              	.LASF47:
 1500 0382 434F4D50 		.ascii	"COMP_Start\000"
 1500      5F537461 
 1500      727400
 1501              	.LASF36:
 1502 038d 73707269 		.ascii	"sprintf\000"
 1502      6E746600 
 1503              		.ident	"GCC: (GNU Tools for ARM Embedded Processors) 5.4.1 20160609 (release) [ARM/embedded-5-bran
